File not found: /usr/local/lib/code-server-4.16.1/lib/vscode/out/vsda_bg.wasm
File not found: /usr/local/lib/code-server-4.16.1/lib/vscode/out/vsda.js
[01:43:29] Using the in-memory credential store as the operating system's credential store could not be accessed. Please see https://aka.ms/vscode-server-keyring on how to set this up. Details: Address element “/dev/null” does not contain a colon (:)
File not found: /usr/local/lib/code-server-4.16.1/lib/vscode/out/vsda_bg.wasm
File not found: /usr/local/lib/code-server-4.16.1/lib/vscode/out/vsda_bg.wasm
File not found: /usr/local/lib/code-server-4.16.1/lib/vscode/out/vsda_bg.wasm
File not found: /usr/local/lib/code-server-4.16.1/lib/vscode/out/vsda.js
[22:21:31] Using the in-memory credential store as the operating system's credential store could not be accessed. Please see https://aka.ms/vscode-server-keyring on how to set this up. Details: Address element “/dev/null” does not contain a colon (:)
File not found: /usr/local/lib/code-server-4.16.1/lib/vscode/node_modules/vscode-regexp-languagedetection/dist/index.js
File not found: /usr/local/lib/code-server-4.16.1/lib/vscode/out/vsda_bg.wasm
File not found: /usr/local/lib/code-server-4.16.1/lib/vscode/out/vsda.js
[22:32:04] Using the in-memory credential store as the operating system's credential store could not be accessed. Please see https://aka.ms/vscode-server-keyring on how to set this up. Details: Address element “/dev/null” does not contain a colon (:)
File not found: /usr/local/lib/code-server-4.16.1/lib/vscode/out/vsda_bg.wasm
[22:37:28] Using the in-memory credential store as the operating system's credential store could not be accessed. Please see https://aka.ms/vscode-server-keyring on how to set this up. Details: Address element “/dev/null” does not contain a colon (:)
File not found: /usr/local/lib/code-server-4.16.1/lib/vscode/out/vsda_bg.wasm
File not found: /usr/local/lib/code-server-4.16.1/lib/vscode/out/vsda.js
[22:38:00] Using the in-memory credential store as the operating system's credential store could not be accessed. Please see https://aka.ms/vscode-server-keyring on how to set this up. Details: Address element “/dev/null” does not contain a colon (:)
File not found: /usr/local/lib/code-server-4.16.1/lib/vscode/out/vsda_bg.wasm
File not found: /usr/local/lib/code-server-4.16.1/lib/vscode/out/vsda.js
[02:38:15] Using the in-memory credential store as the operating system's credential store could not be accessed. Please see https://aka.ms/vscode-server-keyring on how to set this up. Details: Address element “/dev/null” does not contain a colon (:)
File not found: /usr/local/lib/code-server-4.16.1/lib/vscode/out/vsda_bg.wasm
[03:02:28] RequestStore#acceptReply was called without receiving a matching request 34
[03:02:28] RequestStore#acceptReply was called without receiving a matching request 35
[03:02:28] RequestStore#acceptReply was called without receiving a matching request 36
[03:02:28] RequestStore#acceptReply was called without receiving a matching request 37
[03:02:28] RequestStore#acceptReply was called without receiving a matching request 38
[03:02:28] RequestStore#acceptReply was called without receiving a matching request 39
[03:02:28] RequestStore#acceptReply was called without receiving a matching request 40
[03:02:28] RequestStore#acceptReply was called without receiving a matching request 41
[03:02:28] RequestStore#acceptReply was called without receiving a matching request 42
[03:02:28] RequestStore#acceptReply was called without receiving a matching request 43
[03:02:28] RequestStore#acceptReply was called without receiving a matching request 44
File not found: /usr/local/lib/code-server-4.16.1/lib/vscode/out/vsda_bg.wasm
File not found: /usr/local/lib/code-server-4.16.1/lib/vscode/out/vsda.js
[03:02:49] Using the in-memory credential store as the operating system's credential store could not be accessed. Please see https://aka.ms/vscode-server-keyring on how to set this up. Details: Address element “/dev/null” does not contain a colon (:)
File not found: /usr/local/lib/code-server-4.16.1/lib/vscode/out/vsda_bg.wasm
[03:02:55] RequestStore#acceptReply was called without receiving a matching request 12
[03:02:55] RequestStore#acceptReply was called without receiving a matching request 13
[03:02:55] RequestStore#acceptReply was called without receiving a matching request 14
[03:02:55] RequestStore#acceptReply was called without receiving a matching request 15
[03:02:55] RequestStore#acceptReply was called without receiving a matching request 16
[03:02:55] RequestStore#acceptReply was called without receiving a matching request 17
[03:02:55] RequestStore#acceptReply was called without receiving a matching request 18
[03:02:55] RequestStore#acceptReply was called without receiving a matching request 19
[03:02:55] RequestStore#acceptReply was called without receiving a matching request 20
[03:02:55] RequestStore#acceptReply was called without receiving a matching request 21
[03:02:55] RequestStore#acceptReply was called without receiving a matching request 22
