2025-07-11 02:38:16.090 [info] Extension host with pid 72 started
2025-07-11 02:38:16.103 [info] Lock '/home/labsuser/.local/share/code-server/User/workspaceStorage/-3b9a340f/vscode.lock': Lock acquired.
2025-07-11 02:38:16.306 [info] ExtensionService#_doActivateExtension ms-python.python, startup: false, activationEvent: 'onLanguage:python'
2025-07-11 02:38:16.307 [info] ExtensionService#_doActivateExtension ms-toolsai.jupyter, startup: false, activationEvent: 'onLanguage:python'
2025-07-11 02:38:16.307 [info] ExtensionService#_doActivateExtension vscode.emmet, startup: false, activationEvent: 'onLanguage'
2025-07-11 02:38:17.331 [info] ExtensionService#_doActivateExtension ms-toolsai.jupyter-renderers, startup: false, activationEvent: 'api', root cause: ms-toolsai.jupyter
2025-07-11 02:38:17.388 [info] ExtensionService#_doActivateExtension ecmel.vscode-html-css, startup: true, activationEvent: '*'
2025-07-11 02:38:17.388 [info] ExtensionService#_doActivateExtension formulahendry.auto-close-tag, startup: true, activationEvent: '*'
2025-07-11 02:38:17.392 [info] ExtensionService#_doActivateExtension vscode.git-base, startup: true, activationEvent: '*', root cause: vscode.git
2025-07-11 02:38:17.392 [info] ExtensionService#_doActivateExtension synedra.auto-run-command, startup: true, activationEvent: '*'
2025-07-11 02:38:17.573 [info] ExtensionService#_doActivateExtension vscode.git, startup: true, activationEvent: '*'
2025-07-11 02:38:17.573 [info] ExtensionService#_doActivateExtension vscode.github, startup: true, activationEvent: '*'
2025-07-11 02:38:17.930 [info] Eager extensions activated
2025-07-11 02:38:17.931 [info] ExtensionService#_doActivateExtension PKief.material-icon-theme, startup: false, activationEvent: 'onStartupFinished'
2025-07-11 02:38:17.935 [info] ExtensionService#_doActivateExtension cweijan.vscode-database-client2, startup: false, activationEvent: 'onStartupFinished'
2025-07-11 02:38:17.935 [info] ExtensionService#_doActivateExtension dbaeumer.vscode-eslint, startup: false, activationEvent: 'onStartupFinished'
2025-07-11 02:38:17.935 [info] ExtensionService#_doActivateExtension vscode.debug-auto-launch, startup: false, activationEvent: 'onStartupFinished'
2025-07-11 02:38:17.935 [info] ExtensionService#_doActivateExtension vscode.merge-conflict, startup: false, activationEvent: 'onStartupFinished'
2025-07-11 02:38:18.400 [warning] [Decorations] CAPPING events from decorations provider vscode.git 278
2025-07-11 02:38:18.558 [warning] [Decorations] CAPPING events from decorations provider vscode.git 280
2025-07-11 02:38:22.702 [warning] [Decorations] CAPPING events from decorations provider vscode.git 282
2025-07-11 02:38:27.810 [warning] [Decorations] CAPPING events from decorations provider vscode.git 282
2025-07-11 02:38:32.918 [warning] [Decorations] CAPPING events from decorations provider vscode.git 282
2025-07-11 02:39:05.295 [warning] [Decorations] CAPPING events from decorations provider vscode.git 282
2025-07-11 02:39:10.397 [warning] [Decorations] CAPPING events from decorations provider vscode.git 282
2025-07-11 02:39:30.669 [warning] [Decorations] CAPPING events from decorations provider vscode.git 282
2025-07-11 02:39:42.375 [warning] [Decorations] CAPPING events from decorations provider vscode.git 282
2025-07-11 02:39:59.840 [warning] [Decorations] CAPPING events from decorations provider vscode.git 282
2025-07-11 02:40:01.290 [info] ExtensionService#_doActivateExtension vscode.github-authentication, startup: false, activationEvent: 'onAuthenticationRequest:github'
2025-07-11 02:40:04.942 [warning] [Decorations] CAPPING events from decorations provider vscode.git 283
2025-07-11 02:40:10.039 [warning] [Decorations] CAPPING events from decorations provider vscode.git 283
2025-07-11 02:40:15.136 [warning] [Decorations] CAPPING events from decorations provider vscode.git 283
2025-07-11 02:41:47.421 [warning] [Decorations] CAPPING events from decorations provider vscode.git 283
2025-07-11 02:41:48.264 [info] ExtensionService#_doActivateExtension vscode.npm, startup: false, activationEvent: 'onTerminalQuickFixRequest:ms-vscode.npm-command'
2025-07-11 02:41:52.520 [warning] [Decorations] CAPPING events from decorations provider vscode.git 283
2025-07-11 02:41:57.645 [warning] [Decorations] CAPPING events from decorations provider vscode.git 283
2025-07-11 02:42:02.769 [warning] [Decorations] CAPPING events from decorations provider vscode.git 283
2025-07-11 02:42:07.863 [warning] [Decorations] CAPPING events from decorations provider vscode.git 283
2025-07-11 02:42:12.971 [warning] [Decorations] CAPPING events from decorations provider vscode.git 283
2025-07-11 02:42:18.118 [warning] [Decorations] CAPPING events from decorations provider vscode.git 283
2025-07-11 02:42:23.213 [warning] [Decorations] CAPPING events from decorations provider vscode.git 283
2025-07-11 02:42:46.139 [warning] [Decorations] CAPPING events from decorations provider vscode.git 283
2025-07-11 02:42:51.248 [warning] [Decorations] CAPPING events from decorations provider vscode.git 283
2025-07-11 02:42:56.360 [warning] [Decorations] CAPPING events from decorations provider vscode.git 283
2025-07-11 02:43:01.460 [warning] [Decorations] CAPPING events from decorations provider vscode.git 280
2025-07-11 02:43:06.558 [warning] [Decorations] CAPPING events from decorations provider vscode.git 280
2025-07-11 02:43:11.657 [warning] [Decorations] CAPPING events from decorations provider vscode.git 280
2025-07-11 02:43:16.753 [warning] [Decorations] CAPPING events from decorations provider vscode.git 280
2025-07-11 02:43:24.667 [warning] [Decorations] CAPPING events from decorations provider vscode.git 280
2025-07-11 02:43:29.777 [warning] [Decorations] CAPPING events from decorations provider vscode.git 280
2025-07-11 02:43:34.876 [warning] [Decorations] CAPPING events from decorations provider vscode.git 280
2025-07-11 02:43:39.972 [warning] [Decorations] CAPPING events from decorations provider vscode.git 280
2025-07-11 02:43:45.078 [warning] [Decorations] CAPPING events from decorations provider vscode.git 280
2025-07-11 02:43:50.177 [warning] [Decorations] CAPPING events from decorations provider vscode.git 280
2025-07-11 02:43:55.292 [warning] [Decorations] CAPPING events from decorations provider vscode.git 280
2025-07-11 02:44:00.393 [warning] [Decorations] CAPPING events from decorations provider vscode.git 280
2025-07-11 02:44:05.494 [warning] [Decorations] CAPPING events from decorations provider vscode.git 280
2025-07-11 02:44:10.601 [warning] [Decorations] CAPPING events from decorations provider vscode.git 281
2025-07-11 02:44:15.738 [warning] [Decorations] CAPPING events from decorations provider vscode.git 281
2025-07-11 02:44:20.847 [warning] [Decorations] CAPPING events from decorations provider vscode.git 281
2025-07-11 02:44:25.970 [warning] [Decorations] CAPPING events from decorations provider vscode.git 281
2025-07-11 02:44:32.766 [warning] [Decorations] CAPPING events from decorations provider vscode.git 281
2025-07-11 02:44:37.867 [warning] [Decorations] CAPPING events from decorations provider vscode.git 281
2025-07-11 02:44:42.963 [warning] [Decorations] CAPPING events from decorations provider vscode.git 281
2025-07-11 02:44:48.061 [warning] [Decorations] CAPPING events from decorations provider vscode.git 281
2025-07-11 02:44:53.160 [warning] [Decorations] CAPPING events from decorations provider vscode.git 281
2025-07-11 02:44:58.261 [warning] [Decorations] CAPPING events from decorations provider vscode.git 281
2025-07-11 02:45:03.358 [warning] [Decorations] CAPPING events from decorations provider vscode.git 281
2025-07-11 02:45:08.464 [warning] [Decorations] CAPPING events from decorations provider vscode.git 281
2025-07-11 02:45:13.573 [warning] [Decorations] CAPPING events from decorations provider vscode.git 281
2025-07-11 02:45:18.668 [warning] [Decorations] CAPPING events from decorations provider vscode.git 281
2025-07-11 02:45:23.767 [warning] [Decorations] CAPPING events from decorations provider vscode.git 281
2025-07-11 02:45:28.866 [warning] [Decorations] CAPPING events from decorations provider vscode.git 281
2025-07-11 02:45:37.767 [warning] [Decorations] CAPPING events from decorations provider vscode.git 282
2025-07-11 02:45:46.371 [warning] [Decorations] CAPPING events from decorations provider vscode.git 282
2025-07-11 02:45:51.468 [warning] [Decorations] CAPPING events from decorations provider vscode.git 282
2025-07-11 02:45:56.581 [warning] [Decorations] CAPPING events from decorations provider vscode.git 282
2025-07-11 02:46:01.679 [warning] [Decorations] CAPPING events from decorations provider vscode.git 284
2025-07-11 02:46:06.775 [warning] [Decorations] CAPPING events from decorations provider vscode.git 284
2025-07-11 02:46:11.880 [warning] [Decorations] CAPPING events from decorations provider vscode.git 284
2025-07-11 02:46:16.987 [warning] [Decorations] CAPPING events from decorations provider vscode.git 284
2025-07-11 02:46:22.086 [warning] [Decorations] CAPPING events from decorations provider vscode.git 284
2025-07-11 02:46:27.180 [warning] [Decorations] CAPPING events from decorations provider vscode.git 284
2025-07-11 02:46:32.276 [warning] [Decorations] CAPPING events from decorations provider vscode.git 286
2025-07-11 02:46:37.363 [warning] [Decorations] CAPPING events from decorations provider vscode.git 286
2025-07-11 02:46:42.449 [warning] [Decorations] CAPPING events from decorations provider vscode.git 288
2025-07-11 02:46:47.542 [warning] [Decorations] CAPPING events from decorations provider vscode.git 288
2025-07-11 02:46:52.627 [warning] [Decorations] CAPPING events from decorations provider vscode.git 288
2025-07-11 02:46:57.712 [warning] [Decorations] CAPPING events from decorations provider vscode.git 288
2025-07-11 02:47:02.795 [warning] [Decorations] CAPPING events from decorations provider vscode.git 288
2025-07-11 02:47:07.880 [warning] [Decorations] CAPPING events from decorations provider vscode.git 288
2025-07-11 02:47:12.978 [warning] [Decorations] CAPPING events from decorations provider vscode.git 288
2025-07-11 02:47:18.065 [warning] [Decorations] CAPPING events from decorations provider vscode.git 288
2025-07-11 02:47:23.164 [warning] [Decorations] CAPPING events from decorations provider vscode.git 288
2025-07-11 02:47:28.260 [warning] [Decorations] CAPPING events from decorations provider vscode.git 288
2025-07-11 02:47:33.349 [warning] [Decorations] CAPPING events from decorations provider vscode.git 288
2025-07-11 02:48:02.746 [warning] [Decorations] CAPPING events from decorations provider vscode.git 288
2025-07-11 02:48:07.836 [warning] [Decorations] CAPPING events from decorations provider vscode.git 288
2025-07-11 02:48:12.943 [warning] [Decorations] CAPPING events from decorations provider vscode.git 288
2025-07-11 02:48:18.049 [warning] [Decorations] CAPPING events from decorations provider vscode.git 288
2025-07-11 02:59:21.809 [error] {"message":"Failed to execute git","stderr":"fatal: not a git repository (or any parent up to mount point /home)\nStopping at filesystem boundary (GIT_DISCOVERY_ACROSS_FILESYSTEM not set).\n","exitCode":128,"gitErrorCode":"NotAGitRepository","gitCommand":"status","gitArgs":["status","-z","-uall"]}
2025-07-11 02:59:33.107 [warning] [Decorations] CAPPING events from decorations provider vscode.git 288
2025-07-11 02:59:33.203 [warning] [Decorations] CAPPING events from decorations provider vscode.git 288
2025-07-11 02:59:35.870 [warning] [Decorations] CAPPING events from decorations provider vscode.git 288
2025-07-11 02:59:40.943 [warning] [Decorations] CAPPING events from decorations provider vscode.git 288
2025-07-11 03:00:07.924 [warning] [Decorations] CAPPING events from decorations provider vscode.git 288
2025-07-11 03:00:12.999 [warning] [Decorations] CAPPING events from decorations provider vscode.git 288
2025-07-11 03:00:28.850 [warning] [Decorations] CAPPING events from decorations provider vscode.git 288
2025-07-11 03:00:33.924 [warning] [Decorations] CAPPING events from decorations provider vscode.git 288
2025-07-11 03:00:39.013 [warning] [Decorations] CAPPING events from decorations provider vscode.git 288
2025-07-11 03:01:04.352 [warning] [Decorations] CAPPING events from decorations provider vscode.git 288
2025-07-11 03:01:09.439 [warning] [Decorations] CAPPING events from decorations provider vscode.git 288
2025-07-11 03:01:14.516 [warning] [Decorations] CAPPING events from decorations provider vscode.git 288
2025-07-11 03:01:19.614 [warning] [Decorations] CAPPING events from decorations provider vscode.git 288
2025-07-11 03:01:24.697 [warning] [Decorations] CAPPING events from decorations provider vscode.git 288
2025-07-11 03:01:29.774 [warning] [Decorations] CAPPING events from decorations provider vscode.git 288
2025-07-11 03:01:34.940 [warning] [Decorations] CAPPING events from decorations provider vscode.git 288
2025-07-11 03:01:40.044 [warning] [Decorations] CAPPING events from decorations provider vscode.git 288
