2025-07-10 22:38:02.219 [info] Extension host with pid 86 started
2025-07-10 22:38:02.241 [info] Lock '/home/labsuser/.local/share/code-server/User/workspaceStorage/-3b9a340f/vscode.lock': Lock acquired.
2025-07-10 22:38:02.355 [info] ExtensionService#_doActivateExtension ecmel.vscode-html-css, startup: true, activationEvent: '*'
2025-07-10 22:38:02.355 [info] ExtensionService#_doActivateExtension formulahendry.auto-close-tag, startup: true, activationEvent: '*'
2025-07-10 22:38:02.359 [info] ExtensionService#_doActivateExtension vscode.git-base, startup: true, activationEvent: '*', root cause: vscode.git
2025-07-10 22:38:02.359 [info] ExtensionService#_doActivateExtension synedra.auto-run-command, startup: true, activationEvent: '*'
2025-07-10 22:38:02.505 [info] ExtensionService#_doActivateExtension vscode.git, startup: true, activationEvent: '*'
2025-07-10 22:38:02.506 [info] ExtensionService#_doActivateExtension vscode.github, startup: true, activationEvent: '*'
2025-07-10 22:38:02.728 [info] Eager extensions activated
2025-07-10 22:38:02.728 [info] ExtensionService#_doActivateExtension PKief.material-icon-theme, startup: false, activationEvent: 'onStartupFinished'
2025-07-10 22:38:02.732 [info] ExtensionService#_doActivateExtension cweijan.vscode-database-client2, startup: false, activationEvent: 'onStartupFinished'
2025-07-10 22:38:02.732 [info] ExtensionService#_doActivateExtension dbaeumer.vscode-eslint, startup: false, activationEvent: 'onStartupFinished'
2025-07-10 22:38:02.737 [info] ExtensionService#_doActivateExtension vscode.debug-auto-launch, startup: false, activationEvent: 'onStartupFinished'
2025-07-10 22:38:02.737 [info] ExtensionService#_doActivateExtension vscode.merge-conflict, startup: false, activationEvent: 'onStartupFinished'
2025-07-10 22:38:21.042 [info] ExtensionService#_doActivateExtension ms-python.python, startup: false, activationEvent: 'onLanguage:python'
2025-07-10 22:38:21.044 [info] ExtensionService#_doActivateExtension ms-toolsai.jupyter, startup: false, activationEvent: 'onLanguage:python'
2025-07-10 22:38:21.048 [info] ExtensionService#_doActivateExtension vscode.emmet, startup: false, activationEvent: 'onLanguage'
2025-07-10 22:38:21.780 [info] ExtensionService#_doActivateExtension ms-toolsai.jupyter-renderers, startup: false, activationEvent: 'api', root cause: ms-toolsai.jupyter
2025-07-10 22:59:19.082 [info] ExtensionService#_doActivateExtension vscode.extension-editing, startup: false, activationEvent: 'onLanguage:json'
2025-07-10 22:59:19.084 [info] ExtensionService#_doActivateExtension vscode.json-language-features, startup: false, activationEvent: 'onLanguage:json'
2025-07-10 22:59:19.088 [info] ExtensionService#_doActivateExtension vscode.npm, startup: false, activationEvent: 'onLanguage:json'
2025-07-10 23:54:40.526 [info] ExtensionService#_doActivateExtension vscode.github-authentication, startup: false, activationEvent: 'onAuthenticationRequest:github'
2025-07-11 01:22:08.700 [warning] [Decorations] CAPPING events from decorations provider vscode.git 252
2025-07-11 01:22:13.794 [warning] [Decorations] CAPPING events from decorations provider vscode.git 252
2025-07-11 01:22:18.881 [warning] [Decorations] CAPPING events from decorations provider vscode.git 252
2025-07-11 01:22:23.976 [warning] [Decorations] CAPPING events from decorations provider vscode.git 252
2025-07-11 01:22:29.067 [warning] [Decorations] CAPPING events from decorations provider vscode.git 252
2025-07-11 01:22:34.155 [warning] [Decorations] CAPPING events from decorations provider vscode.git 252
2025-07-11 01:22:39.247 [warning] [Decorations] CAPPING events from decorations provider vscode.git 252
2025-07-11 01:22:44.337 [warning] [Decorations] CAPPING events from decorations provider vscode.git 252
2025-07-11 01:22:49.433 [warning] [Decorations] CAPPING events from decorations provider vscode.git 252
2025-07-11 01:22:54.526 [warning] [Decorations] CAPPING events from decorations provider vscode.git 254
2025-07-11 01:22:59.624 [warning] [Decorations] CAPPING events from decorations provider vscode.git 254
2025-07-11 01:23:04.714 [warning] [Decorations] CAPPING events from decorations provider vscode.git 254
2025-07-11 01:23:09.806 [warning] [Decorations] CAPPING events from decorations provider vscode.git 254
2025-07-11 01:23:18.251 [warning] [Decorations] CAPPING events from decorations provider vscode.git 254
2025-07-11 01:23:23.338 [warning] [Decorations] CAPPING events from decorations provider vscode.git 251
2025-07-11 01:23:28.428 [warning] [Decorations] CAPPING events from decorations provider vscode.git 251
2025-07-11 01:23:33.526 [warning] [Decorations] CAPPING events from decorations provider vscode.git 251
2025-07-11 01:23:38.614 [warning] [Decorations] CAPPING events from decorations provider vscode.git 251
2025-07-11 01:23:43.704 [warning] [Decorations] CAPPING events from decorations provider vscode.git 251
2025-07-11 01:25:31.850 [warning] [Decorations] CAPPING events from decorations provider vscode.git 251
2025-07-11 01:27:15.558 [warning] [Decorations] CAPPING events from decorations provider vscode.git 251
2025-07-11 01:27:20.651 [warning] [Decorations] CAPPING events from decorations provider vscode.git 251
2025-07-11 01:27:25.760 [warning] [Decorations] CAPPING events from decorations provider vscode.git 251
2025-07-11 01:27:30.884 [warning] [Decorations] CAPPING events from decorations provider vscode.git 251
2025-07-11 01:27:35.984 [warning] [Decorations] CAPPING events from decorations provider vscode.git 251
2025-07-11 01:27:41.076 [warning] [Decorations] CAPPING events from decorations provider vscode.git 251
2025-07-11 01:27:46.177 [warning] [Decorations] CAPPING events from decorations provider vscode.git 251
2025-07-11 01:27:51.282 [warning] [Decorations] CAPPING events from decorations provider vscode.git 252
2025-07-11 01:27:56.377 [warning] [Decorations] CAPPING events from decorations provider vscode.git 252
2025-07-11 01:28:01.469 [warning] [Decorations] CAPPING events from decorations provider vscode.git 252
2025-07-11 01:28:06.647 [warning] [Decorations] CAPPING events from decorations provider vscode.git 252
2025-07-11 01:28:11.795 [warning] [Decorations] CAPPING events from decorations provider vscode.git 252
2025-07-11 01:28:16.883 [warning] [Decorations] CAPPING events from decorations provider vscode.git 252
2025-07-11 01:28:21.974 [warning] [Decorations] CAPPING events from decorations provider vscode.git 252
2025-07-11 01:28:27.086 [warning] [Decorations] CAPPING events from decorations provider vscode.git 252
2025-07-11 01:28:37.919 [warning] [Decorations] CAPPING events from decorations provider vscode.git 252
2025-07-11 01:28:43.013 [warning] [Decorations] CAPPING events from decorations provider vscode.git 252
2025-07-11 01:28:48.099 [warning] [Decorations] CAPPING events from decorations provider vscode.git 252
2025-07-11 01:28:53.197 [warning] [Decorations] CAPPING events from decorations provider vscode.git 252
2025-07-11 01:28:58.295 [warning] [Decorations] CAPPING events from decorations provider vscode.git 252
2025-07-11 01:29:03.397 [warning] [Decorations] CAPPING events from decorations provider vscode.git 252
2025-07-11 01:29:08.510 [warning] [Decorations] CAPPING events from decorations provider vscode.git 252
2025-07-11 01:29:13.603 [warning] [Decorations] CAPPING events from decorations provider vscode.git 252
2025-07-11 01:29:18.691 [warning] [Decorations] CAPPING events from decorations provider vscode.git 252
2025-07-11 01:29:56.087 [warning] [Decorations] CAPPING events from decorations provider vscode.git 252
2025-07-11 01:30:01.175 [warning] [Decorations] CAPPING events from decorations provider vscode.git 252
2025-07-11 01:30:06.279 [warning] [Decorations] CAPPING events from decorations provider vscode.git 252
2025-07-11 01:30:15.166 [warning] [Decorations] CAPPING events from decorations provider vscode.git 252
2025-07-11 01:30:20.263 [warning] [Decorations] CAPPING events from decorations provider vscode.git 253
2025-07-11 01:30:25.348 [warning] [Decorations] CAPPING events from decorations provider vscode.git 253
2025-07-11 01:30:30.436 [warning] [Decorations] CAPPING events from decorations provider vscode.git 253
2025-07-11 01:30:35.523 [warning] [Decorations] CAPPING events from decorations provider vscode.git 253
2025-07-11 01:30:40.613 [warning] [Decorations] CAPPING events from decorations provider vscode.git 253
2025-07-11 01:30:45.708 [warning] [Decorations] CAPPING events from decorations provider vscode.git 253
2025-07-11 01:30:50.804 [warning] [Decorations] CAPPING events from decorations provider vscode.git 253
2025-07-11 01:30:56.365 [warning] [Decorations] CAPPING events from decorations provider vscode.git 253
2025-07-11 01:31:01.459 [warning] [Decorations] CAPPING events from decorations provider vscode.git 253
2025-07-11 01:31:06.548 [warning] [Decorations] CAPPING events from decorations provider vscode.git 253
2025-07-11 01:31:41.928 [warning] [Decorations] CAPPING events from decorations provider vscode.git 253
2025-07-11 01:31:47.020 [warning] [Decorations] CAPPING events from decorations provider vscode.git 253
2025-07-11 01:31:52.108 [warning] [Decorations] CAPPING events from decorations provider vscode.git 253
2025-07-11 01:31:57.193 [warning] [Decorations] CAPPING events from decorations provider vscode.git 253
2025-07-11 01:32:02.282 [warning] [Decorations] CAPPING events from decorations provider vscode.git 253
2025-07-11 01:32:07.381 [warning] [Decorations] CAPPING events from decorations provider vscode.git 253
2025-07-11 01:32:12.472 [warning] [Decorations] CAPPING events from decorations provider vscode.git 253
2025-07-11 01:32:17.559 [warning] [Decorations] CAPPING events from decorations provider vscode.git 253
2025-07-11 01:32:22.656 [warning] [Decorations] CAPPING events from decorations provider vscode.git 253
2025-07-11 01:32:29.349 [warning] [Decorations] CAPPING events from decorations provider vscode.git 253
2025-07-11 01:32:34.437 [warning] [Decorations] CAPPING events from decorations provider vscode.git 253
2025-07-11 01:32:39.531 [warning] [Decorations] CAPPING events from decorations provider vscode.git 253
2025-07-11 01:32:44.622 [warning] [Decorations] CAPPING events from decorations provider vscode.git 253
2025-07-11 01:32:49.711 [warning] [Decorations] CAPPING events from decorations provider vscode.git 253
2025-07-11 01:32:54.799 [warning] [Decorations] CAPPING events from decorations provider vscode.git 253
2025-07-11 01:32:59.889 [warning] [Decorations] CAPPING events from decorations provider vscode.git 253
2025-07-11 01:33:04.979 [warning] [Decorations] CAPPING events from decorations provider vscode.git 253
2025-07-11 01:33:10.069 [warning] [Decorations] CAPPING events from decorations provider vscode.git 253
2025-07-11 01:33:15.156 [warning] [Decorations] CAPPING events from decorations provider vscode.git 253
2025-07-11 01:33:20.242 [warning] [Decorations] CAPPING events from decorations provider vscode.git 253
2025-07-11 01:33:25.380 [warning] [Decorations] CAPPING events from decorations provider vscode.git 253
2025-07-11 01:33:30.471 [warning] [Decorations] CAPPING events from decorations provider vscode.git 253
2025-07-11 01:33:35.564 [warning] [Decorations] CAPPING events from decorations provider vscode.git 253
2025-07-11 01:33:40.655 [warning] [Decorations] CAPPING events from decorations provider vscode.git 253
2025-07-11 01:33:45.752 [warning] [Decorations] CAPPING events from decorations provider vscode.git 253
2025-07-11 01:33:50.840 [warning] [Decorations] CAPPING events from decorations provider vscode.git 253
2025-07-11 01:33:55.928 [warning] [Decorations] CAPPING events from decorations provider vscode.git 253
2025-07-11 01:34:01.380 [warning] [Decorations] CAPPING events from decorations provider vscode.git 253
2025-07-11 01:35:03.589 [warning] [Decorations] CAPPING events from decorations provider vscode.git 253
2025-07-11 01:35:08.682 [warning] [Decorations] CAPPING events from decorations provider vscode.git 253
2025-07-11 01:35:13.780 [warning] [Decorations] CAPPING events from decorations provider vscode.git 253
2025-07-11 01:35:58.681 [warning] [Decorations] CAPPING events from decorations provider vscode.git 253
2025-07-11 01:36:03.797 [warning] [Decorations] CAPPING events from decorations provider vscode.git 253
2025-07-11 01:36:11.411 [warning] [Decorations] CAPPING events from decorations provider vscode.git 253
2025-07-11 01:36:16.520 [warning] [Decorations] CAPPING events from decorations provider vscode.git 254
2025-07-11 01:36:25.898 [warning] [Decorations] CAPPING events from decorations provider vscode.git 254
2025-07-11 01:36:31.006 [warning] [Decorations] CAPPING events from decorations provider vscode.git 254
2025-07-11 01:36:50.422 [warning] [Decorations] CAPPING events from decorations provider vscode.git 254
2025-07-11 01:36:55.518 [warning] [Decorations] CAPPING events from decorations provider vscode.git 254
2025-07-11 01:37:00.613 [warning] [Decorations] CAPPING events from decorations provider vscode.git 254
2025-07-11 01:37:55.751 [warning] [Decorations] CAPPING events from decorations provider vscode.git 254
2025-07-11 01:38:00.855 [warning] [Decorations] CAPPING events from decorations provider vscode.git 254
2025-07-11 01:38:05.950 [warning] [Decorations] CAPPING events from decorations provider vscode.git 254
2025-07-11 01:38:11.057 [warning] [Decorations] CAPPING events from decorations provider vscode.git 254
2025-07-11 01:38:19.223 [warning] [Decorations] CAPPING events from decorations provider vscode.git 254
2025-07-11 01:38:24.324 [warning] [Decorations] CAPPING events from decorations provider vscode.git 254
2025-07-11 01:38:34.703 [warning] [Decorations] CAPPING events from decorations provider vscode.git 254
2025-07-11 01:38:39.796 [warning] [Decorations] CAPPING events from decorations provider vscode.git 254
2025-07-11 01:38:45.425 [warning] [Decorations] CAPPING events from decorations provider vscode.git 254
2025-07-11 01:38:50.520 [warning] [Decorations] CAPPING events from decorations provider vscode.git 254
2025-07-11 01:38:55.616 [warning] [Decorations] CAPPING events from decorations provider vscode.git 254
2025-07-11 01:39:46.975 [warning] [Decorations] CAPPING events from decorations provider vscode.git 254
2025-07-11 01:39:52.067 [warning] [Decorations] CAPPING events from decorations provider vscode.git 254
2025-07-11 01:39:57.155 [warning] [Decorations] CAPPING events from decorations provider vscode.git 254
2025-07-11 01:40:02.251 [warning] [Decorations] CAPPING events from decorations provider vscode.git 254
2025-07-11 01:40:07.345 [warning] [Decorations] CAPPING events from decorations provider vscode.git 254
2025-07-11 01:40:45.805 [warning] [Decorations] CAPPING events from decorations provider vscode.git 254
2025-07-11 01:40:50.905 [warning] [Decorations] CAPPING events from decorations provider vscode.git 254
2025-07-11 01:40:55.997 [warning] [Decorations] CAPPING events from decorations provider vscode.git 254
2025-07-11 01:41:01.092 [warning] [Decorations] CAPPING events from decorations provider vscode.git 254
2025-07-11 01:41:06.191 [warning] [Decorations] CAPPING events from decorations provider vscode.git 254
2025-07-11 01:41:11.283 [warning] [Decorations] CAPPING events from decorations provider vscode.git 254
2025-07-11 01:41:16.385 [warning] [Decorations] CAPPING events from decorations provider vscode.git 254
2025-07-11 01:41:21.473 [warning] [Decorations] CAPPING events from decorations provider vscode.git 254
2025-07-11 01:41:26.567 [warning] [Decorations] CAPPING events from decorations provider vscode.git 254
2025-07-11 01:41:31.666 [warning] [Decorations] CAPPING events from decorations provider vscode.git 254
2025-07-11 01:41:36.756 [warning] [Decorations] CAPPING events from decorations provider vscode.git 254
2025-07-11 01:41:41.875 [warning] [Decorations] CAPPING events from decorations provider vscode.git 254
2025-07-11 01:45:50.777 [warning] [Decorations] CAPPING events from decorations provider vscode.git 254
2025-07-11 01:45:55.875 [warning] [Decorations] CAPPING events from decorations provider vscode.git 254
2025-07-11 01:46:02.503 [warning] [Decorations] CAPPING events from decorations provider vscode.git 254
2025-07-11 01:46:07.601 [warning] [Decorations] CAPPING events from decorations provider vscode.git 254
2025-07-11 01:46:12.696 [warning] [Decorations] CAPPING events from decorations provider vscode.git 254
2025-07-11 01:46:17.794 [warning] [Decorations] CAPPING events from decorations provider vscode.git 254
2025-07-11 01:46:22.891 [warning] [Decorations] CAPPING events from decorations provider vscode.git 259
2025-07-11 01:46:27.983 [warning] [Decorations] CAPPING events from decorations provider vscode.git 259
2025-07-11 01:46:33.072 [warning] [Decorations] CAPPING events from decorations provider vscode.git 259
2025-07-11 01:46:38.177 [warning] [Decorations] CAPPING events from decorations provider vscode.git 259
2025-07-11 01:46:43.266 [warning] [Decorations] CAPPING events from decorations provider vscode.git 261
2025-07-11 01:46:51.503 [warning] [Decorations] CAPPING events from decorations provider vscode.git 261
2025-07-11 01:46:56.587 [warning] [Decorations] CAPPING events from decorations provider vscode.git 261
2025-07-11 01:47:02.503 [warning] [Decorations] CAPPING events from decorations provider vscode.git 261
2025-07-11 01:47:07.589 [warning] [Decorations] CAPPING events from decorations provider vscode.git 263
2025-07-11 01:47:12.677 [warning] [Decorations] CAPPING events from decorations provider vscode.git 263
2025-07-11 01:47:17.762 [warning] [Decorations] CAPPING events from decorations provider vscode.git 263
2025-07-11 01:47:22.873 [warning] [Decorations] CAPPING events from decorations provider vscode.git 263
2025-07-11 01:47:28.022 [warning] [Decorations] CAPPING events from decorations provider vscode.git 263
2025-07-11 01:47:35.502 [warning] [Decorations] CAPPING events from decorations provider vscode.git 265
2025-07-11 01:47:40.591 [warning] [Decorations] CAPPING events from decorations provider vscode.git 266
2025-07-11 01:47:45.679 [warning] [Decorations] CAPPING events from decorations provider vscode.git 266
2025-07-11 01:47:50.763 [warning] [Decorations] CAPPING events from decorations provider vscode.git 266
2025-07-11 01:47:56.500 [warning] [Decorations] CAPPING events from decorations provider vscode.git 266
2025-07-11 01:48:01.588 [warning] [Decorations] CAPPING events from decorations provider vscode.git 266
2025-07-11 01:48:06.679 [warning] [Decorations] CAPPING events from decorations provider vscode.git 266
2025-07-11 01:48:11.761 [warning] [Decorations] CAPPING events from decorations provider vscode.git 266
2025-07-11 01:48:16.846 [warning] [Decorations] CAPPING events from decorations provider vscode.git 266
2025-07-11 01:48:21.988 [warning] [Decorations] CAPPING events from decorations provider vscode.git 266
2025-07-11 01:48:27.090 [warning] [Decorations] CAPPING events from decorations provider vscode.git 263
2025-07-11 01:48:32.191 [warning] [Decorations] CAPPING events from decorations provider vscode.git 263
2025-07-11 01:48:37.283 [warning] [Decorations] CAPPING events from decorations provider vscode.git 263
2025-07-11 01:48:42.373 [warning] [Decorations] CAPPING events from decorations provider vscode.git 263
2025-07-11 01:48:47.470 [warning] [Decorations] CAPPING events from decorations provider vscode.git 263
2025-07-11 01:48:52.567 [warning] [Decorations] CAPPING events from decorations provider vscode.git 263
2025-07-11 01:48:57.655 [warning] [Decorations] CAPPING events from decorations provider vscode.git 263
2025-07-11 01:49:02.748 [warning] [Decorations] CAPPING events from decorations provider vscode.git 263
2025-07-11 01:49:07.840 [warning] [Decorations] CAPPING events from decorations provider vscode.git 263
2025-07-11 01:49:12.935 [warning] [Decorations] CAPPING events from decorations provider vscode.git 263
2025-07-11 01:49:18.025 [warning] [Decorations] CAPPING events from decorations provider vscode.git 263
2025-07-11 01:49:23.121 [warning] [Decorations] CAPPING events from decorations provider vscode.git 263
2025-07-11 01:49:28.213 [warning] [Decorations] CAPPING events from decorations provider vscode.git 263
2025-07-11 01:49:33.300 [warning] [Decorations] CAPPING events from decorations provider vscode.git 263
2025-07-11 01:49:38.384 [warning] [Decorations] CAPPING events from decorations provider vscode.git 263
2025-07-11 01:49:43.475 [warning] [Decorations] CAPPING events from decorations provider vscode.git 263
2025-07-11 01:49:48.569 [warning] [Decorations] CAPPING events from decorations provider vscode.git 263
2025-07-11 01:49:53.660 [warning] [Decorations] CAPPING events from decorations provider vscode.git 263
2025-07-11 01:49:58.753 [warning] [Decorations] CAPPING events from decorations provider vscode.git 263
2025-07-11 01:50:03.859 [warning] [Decorations] CAPPING events from decorations provider vscode.git 263
2025-07-11 01:50:09.002 [warning] [Decorations] CAPPING events from decorations provider vscode.git 263
2025-07-11 01:50:52.855 [warning] [Decorations] CAPPING events from decorations provider vscode.git 263
2025-07-11 01:50:57.943 [warning] [Decorations] CAPPING events from decorations provider vscode.git 263
2025-07-11 01:54:25.807 [warning] [Decorations] CAPPING events from decorations provider vscode.git 263
2025-07-11 01:54:30.894 [warning] [Decorations] CAPPING events from decorations provider vscode.git 263
2025-07-11 01:54:35.982 [warning] [Decorations] CAPPING events from decorations provider vscode.git 263
2025-07-11 01:54:41.071 [warning] [Decorations] CAPPING events from decorations provider vscode.git 263
2025-07-11 02:23:46.256 [warning] [Decorations] CAPPING events from decorations provider vscode.git 263
2025-07-11 02:23:51.373 [warning] [Decorations] CAPPING events from decorations provider vscode.git 265
2025-07-11 02:24:08.214 [warning] [Decorations] CAPPING events from decorations provider vscode.git 265
2025-07-11 02:24:13.339 [warning] [Decorations] CAPPING events from decorations provider vscode.git 267
2025-07-11 02:24:20.963 [warning] [Decorations] CAPPING events from decorations provider vscode.git 267
2025-07-11 02:24:26.092 [warning] [Decorations] CAPPING events from decorations provider vscode.git 271
2025-07-11 02:24:33.945 [warning] [Decorations] CAPPING events from decorations provider vscode.git 271
2025-07-11 02:24:41.288 [warning] [Decorations] CAPPING events from decorations provider vscode.git 271
2025-07-11 02:24:46.403 [warning] [Decorations] CAPPING events from decorations provider vscode.git 271
2025-07-11 02:24:51.519 [warning] [Decorations] CAPPING events from decorations provider vscode.git 271
2025-07-11 02:24:56.640 [warning] [Decorations] CAPPING events from decorations provider vscode.git 271
2025-07-11 02:25:01.780 [warning] [Decorations] CAPPING events from decorations provider vscode.git 271
2025-07-11 02:25:06.894 [warning] [Decorations] CAPPING events from decorations provider vscode.git 271
2025-07-11 02:25:12.011 [warning] [Decorations] CAPPING events from decorations provider vscode.git 271
2025-07-11 02:25:17.123 [warning] [Decorations] CAPPING events from decorations provider vscode.git 271
2025-07-11 02:25:22.241 [warning] [Decorations] CAPPING events from decorations provider vscode.git 271
2025-07-11 02:25:27.362 [warning] [Decorations] CAPPING events from decorations provider vscode.git 271
2025-07-11 02:25:32.494 [warning] [Decorations] CAPPING events from decorations provider vscode.git 271
2025-07-11 02:25:37.612 [warning] [Decorations] CAPPING events from decorations provider vscode.git 271
2025-07-11 02:25:42.731 [warning] [Decorations] CAPPING events from decorations provider vscode.git 271
2025-07-11 02:25:47.854 [warning] [Decorations] CAPPING events from decorations provider vscode.git 271
2025-07-11 02:25:52.981 [warning] [Decorations] CAPPING events from decorations provider vscode.git 271
2025-07-11 02:25:58.112 [warning] [Decorations] CAPPING events from decorations provider vscode.git 271
2025-07-11 02:26:03.281 [warning] [Decorations] CAPPING events from decorations provider vscode.git 271
2025-07-11 02:26:08.395 [warning] [Decorations] CAPPING events from decorations provider vscode.git 271
2025-07-11 02:26:13.506 [warning] [Decorations] CAPPING events from decorations provider vscode.git 271
2025-07-11 02:26:18.622 [warning] [Decorations] CAPPING events from decorations provider vscode.git 271
2025-07-11 02:26:23.741 [warning] [Decorations] CAPPING events from decorations provider vscode.git 271
2025-07-11 02:26:28.855 [warning] [Decorations] CAPPING events from decorations provider vscode.git 271
2025-07-11 02:26:34.048 [warning] [Decorations] CAPPING events from decorations provider vscode.git 271
2025-07-11 02:26:39.136 [warning] [Decorations] CAPPING events from decorations provider vscode.git 271
2025-07-11 02:26:44.236 [warning] [Decorations] CAPPING events from decorations provider vscode.git 271
2025-07-11 02:26:49.317 [warning] [Decorations] CAPPING events from decorations provider vscode.git 271
2025-07-11 02:28:10.849 [warning] [Decorations] CAPPING events from decorations provider vscode.git 271
2025-07-11 02:28:15.940 [warning] [Decorations] CAPPING events from decorations provider vscode.git 271
2025-07-11 02:28:21.063 [warning] [Decorations] CAPPING events from decorations provider vscode.git 271
2025-07-11 02:28:26.156 [warning] [Decorations] CAPPING events from decorations provider vscode.git 271
2025-07-11 02:28:31.242 [warning] [Decorations] CAPPING events from decorations provider vscode.git 271
2025-07-11 02:28:36.331 [warning] [Decorations] CAPPING events from decorations provider vscode.git 271
2025-07-11 02:28:41.424 [warning] [Decorations] CAPPING events from decorations provider vscode.git 271
2025-07-11 02:28:46.519 [warning] [Decorations] CAPPING events from decorations provider vscode.git 271
2025-07-11 02:28:51.608 [warning] [Decorations] CAPPING events from decorations provider vscode.git 271
2025-07-11 02:28:56.700 [warning] [Decorations] CAPPING events from decorations provider vscode.git 271
2025-07-11 02:29:01.811 [warning] [Decorations] CAPPING events from decorations provider vscode.git 271
2025-07-11 02:29:06.895 [warning] [Decorations] CAPPING events from decorations provider vscode.git 271
2025-07-11 02:29:11.993 [warning] [Decorations] CAPPING events from decorations provider vscode.git 271
2025-07-11 02:29:17.076 [warning] [Decorations] CAPPING events from decorations provider vscode.git 271
2025-07-11 02:29:22.169 [warning] [Decorations] CAPPING events from decorations provider vscode.git 271
2025-07-11 02:29:27.274 [warning] [Decorations] CAPPING events from decorations provider vscode.git 271
2025-07-11 02:29:32.368 [warning] [Decorations] CAPPING events from decorations provider vscode.git 271
2025-07-11 02:29:37.495 [warning] [Decorations] CAPPING events from decorations provider vscode.git 271
2025-07-11 02:29:42.584 [warning] [Decorations] CAPPING events from decorations provider vscode.git 271
2025-07-11 02:30:37.058 [warning] [Decorations] CAPPING events from decorations provider vscode.git 271
2025-07-11 02:30:42.159 [warning] [Decorations] CAPPING events from decorations provider vscode.git 271
2025-07-11 02:31:31.713 [warning] [Decorations] CAPPING events from decorations provider vscode.git 271
2025-07-11 02:31:36.807 [warning] [Decorations] CAPPING events from decorations provider vscode.git 271
2025-07-11 02:31:41.910 [warning] [Decorations] CAPPING events from decorations provider vscode.git 271
2025-07-11 02:32:27.745 [warning] [Decorations] CAPPING events from decorations provider vscode.git 271
2025-07-11 02:32:32.831 [warning] [Decorations] CAPPING events from decorations provider vscode.git 271
2025-07-11 02:32:57.408 [warning] [Decorations] CAPPING events from decorations provider vscode.git 271
2025-07-11 02:33:02.497 [warning] [Decorations] CAPPING events from decorations provider vscode.git 271
2025-07-11 02:33:13.421 [warning] [Decorations] CAPPING events from decorations provider vscode.git 271
2025-07-11 02:33:18.516 [warning] [Decorations] CAPPING events from decorations provider vscode.git 271
2025-07-11 02:33:23.603 [warning] [Decorations] CAPPING events from decorations provider vscode.git 271
2025-07-11 02:33:28.694 [warning] [Decorations] CAPPING events from decorations provider vscode.git 271
2025-07-11 02:34:29.338 [warning] [Decorations] CAPPING events from decorations provider vscode.git 271
2025-07-11 02:34:34.422 [warning] [Decorations] CAPPING events from decorations provider vscode.git 271
2025-07-11 02:34:40.012 [warning] [Decorations] CAPPING events from decorations provider vscode.git 271
2025-07-11 02:34:54.457 [warning] [Decorations] CAPPING events from decorations provider vscode.git 271
2025-07-11 02:37:30.141 [warning] [Decorations] CAPPING events from decorations provider vscode.git 271
2025-07-11 02:37:35.235 [warning] [Decorations] CAPPING events from decorations provider vscode.git 271
2025-07-11 02:37:50.280 [warning] [Decorations] CAPPING events from decorations provider vscode.git 271
2025-07-11 02:37:55.372 [warning] [Decorations] CAPPING events from decorations provider vscode.git 271
2025-07-11 02:37:59.086 [info] Extension host terminating: received terminate message from renderer
2025-07-11 02:37:59.087 [info] Lock '/home/labsuser/.local/share/code-server/User/workspaceStorage/-3b9a340f/vscode.lock': Marking the lockfile as scheduled to be released in 6000 ms.
2025-07-11 02:37:59.117 [error] Canceled: Canceled
	at new h (/usr/local/lib/code-server-4.16.1/lib/vscode/out/vs/workbench/api/node/extensionHostProcess.js:99:42413)
	at t.O (/usr/local/lib/code-server-4.16.1/lib/vscode/out/vs/workbench/api/node/extensionHostProcess.js:111:11236)
	at Proxy.U.<computed>.q.charCodeAt.U.<computed> (/usr/local/lib/code-server-4.16.1/lib/vscode/out/vs/workbench/api/node/extensionHostProcess.js:111:8675)
	at e.$wL.g (/usr/local/lib/code-server-4.16.1/lib/vscode/out/vs/workbench/api/node/extensionHostProcess.js:99:63549)
	at e.$wL.executeCommand (/usr/local/lib/code-server-4.16.1/lib/vscode/out/vs/workbench/api/node/extensionHostProcess.js:99:62973)
	at P.registerCommand.description (/usr/local/lib/code-server-4.16.1/lib/vscode/out/vs/workbench/api/node/extensionHostProcess.js:99:62280)
	at e.$wL.h (/usr/local/lib/code-server-4.16.1/lib/vscode/out/vs/workbench/api/node/extensionHostProcess.js:99:64085)
	at e.$wL.g (/usr/local/lib/code-server-4.16.1/lib/vscode/out/vs/workbench/api/node/extensionHostProcess.js:99:63073)
	at e.$wL.executeCommand (/usr/local/lib/code-server-4.16.1/lib/vscode/out/vs/workbench/api/node/extensionHostProcess.js:99:62973)
	at Object.executeCommand (/usr/local/lib/code-server-4.16.1/lib/vscode/out/vs/workbench/api/node/extensionHostProcess.js:117:20970)
	at i.D [as value] (/usr/local/lib/code-server-4.16.1/lib/vscode/extensions/git/dist/main.js:2:1260624)
	at v.w (/usr/local/lib/code-server-4.16.1/lib/vscode/out/vs/workbench/api/node/extensionHostProcess.js:60:1902)
	at v.x (/usr/local/lib/code-server-4.16.1/lib/vscode/out/vs/workbench/api/node/extensionHostProcess.js:60:1972)
	at v.fire (/usr/local/lib/code-server-4.16.1/lib/vscode/out/vs/workbench/api/node/extensionHostProcess.js:60:2188)
	at Object.m [as dispose] (/usr/local/lib/code-server-4.16.1/lib/vscode/extensions/git/dist/main.js:2:1276205)
	at /usr/local/lib/code-server-4.16.1/lib/vscode/extensions/git/dist/main.js:2:1280785
	at Array.forEach (<anonymous>)
	at g.dispose (/usr/local/lib/code-server-4.16.1/lib/vscode/extensions/git/dist/main.js:2:1280771)
	at o.<anonymous> (/usr/local/lib/code-server-4.16.1/lib/vscode/out/vs/workbench/api/node/extensionHostProcess.js:95:4163)
	at o.dispose (/usr/local/lib/code-server-4.16.1/lib/vscode/out/vs/workbench/api/node/extensionHostProcess.js:95:4298)
	at o.<anonymous> (/usr/local/lib/code-server-4.16.1/lib/vscode/extensions/git/dist/main.js:2:1262644)
	at o.dispose (/usr/local/lib/code-server-4.16.1/lib/vscode/out/vs/workbench/api/node/extensionHostProcess.js:95:4298)
	at D (/usr/local/lib/code-server-4.16.1/lib/vscode/out/vs/workbench/api/node/extensionHostProcess.js:10:11731)
	at u.Z (/usr/local/lib/code-server-4.16.1/lib/vscode/out/vs/workbench/api/node/extensionHostProcess.js:113:10369)
	at /usr/local/lib/code-server-4.16.1/lib/vscode/out/vs/workbench/api/node/extensionHostProcess.js:113:8331
	at Array.map (<anonymous>)
	at u.S (/usr/local/lib/code-server-4.16.1/lib/vscode/out/vs/workbench/api/node/extensionHostProcess.js:113:8318)
	at u.terminate (/usr/local/lib/code-server-4.16.1/lib/vscode/out/vs/workbench/api/node/extensionHostProcess.js:113:8590)
	at c.terminate (/usr/local/lib/code-server-4.16.1/lib/vscode/out/vs/workbench/api/node/extensionHostProcess.js:117:1532)
	at n (/usr/local/lib/code-server-4.16.1/lib/vscode/out/vs/workbench/api/node/extensionHostProcess.js:127:32819)
	at i.value (/usr/local/lib/code-server-4.16.1/lib/vscode/out/vs/workbench/api/node/extensionHostProcess.js:127:30869)
	at v.w (/usr/local/lib/code-server-4.16.1/lib/vscode/out/vs/workbench/api/node/extensionHostProcess.js:60:1902)
	at v.fire (/usr/local/lib/code-server-4.16.1/lib/vscode/out/vs/workbench/api/node/extensionHostProcess.js:60:2119)
	at fire (/usr/local/lib/code-server-4.16.1/lib/vscode/out/vs/workbench/api/node/extensionHostProcess.js:72:13931)
	at s.z (/usr/local/lib/code-server-4.16.1/lib/vscode/out/vs/workbench/api/node/extensionHostProcess.js:72:16976)
	at i.value (/usr/local/lib/code-server-4.16.1/lib/vscode/out/vs/workbench/api/node/extensionHostProcess.js:72:16381)
	at v.w (/usr/local/lib/code-server-4.16.1/lib/vscode/out/vs/workbench/api/node/extensionHostProcess.js:60:1902)
	at v.fire (/usr/local/lib/code-server-4.16.1/lib/vscode/out/vs/workbench/api/node/extensionHostProcess.js:60:2119)
	at i.acceptChunk (/usr/local/lib/code-server-4.16.1/lib/vscode/out/vs/workbench/api/node/extensionHostProcess.js:72:11705)
	at i.value (/usr/local/lib/code-server-4.16.1/lib/vscode/out/vs/workbench/api/node/extensionHostProcess.js:72:10992)
	at v.w (/usr/local/lib/code-server-4.16.1/lib/vscode/out/vs/workbench/api/node/extensionHostProcess.js:60:1902)
	at v.fire (/usr/local/lib/code-server-4.16.1/lib/vscode/out/vs/workbench/api/node/extensionHostProcess.js:60:2119)
	at v.u (/usr/local/lib/code-server-4.16.1/lib/vscode/out/vs/workbench/api/node/extensionHostProcess.js:127:19064) setContext undefined
2025-07-11 02:37:59.119 [error] Canceled: Canceled
	at new h (/usr/local/lib/code-server-4.16.1/lib/vscode/out/vs/workbench/api/node/extensionHostProcess.js:99:42413)
	at t.O (/usr/local/lib/code-server-4.16.1/lib/vscode/out/vs/workbench/api/node/extensionHostProcess.js:111:11236)
	at Proxy.U.<computed>.q.charCodeAt.U.<computed> (/usr/local/lib/code-server-4.16.1/lib/vscode/out/vs/workbench/api/node/extensionHostProcess.js:111:8675)
	at e.$wL.g (/usr/local/lib/code-server-4.16.1/lib/vscode/out/vs/workbench/api/node/extensionHostProcess.js:99:63549)
	at e.$wL.executeCommand (/usr/local/lib/code-server-4.16.1/lib/vscode/out/vs/workbench/api/node/extensionHostProcess.js:99:62973)
	at P.registerCommand.description (/usr/local/lib/code-server-4.16.1/lib/vscode/out/vs/workbench/api/node/extensionHostProcess.js:99:62280)
	at e.$wL.h (/usr/local/lib/code-server-4.16.1/lib/vscode/out/vs/workbench/api/node/extensionHostProcess.js:99:64085)
	at e.$wL.g (/usr/local/lib/code-server-4.16.1/lib/vscode/out/vs/workbench/api/node/extensionHostProcess.js:99:63073)
	at e.$wL.executeCommand (/usr/local/lib/code-server-4.16.1/lib/vscode/out/vs/workbench/api/node/extensionHostProcess.js:99:62973)
	at Object.executeCommand (/usr/local/lib/code-server-4.16.1/lib/vscode/out/vs/workbench/api/node/extensionHostProcess.js:117:20970)
	at t.$Ilc.set b [as b] (/usr/local/lib/code-server-4.16.1/lib/vscode/extensions/github/dist/extension.js:2:675750)
	at /usr/local/lib/code-server-4.16.1/lib/vscode/extensions/github/dist/extension.js:2:676397
	at i.value (/usr/local/lib/code-server-4.16.1/lib/vscode/extensions/git/dist/main.js:2:1347758)
	at v.w (/usr/local/lib/code-server-4.16.1/lib/vscode/out/vs/workbench/api/node/extensionHostProcess.js:60:1902)
	at v.x (/usr/local/lib/code-server-4.16.1/lib/vscode/out/vs/workbench/api/node/extensionHostProcess.js:60:1972)
	at v.fire (/usr/local/lib/code-server-4.16.1/lib/vscode/out/vs/workbench/api/node/extensionHostProcess.js:60:2188)
	at Object.m [as dispose] (/usr/local/lib/code-server-4.16.1/lib/vscode/extensions/git/dist/main.js:2:1276205)
	at /usr/local/lib/code-server-4.16.1/lib/vscode/extensions/git/dist/main.js:2:1280785
	at Array.forEach (<anonymous>)
	at g.dispose (/usr/local/lib/code-server-4.16.1/lib/vscode/extensions/git/dist/main.js:2:1280771)
	at o.<anonymous> (/usr/local/lib/code-server-4.16.1/lib/vscode/out/vs/workbench/api/node/extensionHostProcess.js:95:4163)
	at o.dispose (/usr/local/lib/code-server-4.16.1/lib/vscode/out/vs/workbench/api/node/extensionHostProcess.js:95:4298)
	at o.<anonymous> (/usr/local/lib/code-server-4.16.1/lib/vscode/extensions/git/dist/main.js:2:1262644)
	at o.dispose (/usr/local/lib/code-server-4.16.1/lib/vscode/out/vs/workbench/api/node/extensionHostProcess.js:95:4298)
	at D (/usr/local/lib/code-server-4.16.1/lib/vscode/out/vs/workbench/api/node/extensionHostProcess.js:10:11731)
	at u.Z (/usr/local/lib/code-server-4.16.1/lib/vscode/out/vs/workbench/api/node/extensionHostProcess.js:113:10369)
	at /usr/local/lib/code-server-4.16.1/lib/vscode/out/vs/workbench/api/node/extensionHostProcess.js:113:8331
	at Array.map (<anonymous>)
	at u.S (/usr/local/lib/code-server-4.16.1/lib/vscode/out/vs/workbench/api/node/extensionHostProcess.js:113:8318)
	at u.terminate (/usr/local/lib/code-server-4.16.1/lib/vscode/out/vs/workbench/api/node/extensionHostProcess.js:113:8590)
	at c.terminate (/usr/local/lib/code-server-4.16.1/lib/vscode/out/vs/workbench/api/node/extensionHostProcess.js:117:1532)
	at n (/usr/local/lib/code-server-4.16.1/lib/vscode/out/vs/workbench/api/node/extensionHostProcess.js:127:32819)
	at i.value (/usr/local/lib/code-server-4.16.1/lib/vscode/out/vs/workbench/api/node/extensionHostProcess.js:127:30869)
	at v.w (/usr/local/lib/code-server-4.16.1/lib/vscode/out/vs/workbench/api/node/extensionHostProcess.js:60:1902)
	at v.fire (/usr/local/lib/code-server-4.16.1/lib/vscode/out/vs/workbench/api/node/extensionHostProcess.js:60:2119)
	at fire (/usr/local/lib/code-server-4.16.1/lib/vscode/out/vs/workbench/api/node/extensionHostProcess.js:72:13931)
	at s.z (/usr/local/lib/code-server-4.16.1/lib/vscode/out/vs/workbench/api/node/extensionHostProcess.js:72:16976)
	at i.value (/usr/local/lib/code-server-4.16.1/lib/vscode/out/vs/workbench/api/node/extensionHostProcess.js:72:16381)
	at v.w (/usr/local/lib/code-server-4.16.1/lib/vscode/out/vs/workbench/api/node/extensionHostProcess.js:60:1902)
	at v.fire (/usr/local/lib/code-server-4.16.1/lib/vscode/out/vs/workbench/api/node/extensionHostProcess.js:60:2119)
	at i.acceptChunk (/usr/local/lib/code-server-4.16.1/lib/vscode/out/vs/workbench/api/node/extensionHostProcess.js:72:11705)
	at i.value (/usr/local/lib/code-server-4.16.1/lib/vscode/out/vs/workbench/api/node/extensionHostProcess.js:72:10992)
	at v.w (/usr/local/lib/code-server-4.16.1/lib/vscode/out/vs/workbench/api/node/extensionHostProcess.js:60:1902)
	at v.fire (/usr/local/lib/code-server-4.16.1/lib/vscode/out/vs/workbench/api/node/extensionHostProcess.js:60:2119)
	at v.u (/usr/local/lib/code-server-4.16.1/lib/vscode/out/vs/workbench/api/node/extensionHostProcess.js:127:19064) setContext undefined
2025-07-11 02:37:59.122 [info] Extension host with pid 86 exiting with code 0
