2025-07-01 01:43:32.853 [info] Log level: Info
2025-07-01 01:43:32.853 [info] Validating found git in: "git"
2025-07-01 01:43:32.853 [info] Using git "2.25.1" from "git"
2025-07-01 01:43:32.853 [info] > git rev-parse --show-toplevel [6ms]
2025-07-01 01:43:32.853 [info] fatal: not a git repository (or any parent up to mount point /home)
Stopping at filesystem boundary (GIT_DISCOVERY_ACROSS_FILESYSTEM not set).
2025-07-01 01:43:32.853 [info] > git rev-parse --show-toplevel [574ms]
2025-07-01 01:43:32.853 [info] fatal: not a git repository (or any parent up to mount point /home)
Stopping at filesystem boundary (GIT_DISCOVERY_ACROSS_FILESYSTEM not set).
2025-07-01 01:43:32.853 [info] > git rev-parse --show-toplevel [10ms]
2025-07-01 01:43:32.853 [info] fatal: not a git repository (or any parent up to mount point /home)
Stopping at filesystem boundary (GIT_DISCOVERY_ACROSS_FILESYSTEM not set).
2025-07-01 01:43:32.853 [info] > git rev-parse --show-toplevel [7ms]
2025-07-01 01:43:32.857 [info] fatal: not a git repository (or any parent up to mount point /home)
Stopping at filesystem boundary (GIT_DISCOVERY_ACROSS_FILESYSTEM not set).
2025-07-01 01:43:32.858 [info] > git rev-parse --show-toplevel [10ms]
2025-07-01 01:43:32.862 [info] fatal: not a git repository (or any parent up to mount point /home)
Stopping at filesystem boundary (GIT_DISCOVERY_ACROSS_FILESYSTEM not set).
2025-07-01 01:49:07.535 [info] > git rev-parse --show-toplevel [7ms]
2025-07-01 01:49:07.536 [info] fatal: not a git repository (or any parent up to mount point /home)
Stopping at filesystem boundary (GIT_DISCOVERY_ACROSS_FILESYSTEM not set).
