2025-07-11 03:02:28.130 [info] Extension host with pid 2886 started
2025-07-11 03:02:28.131 [error] Error: EEXIST: file already exists, open '/home/labsuser/.local/share/code-server/User/workspaceStorage/-3b9a340f/vscode.lock'
2025-07-11 03:02:28.143 [info] Lock '/home/labsuser/.local/share/code-server/User/workspaceStorage/-3b9a340f/vscode.lock': Could not acquire lock, checking if the file is stale.
2025-07-11 03:02:28.145 [info] Lock '/home/labsuser/.local/share/code-server/User/workspaceStorage/-3b9a340f/vscode.lock': The lock does not look stale, elapsed: 486 ms, giving up.
2025-07-11 03:02:28.167 [info] Lock '/home/labsuser/.local/share/code-server/User/workspaceStorage/-3b9a340f-1/vscode.lock': Lock acquired.
2025-07-11 03:02:28.277 [info] ExtensionService#_doActivateExtension ms-python.python, startup: false, activationEvent: 'onLanguage:python'
2025-07-11 03:02:28.278 [info] ExtensionService#_doActivateExtension ms-toolsai.jupyter, startup: false, activationEvent: 'onLanguage:python'
2025-07-11 03:02:28.281 [info] ExtensionService#_doActivateExtension vscode.emmet, startup: false, activationEvent: 'onLanguage'
2025-07-11 03:02:29.190 [info] ExtensionService#_doActivateExtension ms-toolsai.jupyter-renderers, startup: false, activationEvent: 'api', root cause: ms-toolsai.jupyter
2025-07-11 03:02:29.283 [info] ExtensionService#_doActivateExtension ecmel.vscode-html-css, startup: true, activationEvent: '*'
2025-07-11 03:02:29.283 [info] ExtensionService#_doActivateExtension formulahendry.auto-close-tag, startup: true, activationEvent: '*'
2025-07-11 03:02:29.287 [info] ExtensionService#_doActivateExtension vscode.git-base, startup: true, activationEvent: '*', root cause: vscode.git
2025-07-11 03:02:29.287 [info] ExtensionService#_doActivateExtension synedra.auto-run-command, startup: true, activationEvent: '*'
2025-07-11 03:02:29.440 [info] ExtensionService#_doActivateExtension vscode.git, startup: true, activationEvent: '*'
2025-07-11 03:02:29.440 [info] ExtensionService#_doActivateExtension vscode.github, startup: true, activationEvent: '*'
2025-07-11 03:02:29.718 [info] Eager extensions activated
2025-07-11 03:02:29.718 [info] ExtensionService#_doActivateExtension PKief.material-icon-theme, startup: false, activationEvent: 'onStartupFinished'
2025-07-11 03:02:29.722 [info] ExtensionService#_doActivateExtension cweijan.vscode-database-client2, startup: false, activationEvent: 'onStartupFinished'
2025-07-11 03:02:29.722 [info] ExtensionService#_doActivateExtension dbaeumer.vscode-eslint, startup: false, activationEvent: 'onStartupFinished'
2025-07-11 03:02:29.722 [info] ExtensionService#_doActivateExtension vscode.debug-auto-launch, startup: false, activationEvent: 'onStartupFinished'
2025-07-11 03:02:29.726 [info] ExtensionService#_doActivateExtension vscode.merge-conflict, startup: false, activationEvent: 'onStartupFinished'
