2025-07-10 22:38:22.030 [info] Telemetry level is off
2025-07-10 22:38:22.030 [info] Experiments are disabled, only manually opted experiments are active.
2025-07-10 22:38:22.030 [info] Test server listening.
2025-07-10 22:38:22.030 [info] > conda info --json
2025-07-10 22:38:22.030 [info] Found: /bin/python --> /bin/python3.10
2025-07-10 22:38:22.030 [info] Found: /bin/python3 --> /bin/python3.10
2025-07-10 22:38:22.030 [info] Found: /bin/python3.10 --> /bin/python3.10
2025-07-10 22:38:22.030 [info] Found: /bin/python3.8 --> /bin/python3.8
2025-07-10 22:38:22.040 [info] Found: /usr/bin/python --> /usr/bin/python3.10
2025-07-10 22:38:22.040 [info] Found: /usr/bin/python3 --> /usr/bin/python3.10
2025-07-10 22:38:22.043 [info] Found: /usr/bin/python3.10 --> /usr/bin/python3.10
2025-07-10 22:38:22.043 [info] Found: /usr/bin/python3.8 --> /usr/bin/python3.8
2025-07-10 22:38:22.072 [info] > /bin/python -I /usr/local/lib/code-server-4.16.1/lib/vscode/extensions/ms-python.python-2023.12.0/pythonFiles/get_output_via_markers.py /usr/local/lib/code-server-4.16.1/lib/vscode/extensions/ms-python.python-2023.12.0/pythonFiles/interpreterInfo.py
2025-07-10 22:38:22.088 [info] > /bin/python3.8 -I /usr/local/lib/code-server-4.16.1/lib/vscode/extensions/ms-python.python-2023.12.0/pythonFiles/get_output_via_markers.py /usr/local/lib/code-server-4.16.1/lib/vscode/extensions/ms-python.python-2023.12.0/pythonFiles/interpreterInfo.py
2025-07-10 22:38:22.105 [info] > /usr/bin/python -I /usr/local/lib/code-server-4.16.1/lib/vscode/extensions/ms-python.python-2023.12.0/pythonFiles/get_output_via_markers.py /usr/local/lib/code-server-4.16.1/lib/vscode/extensions/ms-python.python-2023.12.0/pythonFiles/interpreterInfo.py
2025-07-10 22:38:22.117 [info] > /usr/bin/python3.8 -I /usr/local/lib/code-server-4.16.1/lib/vscode/extensions/ms-python.python-2023.12.0/pythonFiles/get_output_via_markers.py /usr/local/lib/code-server-4.16.1/lib/vscode/extensions/ms-python.python-2023.12.0/pythonFiles/interpreterInfo.py
2025-07-10 22:38:22.219 [info] Python interpreter path: /bin/python
2025-07-10 22:38:22.270 [warning] Retry failed, storage update failed for key PYTHON_GLOBAL_STORAGE_KEYS
2025-07-10 22:38:22.271 [warning] Retry failed, storage update failed for key PYTHON_GLOBAL_STORAGE_KEYS
2025-07-10 22:38:22.383 [warning] Retry failed, storage update failed for key PYTHON_GLOBAL_STORAGE_KEYS
2025-07-10 22:38:22.383 [warning] Retry failed, storage update failed for key PYTHON_GLOBAL_STORAGE_KEYS
2025-07-10 22:38:22.383 [warning] Retry failed, storage update failed for key PYTHON_GLOBAL_STORAGE_KEYS
2025-07-10 22:38:22.383 [warning] Retry failed, storage update failed for key PYTHON_GLOBAL_STORAGE_KEYS
2025-07-10 22:38:22.383 [warning] Retry failed, storage update failed for key PYTHON_GLOBAL_STORAGE_KEYS
2025-07-10 22:38:22.383 [warning] Retry failed, storage update failed for key PYTHON_WORKSPACE_STORAGE_KEYS
2025-07-10 22:38:22.387 [warning] Retry failed, storage update failed for key PYTHON_WORKSPACE_STORAGE_KEYS
2025-07-10 22:38:22.387 [warning] Retry failed, storage update failed for key PYTHON_WORKSPACE_STORAGE_KEYS
2025-07-10 22:38:22.526 [warning] Retry failed, storage update failed for key PYTHON_GLOBAL_STORAGE_KEYS
2025-07-10 22:38:22.526 [warning] Retry failed, storage update failed for key PYTHON_GLOBAL_STORAGE_KEYS
2025-07-10 22:38:23.186 [info] Starting Jedi language server for labsuser.
2025-07-10 22:38:38.373 [info] Discover tests for workspace name: labsuser - uri: /home/labsuser/.local/share/code-server/User/History/-5449c9c0/8Px7.py
2025-07-10 22:38:40.492 [info] Discover tests for workspace name: labsuser - uri: /home/labsuser/.local/share/code-server/User/History/-5449c9c0/8Px7.py
2025-07-10 22:38:41.535 [info] Discover tests for workspace name: labsuser - uri: /home/labsuser/main.py
2025-07-10 22:38:41.804 [info] Discover tests for workspace name: labsuser - uri: /home/labsuser/.local/share/code-server/User/History/-5449c9c0/8Px7.py
2025-07-10 22:38:44.527 [info] Discover tests for workspace name: labsuser - uri: /home/labsuser/.local/share/code-server/User/History/-5449c9c0/8Px7.py
2025-07-10 22:38:45.009 [info] Discover tests for workspace name: labsuser - uri: /home/labsuser/main.py
2025-07-10 22:38:47.021 [info] Discover tests for workspace name: labsuser - uri: /home/labsuser/main.py
2025-07-10 22:42:55.520 [info] Discover tests for workspace name: labsuser - uri: /home/labsuser/loaders.py
2025-07-10 22:43:08.445 [info] Discover tests for workspace name: labsuser - uri: /home/labsuser/loaders.py
2025-07-10 22:43:08.736 [info] Discover tests for workspace name: labsuser - uri: /home/labsuser/.local/share/code-server/User/History/7e94c4d5/OACd.py
2025-07-10 22:43:10.382 [info] Discover tests for workspace name: labsuser - uri: /home/labsuser/loaders.py
2025-07-10 22:43:10.646 [info] Discover tests for workspace name: labsuser - uri: /home/labsuser/.local/share/code-server/User/History/7e94c4d5/YGB4.py
2025-07-10 22:43:14.490 [info] Discover tests for workspace name: labsuser - uri: /home/labsuser/.local/share/code-server/User/History/7e94c4d5/YGB4.py
2025-07-10 22:43:22.632 [info] Discover tests for workspace name: labsuser - uri: /home/labsuser/.local/share/code-server/User/History/7e94c4d5/YGB4.py
2025-07-10 22:43:28.417 [info] Discover tests for workspace name: labsuser - uri: /home/labsuser/loaders.py
2025-07-10 22:43:28.691 [info] Discover tests for workspace name: labsuser - uri: /home/labsuser/.local/share/code-server/User/History/7e94c4d5/YGB4.py
2025-07-10 22:43:35.264 [info] Discover tests for workspace name: labsuser - uri: /home/labsuser/.local/share/code-server/User/History/7e94c4d5/YGB4.py
2025-07-10 22:43:40.454 [info] Discover tests for workspace name: labsuser - uri: /home/labsuser/.local/share/code-server/User/History/7e94c4d5/YGB4.py
2025-07-10 22:43:43.389 [info] Discover tests for workspace name: labsuser - uri: /home/labsuser/loaders.py
2025-07-10 22:43:43.653 [info] Discover tests for workspace name: labsuser - uri: /home/labsuser/.local/share/code-server/User/History/7e94c4d5/YGB4.py
2025-07-10 22:44:00.140 [info] Discover tests for workspace name: labsuser - uri: /home/labsuser/loaders.py
2025-07-10 22:44:00.406 [info] Discover tests for workspace name: labsuser - uri: /home/labsuser/.local/share/code-server/User/History/7e94c4d5/uGOJ.py
2025-07-10 22:44:01.449 [info] Discover tests for workspace name: labsuser - uri: /home/labsuser/loaders.py
2025-07-10 22:44:04.699 [info] Discover tests for workspace name: labsuser - uri: /home/labsuser/loaders.py
2025-07-10 22:44:04.961 [info] Discover tests for workspace name: labsuser - uri: /home/labsuser/.local/share/code-server/User/History/7e94c4d5/uGOJ.py
2025-07-10 22:44:10.499 [info] Discover tests for workspace name: labsuser - uri: /home/labsuser/.local/share/code-server/User/History/7e94c4d5/uGOJ.py
2025-07-10 22:44:12.536 [info] Discover tests for workspace name: labsuser - uri: /home/labsuser/loaders.py
2025-07-10 22:44:12.808 [info] Discover tests for workspace name: labsuser - uri: /home/labsuser/.local/share/code-server/User/History/7e94c4d5/uGOJ.py
2025-07-10 22:44:16.351 [info] Discover tests for workspace name: labsuser - uri: /home/labsuser/.local/share/code-server/User/History/7e94c4d5/uGOJ.py
2025-07-10 22:44:19.568 [info] Discover tests for workspace name: labsuser - uri: /home/labsuser/loaders.py
2025-07-10 22:44:19.829 [info] Discover tests for workspace name: labsuser - uri: /home/labsuser/.local/share/code-server/User/History/7e94c4d5/uGOJ.py
2025-07-10 22:44:25.211 [info] Discover tests for workspace name: labsuser - uri: /home/labsuser/.local/share/code-server/User/History/7e94c4d5/uGOJ.py
2025-07-10 22:44:39.459 [info] Discover tests for workspace name: labsuser - uri: /home/labsuser/.local/share/code-server/User/History/7e94c4d5/rgWD.py
2025-07-10 22:44:42.312 [info] Discover tests for workspace name: labsuser - uri: /home/labsuser/.local/share/code-server/User/History/7e94c4d5/rgWD.py
2025-07-10 22:44:53.292 [info] Discover tests for workspace name: labsuser - uri: /home/labsuser/.local/share/code-server/User/History/7e94c4d5/xWAS.py
2025-07-10 22:44:54.368 [info] Discover tests for workspace name: labsuser - uri: /home/labsuser/loaders.py
2025-07-10 22:44:56.887 [info] Discover tests for workspace name: labsuser - uri: /home/labsuser/loaders.py
2025-07-10 22:44:57.158 [info] Discover tests for workspace name: labsuser - uri: /home/labsuser/.local/share/code-server/User/History/7e94c4d5/xWAS.py
2025-07-10 22:44:59.462 [info] Discover tests for workspace name: labsuser - uri: /home/labsuser/loaders.py
2025-07-10 22:44:59.730 [info] Discover tests for workspace name: labsuser - uri: /home/labsuser/.local/share/code-server/User/History/7e94c4d5/xWAS.py
2025-07-10 22:45:02.566 [info] Discover tests for workspace name: labsuser - uri: /home/labsuser/.local/share/code-server/User/History/7e94c4d5/xWAS.py
2025-07-10 22:45:04.739 [info] Discover tests for workspace name: labsuser - uri: /home/labsuser/loaders.py
2025-07-10 22:45:05.023 [info] Discover tests for workspace name: labsuser - uri: /home/labsuser/.local/share/code-server/User/History/7e94c4d5/xWAS.py
2025-07-10 22:45:06.190 [info] Discover tests for workspace name: labsuser - uri: /home/labsuser/loaders.py
2025-07-10 22:45:09.331 [info] Discover tests for workspace name: labsuser - uri: /home/labsuser/.local/share/code-server/User/History/7e94c4d5/xWAS.py
2025-07-10 22:45:11.269 [info] Discover tests for workspace name: labsuser - uri: /home/labsuser/.local/share/code-server/User/History/7e94c4d5/xWAS.py
2025-07-10 22:46:24.520 [info] Running installed packages checker:  python /usr/local/lib/code-server-4.16.1/lib/vscode/extensions/ms-python.python-2023.12.0/pythonFiles/installed_check.py /home/labsuser/requirements.txt
2025-07-10 22:47:16.694 [info] Discover tests for workspace name: labsuser - uri: /home/labsuser/loaders.py
2025-07-10 22:47:17.001 [info] Discover tests for workspace name: labsuser - uri: /home/labsuser/.local/share/code-server/User/History/7e94c4d5/0vGj.py
2025-07-10 22:47:19.634 [info] Discover tests for workspace name: labsuser - uri: /home/labsuser/loaders.py
2025-07-10 22:47:19.959 [info] Discover tests for workspace name: labsuser - uri: /home/labsuser/.local/share/code-server/User/History/7e94c4d5/0vGj.py
2025-07-10 22:48:05.362 [info] Discover tests for workspace name: labsuser - uri: /home/labsuser/.local/share/code-server/User/History/7e94c4d5/u6Zs.py
2025-07-10 22:48:06.586 [info] Discover tests for workspace name: labsuser - uri: /home/labsuser/loaders.py
2025-07-10 22:48:06.845 [info] Discover tests for workspace name: labsuser - uri: /home/labsuser/.local/share/code-server/User/History/7e94c4d5/u6Zs.py
2025-07-10 22:48:10.453 [info] Discover tests for workspace name: labsuser - uri: /home/labsuser/.local/share/code-server/User/History/7e94c4d5/u6Zs.py
2025-07-10 22:48:11.750 [info] Discover tests for workspace name: labsuser - uri: /home/labsuser/loaders.py
2025-07-10 22:48:12.016 [info] Discover tests for workspace name: labsuser - uri: /home/labsuser/.local/share/code-server/User/History/7e94c4d5/u6Zs.py
2025-07-10 22:48:15.803 [info] Discover tests for workspace name: labsuser - uri: /home/labsuser/loaders.py
2025-07-10 22:48:16.071 [info] Discover tests for workspace name: labsuser - uri: /home/labsuser/.local/share/code-server/User/History/7e94c4d5/u6Zs.py
2025-07-10 22:48:23.509 [info] Discover tests for workspace name: labsuser - uri: /home/labsuser/loaders.py
2025-07-10 22:48:23.779 [info] Discover tests for workspace name: labsuser - uri: /home/labsuser/.local/share/code-server/User/History/7e94c4d5/u6Zs.py
2025-07-10 22:48:46.479 [info] Discover tests for workspace name: labsuser - uri: /home/labsuser/loaders.py
2025-07-10 22:48:46.736 [info] Discover tests for workspace name: labsuser - uri: /home/labsuser/.local/share/code-server/User/History/7e94c4d5/HXeH.py
2025-07-10 22:48:51.037 [info] Discover tests for workspace name: labsuser - uri: /home/labsuser/loaders.py
2025-07-10 22:49:27.567 [info] Discover tests for workspace name: labsuser - uri: /home/labsuser/loaders.py
2025-07-10 22:49:27.842 [info] Discover tests for workspace name: labsuser - uri: /home/labsuser/.local/share/code-server/User/History/7e94c4d5/sYsh.py
2025-07-10 22:49:30.872 [info] Discover tests for workspace name: labsuser - uri: /home/labsuser/loaders.py
2025-07-10 22:49:31.163 [info] Discover tests for workspace name: labsuser - uri: /home/labsuser/.local/share/code-server/User/History/7e94c4d5/sYsh.py
2025-07-10 22:49:34.550 [info] Discover tests for workspace name: labsuser - uri: /home/labsuser/.local/share/code-server/User/History/7e94c4d5/JbN7.py
2025-07-10 22:49:42.259 [info] Discover tests for workspace name: labsuser - uri: /home/labsuser/loaders.py
2025-07-10 22:49:53.606 [info] Discover tests for workspace name: labsuser - uri: /home/labsuser/loaders.py
2025-07-10 22:49:53.863 [info] Discover tests for workspace name: labsuser - uri: /home/labsuser/.local/share/code-server/User/History/7e94c4d5/2FPV.py
2025-07-10 22:50:03.287 [info] Discover tests for workspace name: labsuser - uri: /home/labsuser/.local/share/code-server/User/History/7e94c4d5/2FPV.py
2025-07-10 22:50:18.855 [info] Discover tests for workspace name: labsuser - uri: /home/labsuser/loaders.py
2025-07-10 22:50:19.122 [info] Discover tests for workspace name: labsuser - uri: /home/labsuser/.local/share/code-server/User/History/7e94c4d5/q8Hx.py
2025-07-10 22:50:21.766 [info] Discover tests for workspace name: labsuser - uri: /home/labsuser/loaders.py
2025-07-10 22:50:22.030 [info] Discover tests for workspace name: labsuser - uri: /home/labsuser/.local/share/code-server/User/History/7e94c4d5/q8Hx.py
2025-07-10 22:50:22.977 [info] Discover tests for workspace name: labsuser - uri: /home/labsuser/loaders.py
2025-07-10 22:50:30.380 [info] Discover tests for workspace name: labsuser - uri: /home/labsuser/.local/share/code-server/User/History/7e94c4d5/q8Hx.py
2025-07-10 22:50:32.496 [info] Discover tests for workspace name: labsuser - uri: /home/labsuser/.local/share/code-server/User/History/7e94c4d5/q8Hx.py
2025-07-10 22:50:39.333 [info] Discover tests for workspace name: labsuser - uri: /home/labsuser/.local/share/code-server/User/History/7e94c4d5/q8Hx.py
2025-07-10 22:50:49.816 [info] Discover tests for workspace name: labsuser - uri: /home/labsuser/loaders.py
2025-07-10 22:50:50.084 [info] Discover tests for workspace name: labsuser - uri: /home/labsuser/.local/share/code-server/User/History/7e94c4d5/UIwR.py
2025-07-10 22:51:03.462 [info] Discover tests for workspace name: labsuser - uri: /home/labsuser/loaders.py
2025-07-10 22:51:03.730 [info] Discover tests for workspace name: labsuser - uri: /home/labsuser/.local/share/code-server/User/History/7e94c4d5/4sob.py
2025-07-10 22:51:12.809 [info] Discover tests for workspace name: labsuser - uri: /home/labsuser/main.py
2025-07-10 22:51:13.069 [info] Discover tests for workspace name: labsuser - uri: /home/labsuser/.local/share/code-server/User/History/-5449c9c0/ZvOb.py
2025-07-10 22:51:18.471 [info] Discover tests for workspace name: labsuser - uri: /home/labsuser/.local/share/code-server/User/History/-5449c9c0/ZvOb.py
2025-07-10 22:51:39.840 [info] Discover tests for workspace name: labsuser - uri: /home/labsuser/main.py
2025-07-10 22:51:40.112 [info] Discover tests for workspace name: labsuser - uri: /home/labsuser/.local/share/code-server/User/History/-5449c9c0/GMwq.py
2025-07-10 22:51:42.456 [info] Discover tests for workspace name: labsuser - uri: /home/labsuser/main.py
2025-07-10 22:51:42.711 [info] Discover tests for workspace name: labsuser - uri: /home/labsuser/.local/share/code-server/User/History/-5449c9c0/GMwq.py
2025-07-10 22:51:46.163 [info] Discover tests for workspace name: labsuser - uri: /home/labsuser/.local/share/code-server/User/History/-5449c9c0/GMwq.py
2025-07-10 22:51:52.665 [info] Discover tests for workspace name: labsuser - uri: /home/labsuser/.local/share/code-server/User/History/-5449c9c0/GMwq.py
2025-07-10 22:52:09.722 [info] Discover tests for workspace name: labsuser - uri: /home/labsuser/main.py
2025-07-10 22:52:09.988 [info] Discover tests for workspace name: labsuser - uri: /home/labsuser/.local/share/code-server/User/History/-5449c9c0/QgJ3.py
2025-07-10 22:52:11.735 [info] Discover tests for workspace name: labsuser - uri: /home/labsuser/.local/share/code-server/User/History/-5449c9c0/jnhh.py
2025-07-10 22:52:12.904 [info] Discover tests for workspace name: labsuser - uri: /home/labsuser/main.py
2025-07-10 22:52:17.502 [info] Discover tests for workspace name: labsuser - uri: /home/labsuser/.local/share/code-server/User/History/-5449c9c0/yIeG.py
2025-07-10 22:52:19.931 [info] Discover tests for workspace name: labsuser - uri: /home/labsuser/main.py
2025-07-10 22:52:20.201 [info] Discover tests for workspace name: labsuser - uri: /home/labsuser/.local/share/code-server/User/History/-5449c9c0/yIeG.py
2025-07-10 22:52:29.450 [info] Discover tests for workspace name: labsuser - uri: /home/labsuser/.local/share/code-server/User/History/-5449c9c0/yIeG.py
2025-07-10 22:52:30.572 [info] Discover tests for workspace name: labsuser - uri: /home/labsuser/main.py
2025-07-10 22:52:34.449 [info] Discover tests for workspace name: labsuser - uri: /home/labsuser/main.py
2025-07-10 22:52:34.713 [info] Discover tests for workspace name: labsuser - uri: /home/labsuser/.local/share/code-server/User/History/-5449c9c0/yIeG.py
2025-07-10 22:52:37.500 [info] Discover tests for workspace name: labsuser - uri: /home/labsuser/main.py
2025-07-10 22:52:37.771 [info] Discover tests for workspace name: labsuser - uri: /home/labsuser/.local/share/code-server/User/History/-5449c9c0/yIeG.py
2025-07-10 22:52:39.687 [info] Discover tests for workspace name: labsuser - uri: /home/labsuser/.local/share/code-server/User/History/-5449c9c0/yIeG.py
2025-07-10 22:52:43.426 [info] Discover tests for workspace name: labsuser - uri: /home/labsuser/.local/share/code-server/User/History/-5449c9c0/yIeG.py
2025-07-10 22:52:45.681 [info] Discover tests for workspace name: labsuser - uri: /home/labsuser/.local/share/code-server/User/History/-5449c9c0/yIeG.py
2025-07-10 22:52:47.550 [info] Discover tests for workspace name: labsuser - uri: /home/labsuser/main.py
2025-07-10 22:52:47.808 [info] Discover tests for workspace name: labsuser - uri: /home/labsuser/.local/share/code-server/User/History/-5449c9c0/yIeG.py
2025-07-10 22:52:50.455 [info] Discover tests for workspace name: labsuser - uri: /home/labsuser/.local/share/code-server/User/History/-5449c9c0/yIeG.py
2025-07-10 22:52:54.457 [info] Discover tests for workspace name: labsuser - uri: /home/labsuser/main.py
2025-07-10 22:52:54.751 [info] Discover tests for workspace name: labsuser - uri: /home/labsuser/.local/share/code-server/User/History/-5449c9c0/yIeG.py
2025-07-10 22:52:58.746 [info] Discover tests for workspace name: labsuser - uri: /home/labsuser/main.py
2025-07-10 22:52:59.012 [info] Discover tests for workspace name: labsuser - uri: /home/labsuser/.local/share/code-server/User/History/-5449c9c0/yIeG.py
2025-07-10 22:52:59.533 [info] Discover tests for workspace name: labsuser - uri: /home/labsuser/main.py
2025-07-10 22:53:09.794 [info] Discover tests for workspace name: labsuser - uri: /home/labsuser/main.py
2025-07-10 22:53:26.642 [info] Discover tests for workspace name: labsuser - uri: /home/labsuser/main.py
2025-07-10 22:53:27.143 [info] Discover tests for workspace name: labsuser - uri: /home/labsuser/main.py
2025-07-10 22:53:30.331 [info] Discover tests for workspace name: labsuser - uri: /home/labsuser/.local/share/code-server/User/History/-5449c9c0/qXAN.py
2025-07-10 22:53:30.810 [info] Discover tests for workspace name: labsuser - uri: /home/labsuser/main.py
2025-07-10 22:53:35.038 [info] Discover tests for workspace name: labsuser - uri: /home/labsuser/main.py
2025-07-10 22:53:35.328 [info] Discover tests for workspace name: labsuser - uri: /home/labsuser/.local/share/code-server/User/History/-5449c9c0/qXAN.py
2025-07-10 22:53:40.465 [info] Discover tests for workspace name: labsuser - uri: /home/labsuser/main.py
2025-07-10 22:53:40.744 [info] Discover tests for workspace name: labsuser - uri: /home/labsuser/.local/share/code-server/User/History/-5449c9c0/qXAN.py
2025-07-10 22:53:42.873 [info] Discover tests for workspace name: labsuser - uri: /home/labsuser/main.py
2025-07-10 22:53:43.150 [info] Discover tests for workspace name: labsuser - uri: /home/labsuser/.local/share/code-server/User/History/-5449c9c0/qXAN.py
2025-07-10 22:53:44.714 [info] Discover tests for workspace name: labsuser - uri: /home/labsuser/.local/share/code-server/User/History/-5449c9c0/qXAN.py
2025-07-10 22:53:47.643 [info] Discover tests for workspace name: labsuser - uri: /home/labsuser/.local/share/code-server/User/History/-5449c9c0/qXAN.py
2025-07-10 22:53:50.541 [info] Discover tests for workspace name: labsuser - uri: /home/labsuser/.local/share/code-server/User/History/-5449c9c0/qXAN.py
2025-07-10 22:53:54.271 [info] Discover tests for workspace name: labsuser - uri: /home/labsuser/.local/share/code-server/User/History/-5449c9c0/qXAN.py
2025-07-10 22:53:56.993 [info] Discover tests for workspace name: labsuser - uri: /home/labsuser/.local/share/code-server/User/History/-5449c9c0/qXAN.py
2025-07-10 22:53:58.688 [info] Discover tests for workspace name: labsuser - uri: /home/labsuser/.local/share/code-server/User/History/-5449c9c0/qXAN.py
2025-07-10 22:54:02.597 [info] Discover tests for workspace name: labsuser - uri: /home/labsuser/main.py
2025-07-10 22:54:02.863 [info] Discover tests for workspace name: labsuser - uri: /home/labsuser/.local/share/code-server/User/History/-5449c9c0/qXAN.py
2025-07-10 22:54:14.689 [info] Discover tests for workspace name: labsuser - uri: /home/labsuser/main.py
2025-07-10 22:54:14.996 [info] Discover tests for workspace name: labsuser - uri: /home/labsuser/.local/share/code-server/User/History/-5449c9c0/u2w7.py
2025-07-10 22:54:20.608 [info] Discover tests for workspace name: labsuser - uri: /home/labsuser/.local/share/code-server/User/History/-5449c9c0/u2w7.py
2025-07-10 22:54:21.708 [info] Discover tests for workspace name: labsuser - uri: /home/labsuser/main.py
2025-07-10 22:54:23.813 [info] Discover tests for workspace name: labsuser - uri: /home/labsuser/main.py
2025-07-10 22:54:24.080 [info] Discover tests for workspace name: labsuser - uri: /home/labsuser/.local/share/code-server/User/History/-5449c9c0/u2w7.py
2025-07-10 22:54:24.997 [info] Discover tests for workspace name: labsuser - uri: /home/labsuser/main.py
2025-07-10 22:54:30.551 [info] Discover tests for workspace name: labsuser - uri: /home/labsuser/main.py
2025-07-10 22:54:30.824 [info] Discover tests for workspace name: labsuser - uri: /home/labsuser/.local/share/code-server/User/History/-5449c9c0/J71f.py
2025-07-10 22:54:44.749 [info] Discover tests for workspace name: labsuser - uri: /home/labsuser/main.py
2025-07-10 22:54:45.025 [info] Discover tests for workspace name: labsuser - uri: /home/labsuser/.local/share/code-server/User/History/-5449c9c0/Bkax.py
2025-07-10 22:54:47.484 [info] Discover tests for workspace name: labsuser - uri: /home/labsuser/main.py
2025-07-10 22:54:47.744 [info] Discover tests for workspace name: labsuser - uri: /home/labsuser/.local/share/code-server/User/History/-5449c9c0/Bkax.py
2025-07-10 22:54:49.500 [info] Discover tests for workspace name: labsuser - uri: /home/labsuser/.local/share/code-server/User/History/-5449c9c0/Bkax.py
2025-07-10 22:54:51.780 [info] Discover tests for workspace name: labsuser - uri: /home/labsuser/main.py
2025-07-10 22:54:52.048 [info] Discover tests for workspace name: labsuser - uri: /home/labsuser/.local/share/code-server/User/History/-5449c9c0/Bkax.py
2025-07-10 22:54:59.594 [info] Discover tests for workspace name: labsuser - uri: /home/labsuser/main.py
2025-07-10 22:54:59.851 [info] Discover tests for workspace name: labsuser - uri: /home/labsuser/.local/share/code-server/User/History/-5449c9c0/Bkax.py
2025-07-10 22:55:12.452 [info] Discover tests for workspace name: labsuser - uri: /home/labsuser/main.py
2025-07-10 22:55:59.741 [info] Discover tests for workspace name: labsuser - uri: /home/labsuser/main.py
2025-07-10 22:56:00.278 [info] Discover tests for workspace name: labsuser - uri: /home/labsuser/main.py
2025-07-10 22:56:07.575 [info] Discover tests for workspace name: labsuser - uri: /home/labsuser/.local/share/code-server/User/History/-5449c9c0/MUoI.py
2025-07-10 22:56:08.487 [info] Discover tests for workspace name: labsuser - uri: /home/labsuser/main.py
2025-07-10 22:58:40.193 [info] Discover tests for workspace name: labsuser - uri: /home/labsuser/main.py
2025-07-10 22:58:54.783 [info] Discover tests for workspace name: labsuser - uri: /home/labsuser/main.py
2025-07-10 22:58:55.035 [info] Discover tests for workspace name: labsuser - uri: /home/labsuser/.local/share/code-server/User/History/-5449c9c0/GNld.py
2025-07-10 22:58:56.514 [info] Discover tests for workspace name: labsuser - uri: /home/labsuser/.local/share/code-server/User/History/-5449c9c0/GNld.py
2025-07-10 22:58:57.612 [info] Discover tests for workspace name: labsuser - uri: /home/labsuser/.local/share/code-server/User/History/-5449c9c0/GNld.py
2025-07-10 22:58:58.569 [info] Discover tests for workspace name: labsuser - uri: /home/labsuser/main.py
2025-07-10 22:59:08.810 [info] Discover tests for workspace name: labsuser - uri: /home/labsuser/main.py
2025-07-10 22:59:09.085 [info] Discover tests for workspace name: labsuser - uri: /home/labsuser/.local/share/code-server/User/History/-5449c9c0/Sh41.py
2025-07-10 22:59:30.387 [info] Discover tests for workspace name: labsuser - uri: /home/labsuser/main.py
2025-07-10 23:11:33.898 [info] Discover tests for workspace name: labsuser - uri: /home/labsuser/sklearn_crypto.pipeline.py
2025-07-10 23:18:13.436 [info] Discover tests for workspace name: labsuser - uri: /home/labsuser/sklearn_crypto.pipeline.py
2025-07-10 23:38:14.100 [info] Discover tests for workspace name: labsuser - uri: /home/labsuser/.local/share/code-server/User/History/7e94c4d5/FEyp.py
2025-07-10 23:38:15.969 [info] Discover tests for workspace name: labsuser - uri: /home/labsuser/.local/share/code-server/User/History/7e94c4d5/FEyp.py
2025-07-10 23:41:26.346 [info] Discover tests for workspace name: labsuser - uri: /home/labsuser/.local/share/code-server/User/History/-5449c9c0/wK4d.py
2025-07-10 23:41:31.587 [info] Discover tests for workspace name: labsuser - uri: /home/labsuser/main.py
2025-07-10 23:41:37.650 [info] Discover tests for workspace name: labsuser - uri: /home/labsuser/main.py
2025-07-10 23:41:54.733 [info] Discover tests for workspace name: labsuser - uri: /home/labsuser/sklearn_crypto_pipeline.py
2025-07-10 23:41:55.316 [info] Discover tests for workspace name: labsuser - uri: /home/labsuser/.local/share/code-server/User/History/704fb368/y2ig.py
2025-07-10 23:42:01.033 [info] Discover tests for workspace name: labsuser - uri: /home/labsuser/sklearn_crypto_pipeline.py
2025-07-10 23:42:14.390 [info] Discover tests for workspace name: labsuser - uri: /home/labsuser/sklearn_crypto_pipeline.py
2025-07-10 23:42:14.677 [info] Discover tests for workspace name: labsuser - uri: /home/labsuser/.local/share/code-server/User/History/704fb368/4FYf.py
2025-07-10 23:42:23.981 [info] Discover tests for workspace name: labsuser - uri: /home/labsuser/main.py
2025-07-10 23:42:24.249 [info] Discover tests for workspace name: labsuser - uri: /home/labsuser/.local/share/code-server/User/History/-5449c9c0/bloo.py
2025-07-10 23:42:25.053 [info] Discover tests for workspace name: labsuser - uri: /home/labsuser/main.py
2025-07-10 23:42:25.573 [info] Discover tests for workspace name: labsuser - uri: /home/labsuser/main.py
2025-07-10 23:42:39.146 [info] Discover tests for workspace name: labsuser - uri: /home/labsuser/loaders.py
2025-07-10 23:42:39.451 [info] Discover tests for workspace name: labsuser - uri: /home/labsuser/.local/share/code-server/User/History/7e94c4d5/wRaj.py
2025-07-11 00:57:02.908 [info] Discover tests for workspace name: labsuser - uri: /home/labsuser/.local/share/code-server/User/History/-5449c9c0/GksT.py
2025-07-11 00:57:04.727 [info] Discover tests for workspace name: labsuser - uri: /home/labsuser/main.py
2025-07-11 00:57:05.007 [info] Discover tests for workspace name: labsuser - uri: /home/labsuser/.local/share/code-server/User/History/-5449c9c0/MbZ2.py
2025-07-11 00:57:09.144 [info] Discover tests for workspace name: labsuser - uri: /home/labsuser/main.py
2025-07-11 00:57:09.440 [info] Discover tests for workspace name: labsuser - uri: /home/labsuser/.local/share/code-server/User/History/-5449c9c0/Gw7u.py
2025-07-11 00:57:15.383 [info] Discover tests for workspace name: labsuser - uri: /home/labsuser/.local/share/code-server/User/History/-5449c9c0/Gw7u.py
2025-07-11 01:01:46.077 [info] Discover tests for workspace name: labsuser - uri: /home/labsuser/sklearn_crypto_pipeline.py
2025-07-11 01:01:46.356 [info] Discover tests for workspace name: labsuser - uri: /home/labsuser/.local/share/code-server/User/History/704fb368/Hnl1.py
2025-07-11 01:01:49.782 [info] Discover tests for workspace name: labsuser - uri: /home/labsuser/sklearn_crypto_pipeline.py
2025-07-11 01:01:50.059 [info] Discover tests for workspace name: labsuser - uri: /home/labsuser/.local/share/code-server/User/History/704fb368/Hnl1.py
2025-07-11 01:01:51.224 [info] Discover tests for workspace name: labsuser - uri: /home/labsuser/sklearn_crypto_pipeline.py
2025-07-11 01:02:04.948 [info] Discover tests for workspace name: labsuser - uri: /home/labsuser/loaders.py
2025-07-11 01:02:05.230 [info] Discover tests for workspace name: labsuser - uri: /home/labsuser/.local/share/code-server/User/History/7e94c4d5/gVUQ.py
2025-07-11 01:02:07.431 [info] Discover tests for workspace name: labsuser - uri: /home/labsuser/loaders.py
2025-07-11 01:19:55.059 [info] Discover tests for workspace name: labsuser - uri: /home/labsuser/.local/share/code-server/User/History/7e94c4d5/Vdsv.py
2025-07-11 01:20:00.609 [info] Discover tests for workspace name: labsuser - uri: /home/labsuser/.local/share/code-server/User/History/7e94c4d5/Vdsv.py
2025-07-11 01:20:58.732 [info] Discover tests for workspace name: labsuser - uri: /home/labsuser/.local/share/code-server/User/History/7e94c4d5/SXGh.py
2025-07-11 01:20:59.284 [info] Discover tests for workspace name: labsuser - uri: /home/labsuser/loaders.py
2025-07-11 01:21:36.745 [info] Discover tests for workspace name: labsuser - uri: /home/labsuser/.local/share/code-server/User/History/-5449c9c0/v1mS.py
2025-07-11 01:21:39.280 [info] Discover tests for workspace name: labsuser - uri: /home/labsuser/main.py
2025-07-11 01:21:39.586 [info] Discover tests for workspace name: labsuser - uri: /home/labsuser/.local/share/code-server/User/History/-5449c9c0/v1mS.py
2025-07-11 01:22:53.971 [info] Discover tests for workspace name: labsuser - uri: /home/labsuser/sklearn_crypto_pipeline.py
2025-07-11 01:23:00.048 [info] Discover tests for workspace name: labsuser - uri: /home/labsuser/sklearn_crypto_pipeline.py
2025-07-11 01:23:00.322 [info] Discover tests for workspace name: labsuser - uri: /home/labsuser/.local/share/code-server/User/History/704fb368/4Zxn.py
2025-07-11 01:36:12.633 [info] Discover tests for workspace name: labsuser - uri: /home/labsuser/sklearn_crypto_pipeline.py
2025-07-11 01:46:42.315 [info] Discover tests for workspace name: labsuser - uri: /home/labsuser/main.py
2025-07-11 01:46:42.605 [info] Discover tests for workspace name: labsuser - uri: /home/labsuser/.local/share/code-server/User/History/-5449c9c0/7G4C.py
2025-07-11 01:46:46.715 [info] Discover tests for workspace name: labsuser - uri: /home/labsuser/main.py
2025-07-11 01:47:05.407 [info] Discover tests for workspace name: labsuser - uri: /home/labsuser/sklearn_crypto_pipeline.py
2025-07-11 01:47:05.720 [info] Discover tests for workspace name: labsuser - uri: /home/labsuser/.local/share/code-server/User/History/704fb368/wXoE.py
2025-07-11 01:47:09.188 [info] Discover tests for workspace name: labsuser - uri: /home/labsuser/sklearn_crypto_pipeline.py
2025-07-11 01:47:30.229 [info] Discover tests for workspace name: labsuser - uri: /home/labsuser/.local/share/code-server/User/History/7e94c4d5/BfGL.py
2025-07-11 01:47:31.548 [info] Discover tests for workspace name: labsuser - uri: /home/labsuser/loaders.py
2025-07-11 01:47:31.835 [info] Discover tests for workspace name: labsuser - uri: /home/labsuser/.local/share/code-server/User/History/7e94c4d5/BfGL.py
2025-07-11 02:23:49.917 [info] Discover tests for workspace name: labsuser - uri: /home/labsuser/loaders.py
2025-07-11 02:23:50.178 [info] Discover tests for workspace name: labsuser - uri: /home/labsuser/.local/share/code-server/User/History/7e94c4d5/EyrB.py
2025-07-11 02:23:52.038 [info] Discover tests for workspace name: labsuser - uri: /home/labsuser/.local/share/code-server/User/History/7e94c4d5/EyrB.py
2025-07-11 02:23:54.963 [info] Discover tests for workspace name: labsuser - uri: /home/labsuser/loaders.py
2025-07-11 02:24:12.957 [info] Discover tests for workspace name: labsuser - uri: /home/labsuser/main.py
2025-07-11 02:24:25.905 [info] Discover tests for workspace name: labsuser - uri: /home/labsuser/sklearn_crypto_pipeline.py
2025-07-11 02:24:26.184 [info] Discover tests for workspace name: labsuser - uri: /home/labsuser/.local/share/code-server/User/History/704fb368/jjFp.py
