2025-07-11 02:40:01.517 [info] Reading sessions from keychain...
2025-07-11 02:40:01.517 [info] Getting sessions for all scopes...
2025-07-11 02:40:01.517 [info] Getting sessions for all scopes...
2025-07-11 02:40:01.601 [info] Getting sessions for read:user,repo,user:email,workflow...
2025-07-11 02:40:01.624 [info] Got 0 sessions for ...
2025-07-11 02:40:01.624 [info] Got 0 sessions for ...
2025-07-11 02:40:01.624 [info] Got 0 sessions for read:user,repo,user:email,workflow...
2025-07-11 02:40:03.113 [info] Logging in for the following scopes: read:user repo user:email workflow
2025-07-11 02:40:03.216 [info] Trying device code flow... (read:user repo user:email workflow)
2025-07-11 02:40:41.516 [info] Getting user info...
2025-07-11 02:40:41.697 [info] Got account info!
2025-07-11 02:40:41.698 [info] Storing 1 sessions...
2025-07-11 02:40:42.093 [info] Reading sessions from keychain...
2025-07-11 02:40:42.093 [info] Stored 1 sessions!
2025-07-11 02:40:42.093 [info] Login success!
2025-07-11 02:40:42.191 [info] Got stored sessions!
2025-07-11 02:40:42.191 [info] Got 1 verified sessions.
2025-07-11 02:43:01.799 [info] Getting sessions for read:user,repo,user:email,workflow...
2025-07-11 02:43:01.800 [info] Got 1 sessions for read:user,repo,user:email,workflow...
2025-07-11 02:43:46.150 [info] Getting sessions for read:user,repo,user:email,workflow...
2025-07-11 02:43:46.150 [info] Got 1 sessions for read:user,repo,user:email,workflow...
2025-07-11 02:50:24.645 [info] Getting sessions for read:user,repo,user:email,workflow...
2025-07-11 02:50:24.645 [info] Got 1 sessions for read:user,repo,user:email,workflow...
2025-07-11 02:56:18.965 [info] Getting sessions for read:user,repo,user:email,workflow...
2025-07-11 02:56:18.965 [info] Got 1 sessions for read:user,repo,user:email,workflow...
