2025-07-11 03:02:55.057 [info] Extension host with pid 125 started
2025-07-11 03:02:55.058 [error] Error: EEXIST: file already exists, open '/home/labsuser/.local/share/code-server/User/workspaceStorage/-78f4fad1/vscode.lock'
2025-07-11 03:02:55.076 [info] Lock '/home/labsuser/.local/share/code-server/User/workspaceStorage/-78f4fad1/vscode.lock': Could not acquire lock, checking if the file is stale.
2025-07-11 03:02:55.078 [info] Lock '/home/labsuser/.local/share/code-server/User/workspaceStorage/-78f4fad1/vscode.lock': The lock does not look stale, elapsed: 983 ms, giving up.
2025-07-11 03:02:55.098 [info] Lock '/home/labsuser/.local/share/code-server/User/workspaceStorage/-78f4fad1-1/vscode.lock': Lock acquired.
2025-07-11 03:02:55.217 [info] ExtensionService#_doActivateExtension ecmel.vscode-html-css, startup: true, activationEvent: '*'
2025-07-11 03:02:55.218 [info] ExtensionService#_doActivateExtension formulahendry.auto-close-tag, startup: true, activationEvent: '*'
2025-07-11 03:02:55.220 [info] ExtensionService#_doActivateExtension vscode.git-base, startup: true, activationEvent: '*', root cause: vscode.git
2025-07-11 03:02:55.220 [info] ExtensionService#_doActivateExtension synedra.auto-run-command, startup: true, activationEvent: '*'
2025-07-11 03:02:55.406 [info] ExtensionService#_doActivateExtension vscode.git, startup: true, activationEvent: '*'
2025-07-11 03:02:55.407 [info] ExtensionService#_doActivateExtension vscode.github, startup: true, activationEvent: '*'
2025-07-11 03:02:55.628 [info] Eager extensions activated
2025-07-11 03:02:55.628 [info] ExtensionService#_doActivateExtension PKief.material-icon-theme, startup: false, activationEvent: 'onStartupFinished'
2025-07-11 03:02:55.631 [info] ExtensionService#_doActivateExtension cweijan.vscode-database-client2, startup: false, activationEvent: 'onStartupFinished'
2025-07-11 03:02:55.631 [info] ExtensionService#_doActivateExtension dbaeumer.vscode-eslint, startup: false, activationEvent: 'onStartupFinished'
2025-07-11 03:02:55.631 [info] ExtensionService#_doActivateExtension vscode.debug-auto-launch, startup: false, activationEvent: 'onStartupFinished'
2025-07-11 03:02:55.634 [info] ExtensionService#_doActivateExtension vscode.merge-conflict, startup: false, activationEvent: 'onStartupFinished'
2025-07-11 03:03:02.491 [info] ExtensionService#_doActivateExtension vscode.emmet, startup: false, activationEvent: 'onLanguage'
2025-07-11 03:03:10.653 [info] ExtensionService#_doActivateExtension ms-python.python, startup: false, activationEvent: 'onLanguage:python'
2025-07-11 03:03:10.654 [info] ExtensionService#_doActivateExtension ms-toolsai.jupyter, startup: false, activationEvent: 'onLanguage:python'
2025-07-11 03:03:11.391 [info] ExtensionService#_doActivateExtension ms-toolsai.jupyter-renderers, startup: false, activationEvent: 'api', root cause: ms-toolsai.jupyter
2025-07-11 03:06:39.190 [info] ExtensionService#_doActivateExtension vscode.npm, startup: false, activationEvent: 'onTerminalQuickFixRequest:ms-vscode.npm-command'
