2025-07-01 02:25:19.982 [info] Extension host with pid 4166 started
2025-07-01 02:25:20.001 [info] Lock '/home/labsuser/.local/share/code-server/User/workspaceStorage/3f1b5975/vscode.lock': Lock acquired.
2025-07-01 02:25:20.136 [info] ExtensionService#_doActivateExtension vscode.emmet, startup: false, activationEvent: 'onLanguage'
2025-07-01 02:25:20.254 [info] ExtensionService#_doActivateExtension ecmel.vscode-html-css, startup: true, activationEvent: '*'
2025-07-01 02:25:20.255 [info] ExtensionService#_doActivateExtension formulahendry.auto-close-tag, startup: true, activationEvent: '*'
2025-07-01 02:25:20.259 [info] ExtensionService#_doActivateExtension vscode.git-base, startup: true, activationEvent: '*', root cause: vscode.git
2025-07-01 02:25:20.259 [info] ExtensionService#_doActivateExtension synedra.auto-run-command, startup: true, activationEvent: '*'
2025-07-01 02:25:20.405 [info] ExtensionService#_doActivateExtension vscode.git, startup: true, activationEvent: '*'
2025-07-01 02:25:20.405 [info] ExtensionService#_doActivateExtension vscode.github, startup: true, activationEvent: '*'
2025-07-01 02:25:20.944 [info] Eager extensions activated
2025-07-01 02:25:20.944 [info] ExtensionService#_doActivateExtension PKief.material-icon-theme, startup: false, activationEvent: 'onStartupFinished'
2025-07-01 02:25:20.949 [info] ExtensionService#_doActivateExtension cweijan.vscode-database-client2, startup: false, activationEvent: 'onStartupFinished'
2025-07-01 02:25:20.949 [info] ExtensionService#_doActivateExtension dbaeumer.vscode-eslint, startup: false, activationEvent: 'onStartupFinished'
2025-07-01 02:25:20.954 [info] ExtensionService#_doActivateExtension vscode.debug-auto-launch, startup: false, activationEvent: 'onStartupFinished'
2025-07-01 02:25:20.954 [info] ExtensionService#_doActivateExtension vscode.merge-conflict, startup: false, activationEvent: 'onStartupFinished'
2025-07-01 02:31:29.641 [info] ExtensionService#_doActivateExtension ms-python.python, startup: false, activationEvent: 'onDebugInitialConfigurations'
2025-07-01 02:31:29.642 [info] ExtensionService#_doActivateExtension ms-vscode.js-debug, startup: false, activationEvent: 'onDebugInitialConfigurations'
2025-07-01 02:31:29.643 [info] ExtensionService#_doActivateExtension vscjava.vscode-java-debug, startup: false, activationEvent: 'onDebugInitialConfigurations'
2025-07-01 02:31:32.391 [info] ExtensionService#_doActivateExtension vscode.debug-server-ready, startup: false, activationEvent: 'onDebugResolve'
2025-07-01 02:33:35.685 [info] ExtensionService#_doActivateExtension vscode.npm, startup: false, activationEvent: 'onTerminalQuickFixRequest:ms-vscode.npm-command'
2025-07-01 02:35:30.243 [info] Extension host terminating: received terminate message from renderer
2025-07-01 02:35:30.246 [info] Lock '/home/labsuser/.local/share/code-server/User/workspaceStorage/3f1b5975/vscode.lock': Marking the lockfile as scheduled to be released in 6000 ms.
2025-07-01 02:35:30.270 [info] Extension host with pid 4166 exiting with code 0
