2025-07-10 23:54:40.766 [info] Reading sessions from keychain...
2025-07-10 23:54:40.766 [info] Getting sessions for all scopes...
2025-07-10 23:54:40.766 [info] Getting sessions for all scopes...
2025-07-10 23:54:40.852 [info] Getting sessions for read:user,repo,user:email,workflow...
2025-07-10 23:54:40.852 [info] Got 0 sessions for ...
2025-07-10 23:54:40.856 [info] Got 0 sessions for ...
2025-07-10 23:54:40.856 [info] Got 0 sessions for read:user,repo,user:email,workflow...
2025-07-10 23:54:43.220 [info] Logging in for the following scopes: read:user repo user:email workflow
2025-07-10 23:54:43.321 [info] Trying device code flow... (read:user repo user:email workflow)
2025-07-10 23:55:08.709 [info] Getting user info...
2025-07-10 23:55:08.911 [info] Got account info!
2025-07-10 23:55:08.911 [info] Storing 1 sessions...
2025-07-10 23:55:09.011 [info] Reading sessions from keychain...
2025-07-10 23:55:09.011 [info] Stored 1 sessions!
2025-07-10 23:55:09.012 [info] Login success!
2025-07-10 23:55:09.104 [info] Got stored sessions!
2025-07-10 23:55:09.104 [info] Got 1 verified sessions.
2025-07-11 01:04:05.265 [info] Getting sessions for read:user,repo,user:email,workflow...
2025-07-11 01:04:05.268 [info] Got 1 sessions for read:user,repo,user:email,workflow...
2025-07-11 01:23:40.172 [info] Getting sessions for read:user,repo,user:email,workflow...
2025-07-11 01:23:40.173 [info] Got 1 sessions for read:user,repo,user:email,workflow...
2025-07-11 01:35:09.411 [info] Getting sessions for read:user,repo,user:email,workflow...
2025-07-11 01:35:09.412 [info] Got 1 sessions for read:user,repo,user:email,workflow...
2025-07-11 01:38:40.030 [info] Getting sessions for read:user,repo,user:email,workflow...
2025-07-11 01:38:40.031 [info] Got 1 sessions for read:user,repo,user:email,workflow...
2025-07-11 01:40:49.028 [info] Getting sessions for read:user,repo,user:email,workflow...
2025-07-11 01:40:49.029 [info] Got 1 sessions for read:user,repo,user:email,workflow...
2025-07-11 01:48:41.549 [info] Getting sessions for read:user,repo,user:email,workflow...
2025-07-11 01:48:41.550 [info] Got 1 sessions for read:user,repo,user:email,workflow...
2025-07-11 01:49:50.828 [info] Getting sessions for read:user,repo,user:email,workflow...
2025-07-11 01:49:50.829 [info] Got 1 sessions for read:user,repo,user:email,workflow...
2025-07-11 01:50:04.809 [info] Getting sessions for read:user,repo,user:email,workflow...
2025-07-11 01:50:04.809 [info] Got 1 sessions for read:user,repo,user:email,workflow...
2025-07-11 02:32:58.943 [info] Getting sessions for read:user,repo,user:email,workflow...
2025-07-11 02:32:58.944 [info] Got 1 sessions for read:user,repo,user:email,workflow...
2025-07-11 02:33:18.106 [info] Getting sessions for read:user,repo,user:email,workflow...
2025-07-11 02:33:18.106 [info] Got 1 sessions for read:user,repo,user:email,workflow...
