2025-07-11 02:38:18.459 [info] Log level: Info
2025-07-11 02:38:18.459 [info] Validating found git in: "git"
2025-07-11 02:38:18.459 [info] Using git "2.25.1" from "git"
2025-07-11 02:38:18.459 [info] > git rev-parse --show-toplevel [11ms]
2025-07-11 02:38:18.459 [info] > git rev-parse --git-dir --git-common-dir [8ms]
2025-07-11 02:38:18.459 [info] Open repository: /home/labsuser
2025-07-11 02:38:18.459 [info] > git rev-parse --show-toplevel [7ms]
2025-07-11 02:38:18.459 [info] > git config --get commit.template [8ms]
2025-07-11 02:38:18.459 [info] > git rev-parse --show-toplevel [10ms]
2025-07-11 02:38:18.459 [info] > git rev-parse --show-toplevel [21ms]
2025-07-11 02:38:18.463 [info] > git for-each-ref --format=%(refname)%00%(upstream:short)%00%(objectname)%00%(upstream:track)%00%(upstream:remotename)%00%(upstream:remoteref) refs/heads/main refs/remotes/main [38ms]
2025-07-11 02:38:18.463 [info] > git rev-parse --show-toplevel [10ms]
2025-07-11 02:38:18.463 [info] > git status -z -uall [475ms]
2025-07-11 02:38:18.463 [info] > git rev-parse --show-toplevel [482ms]
2025-07-11 02:38:18.463 [info] > git rev-parse --show-toplevel [25ms]
2025-07-11 02:38:18.463 [info] > git config --get commit.template [7ms]
2025-07-11 02:38:18.474 [info] > git for-each-ref --format=%(refname)%00%(upstream:short)%00%(objectname)%00%(upstream:track)%00%(upstream:remotename)%00%(upstream:remoteref) refs/heads/main refs/remotes/main [21ms]
2025-07-11 02:38:18.552 [info] > git status -z -uall [69ms]
2025-07-11 02:38:18.824 [info] > git show --textconv :sklearn_crypto_pipeline.py [41ms]
2025-07-11 02:38:18.825 [info] > git ls-files --stage -- /home/labsuser/sklearn_crypto_pipeline.py [31ms]
2025-07-11 02:38:18.898 [info] > git cat-file -s a104132975cb770844242eefd22d6aae39769114 [18ms]
2025-07-11 02:38:19.111 [info] > git check-ignore -v -z --stdin [108ms]
2025-07-11 02:38:22.615 [info] > git config --get commit.template [10ms]
2025-07-11 02:38:22.632 [info] > git for-each-ref --format=%(refname)%00%(upstream:short)%00%(objectname)%00%(upstream:track)%00%(upstream:remotename)%00%(upstream:remoteref) refs/heads/main refs/remotes/main [18ms]
2025-07-11 02:38:22.698 [info] > git status -z -uall [56ms]
2025-07-11 02:38:27.727 [info] > git config --get commit.template [11ms]
2025-07-11 02:38:27.743 [info] > git for-each-ref --format=%(refname)%00%(upstream:short)%00%(objectname)%00%(upstream:track)%00%(upstream:remotename)%00%(upstream:remoteref) refs/heads/main refs/remotes/main [16ms]
2025-07-11 02:38:27.806 [info] > git status -z -uall [52ms]
2025-07-11 02:38:30.842 [info] > git ls-files --stage -- /home/labsuser/sklearn_crypto_pipeline.py [8ms]
2025-07-11 02:38:30.859 [info] > git cat-file -s a104132975cb770844242eefd22d6aae39769114 [9ms]
2025-07-11 02:38:30.979 [info] > git show --textconv :sklearn_crypto_pipeline.py [16ms]
2025-07-11 02:38:32.831 [info] > git config --get commit.template [9ms]
2025-07-11 02:38:32.848 [info] > git for-each-ref --format=%(refname)%00%(upstream:short)%00%(objectname)%00%(upstream:track)%00%(upstream:remotename)%00%(upstream:remoteref) refs/heads/main refs/remotes/main [18ms]
2025-07-11 02:38:32.914 [info] > git status -z -uall [57ms]
2025-07-11 02:39:05.191 [info] > git config --get commit.template [9ms]
2025-07-11 02:39:05.214 [info] > git for-each-ref --format=%(refname)%00%(upstream:short)%00%(objectname)%00%(upstream:track)%00%(upstream:remotename)%00%(upstream:remoteref) refs/heads/main refs/remotes/main [24ms]
2025-07-11 02:39:05.290 [info] > git status -z -uall [68ms]
2025-07-11 02:39:09.107 [info] > git ls-files --stage -- /home/labsuser/sklearn_crypto_pipeline.py [9ms]
2025-07-11 02:39:09.124 [info] > git cat-file -s a104132975cb770844242eefd22d6aae39769114 [11ms]
2025-07-11 02:39:09.257 [info] > git show --textconv :sklearn_crypto_pipeline.py [17ms]
2025-07-11 02:39:10.309 [info] No remotes found in the git config file.
2025-07-11 02:39:10.315 [info] > git config --get commit.template [7ms]
2025-07-11 02:39:10.332 [info] > git for-each-ref --format=%(refname)%00%(upstream:short)%00%(objectname)%00%(upstream:track)%00%(upstream:remotename)%00%(upstream:remoteref) refs/heads/main refs/remotes/main [18ms]
2025-07-11 02:39:10.391 [info] > git status -z -uall [53ms]
2025-07-11 02:39:30.586 [info] No remotes found in the git config file.
2025-07-11 02:39:30.587 [info] > git config --get commit.template [7ms]
2025-07-11 02:39:30.604 [info] > git for-each-ref --format=%(refname)%00%(upstream:short)%00%(objectname)%00%(upstream:track)%00%(upstream:remotename)%00%(upstream:remoteref) refs/heads/main refs/remotes/main [18ms]
2025-07-11 02:39:30.665 [info] > git status -z -uall [55ms]
2025-07-11 02:39:33.412 [info] > git ls-files --stage -- /home/labsuser/sklearn_crypto_pipeline.py [9ms]
2025-07-11 02:39:33.429 [info] > git cat-file -s a104132975cb770844242eefd22d6aae39769114 [11ms]
2025-07-11 02:39:33.547 [info] > git show --textconv :sklearn_crypto_pipeline.py [16ms]
2025-07-11 02:39:42.291 [info] > git config --get commit.template [7ms]
2025-07-11 02:39:42.306 [info] > git for-each-ref --format=%(refname)%00%(upstream:short)%00%(objectname)%00%(upstream:track)%00%(upstream:remotename)%00%(upstream:remoteref) refs/heads/main refs/remotes/main [16ms]
2025-07-11 02:39:42.369 [info] > git status -z -uall [56ms]
2025-07-11 02:39:45.222 [info] > git ls-files --stage -- /home/labsuser/sklearn_crypto_pipeline.py [10ms]
2025-07-11 02:39:45.240 [info] > git cat-file -s a104132975cb770844242eefd22d6aae39769114 [11ms]
2025-07-11 02:39:45.363 [info] > git show --textconv :sklearn_crypto_pipeline.py [16ms]
2025-07-11 02:39:59.756 [info] > git config --get commit.template [7ms]
2025-07-11 02:39:59.774 [info] > git for-each-ref --format=%(refname)%00%(upstream:short)%00%(objectname)%00%(upstream:track)%00%(upstream:remotename)%00%(upstream:remoteref) refs/heads/main refs/remotes/main [19ms]
2025-07-11 02:39:59.835 [info] > git status -z -uall [55ms]
2025-07-11 02:40:04.857 [info] > git config --get commit.template [7ms]
2025-07-11 02:40:04.873 [info] > git for-each-ref --format=%(refname)%00%(upstream:short)%00%(objectname)%00%(upstream:track)%00%(upstream:remotename)%00%(upstream:remoteref) refs/heads/main refs/remotes/main [17ms]
2025-07-11 02:40:04.939 [info] > git status -z -uall [58ms]
2025-07-11 02:40:09.960 [info] > git config --get commit.template [8ms]
2025-07-11 02:40:09.977 [info] > git for-each-ref --format=%(refname)%00%(upstream:short)%00%(objectname)%00%(upstream:track)%00%(upstream:remotename)%00%(upstream:remoteref) refs/heads/main refs/remotes/main [17ms]
2025-07-11 02:40:10.036 [info] > git status -z -uall [52ms]
2025-07-11 02:40:15.057 [info] > git config --get commit.template [7ms]
2025-07-11 02:40:15.074 [info] > git for-each-ref --format=%(refname)%00%(upstream:short)%00%(objectname)%00%(upstream:track)%00%(upstream:remotename)%00%(upstream:remoteref) refs/heads/main refs/remotes/main [16ms]
2025-07-11 02:40:15.132 [info] > git status -z -uall [51ms]
2025-07-11 02:41:47.304 [info] > git config --get commit.template [9ms]
2025-07-11 02:41:47.327 [info] > git for-each-ref --format=%(refname)%00%(upstream:short)%00%(objectname)%00%(upstream:track)%00%(upstream:remotename)%00%(upstream:remoteref) refs/heads/main refs/remotes/main [25ms]
2025-07-11 02:41:47.416 [info] > git status -z -uall [82ms]
2025-07-11 02:41:47.424 [info] > git ls-files --stage -- /home/labsuser/sklearn_crypto_pipeline.py [12ms]
2025-07-11 02:41:47.441 [info] > git cat-file -s a104132975cb770844242eefd22d6aae39769114 [10ms]
2025-07-11 02:41:47.570 [info] > git show --textconv :sklearn_crypto_pipeline.py [16ms]
2025-07-11 02:41:52.439 [info] > git config --get commit.template [7ms]
2025-07-11 02:41:52.456 [info] > git for-each-ref --format=%(refname)%00%(upstream:short)%00%(objectname)%00%(upstream:track)%00%(upstream:remotename)%00%(upstream:remoteref) refs/heads/main refs/remotes/main [17ms]
2025-07-11 02:41:52.516 [info] > git status -z -uall [53ms]
2025-07-11 02:41:57.545 [info] > git config --get commit.template [12ms]
2025-07-11 02:41:57.574 [info] > git for-each-ref --format=%(refname)%00%(upstream:short)%00%(objectname)%00%(upstream:track)%00%(upstream:remotename)%00%(upstream:remoteref) refs/heads/main refs/remotes/main [34ms]
2025-07-11 02:41:57.642 [info] > git status -z -uall [60ms]
2025-07-11 02:42:02.664 [info] > git config --get commit.template [7ms]
2025-07-11 02:42:02.689 [info] > git for-each-ref --format=%(refname)%00%(upstream:short)%00%(objectname)%00%(upstream:track)%00%(upstream:remotename)%00%(upstream:remoteref) refs/heads/main refs/remotes/main [26ms]
2025-07-11 02:42:02.764 [info] > git status -z -uall [67ms]
2025-07-11 02:42:07.786 [info] > git config --get commit.template [8ms]
2025-07-11 02:42:07.802 [info] > git for-each-ref --format=%(refname)%00%(upstream:short)%00%(objectname)%00%(upstream:track)%00%(upstream:remotename)%00%(upstream:remoteref) refs/heads/main refs/remotes/main [17ms]
2025-07-11 02:42:07.860 [info] > git status -z -uall [50ms]
2025-07-11 02:42:12.880 [info] > git config --get commit.template [7ms]
2025-07-11 02:42:12.900 [info] > git for-each-ref --format=%(refname)%00%(upstream:short)%00%(objectname)%00%(upstream:track)%00%(upstream:remotename)%00%(upstream:remoteref) refs/heads/main refs/remotes/main [21ms]
2025-07-11 02:42:12.968 [info] > git status -z -uall [61ms]
2025-07-11 02:42:17.992 [info] > git config --get commit.template [11ms]
2025-07-11 02:42:18.032 [info] > git for-each-ref --format=%(refname)%00%(upstream:short)%00%(objectname)%00%(upstream:track)%00%(upstream:remotename)%00%(upstream:remoteref) refs/heads/main refs/remotes/main [44ms]
2025-07-11 02:42:18.115 [info] > git status -z -uall [76ms]
2025-07-11 02:42:23.135 [info] > git config --get commit.template [7ms]
2025-07-11 02:42:23.153 [info] > git for-each-ref --format=%(refname)%00%(upstream:short)%00%(objectname)%00%(upstream:track)%00%(upstream:remotename)%00%(upstream:remoteref) refs/heads/main refs/remotes/main [17ms]
2025-07-11 02:42:23.210 [info] > git status -z -uall [51ms]
2025-07-11 02:42:46.063 [info] > git config --get commit.template [6ms]
2025-07-11 02:42:46.080 [info] > git for-each-ref --format=%(refname)%00%(upstream:short)%00%(objectname)%00%(upstream:track)%00%(upstream:remotename)%00%(upstream:remoteref) refs/heads/main refs/remotes/main [18ms]
2025-07-11 02:42:46.135 [info] > git status -z -uall [50ms]
2025-07-11 02:42:51.155 [info] > git config --get commit.template [6ms]
2025-07-11 02:42:51.175 [info] > git for-each-ref --format=%(refname)%00%(upstream:short)%00%(objectname)%00%(upstream:track)%00%(upstream:remotename)%00%(upstream:remoteref) refs/heads/main refs/remotes/main [20ms]
2025-07-11 02:42:51.246 [info] > git status -z -uall [62ms]
2025-07-11 02:42:55.963 [info] > git ls-files --stage -- /home/labsuser/sklearn_crypto_pipeline.py [8ms]
2025-07-11 02:42:55.983 [info] > git cat-file -s 34e4b54837b50cba13f2899c4b9064b41ed7e362 [14ms]
2025-07-11 02:42:56.101 [info] > git show --textconv :sklearn_crypto_pipeline.py [17ms]
2025-07-11 02:42:56.267 [info] > git config --get commit.template [8ms]
2025-07-11 02:42:56.293 [info] > git for-each-ref --format=%(refname)%00%(upstream:short)%00%(objectname)%00%(upstream:track)%00%(upstream:remotename)%00%(upstream:remoteref) refs/heads/main refs/remotes/main [27ms]
2025-07-11 02:42:56.355 [info] > git status -z -uall [56ms]
2025-07-11 02:43:01.377 [info] > git config --get commit.template [7ms]
2025-07-11 02:43:01.399 [info] > git for-each-ref --format=%(refname)%00%(upstream:short)%00%(objectname)%00%(upstream:track)%00%(upstream:remotename)%00%(upstream:remoteref) refs/heads/main refs/remotes/main [22ms]
2025-07-11 02:43:01.458 [info] > git status -z -uall [53ms]
2025-07-11 02:43:06.478 [info] > git config --get commit.template [7ms]
2025-07-11 02:43:06.499 [info] > git for-each-ref --format=%(refname)%00%(upstream:short)%00%(objectname)%00%(upstream:track)%00%(upstream:remotename)%00%(upstream:remoteref) refs/heads/main refs/remotes/main [22ms]
2025-07-11 02:43:06.554 [info] > git status -z -uall [49ms]
2025-07-11 02:43:11.575 [info] > git config --get commit.template [6ms]
2025-07-11 02:43:11.595 [info] > git for-each-ref --format=%(refname)%00%(upstream:short)%00%(objectname)%00%(upstream:track)%00%(upstream:remotename)%00%(upstream:remoteref) refs/heads/main refs/remotes/main [20ms]
2025-07-11 02:43:11.655 [info] > git status -z -uall [54ms]
2025-07-11 02:43:16.674 [info] > git config --get commit.template [7ms]
2025-07-11 02:43:16.693 [info] > git for-each-ref --format=%(refname)%00%(upstream:short)%00%(objectname)%00%(upstream:track)%00%(upstream:remotename)%00%(upstream:remoteref) refs/heads/main refs/remotes/main [20ms]
2025-07-11 02:43:16.750 [info] > git status -z -uall [52ms]
2025-07-11 02:43:24.579 [info] > git config --get commit.template [7ms]
2025-07-11 02:43:24.601 [info] > git for-each-ref --format=%(refname)%00%(upstream:short)%00%(objectname)%00%(upstream:track)%00%(upstream:remotename)%00%(upstream:remoteref) refs/heads/main refs/remotes/main [23ms]
2025-07-11 02:43:24.664 [info] > git status -z -uall [58ms]
2025-07-11 02:43:29.685 [info] > git config --get commit.template [9ms]
2025-07-11 02:43:29.712 [info] > git for-each-ref --format=%(refname)%00%(upstream:short)%00%(objectname)%00%(upstream:track)%00%(upstream:remotename)%00%(upstream:remoteref) refs/heads/main refs/remotes/main [28ms]
2025-07-11 02:43:29.774 [info] > git status -z -uall [55ms]
2025-07-11 02:43:34.794 [info] > git config --get commit.template [7ms]
2025-07-11 02:43:34.814 [info] > git for-each-ref --format=%(refname)%00%(upstream:short)%00%(objectname)%00%(upstream:track)%00%(upstream:remotename)%00%(upstream:remoteref) refs/heads/main refs/remotes/main [21ms]
2025-07-11 02:43:34.874 [info] > git status -z -uall [54ms]
2025-07-11 02:43:39.893 [info] > git config --get commit.template [6ms]
2025-07-11 02:43:39.913 [info] > git for-each-ref --format=%(refname)%00%(upstream:short)%00%(objectname)%00%(upstream:track)%00%(upstream:remotename)%00%(upstream:remoteref) refs/heads/main refs/remotes/main [20ms]
2025-07-11 02:43:39.969 [info] > git status -z -uall [51ms]
2025-07-11 02:43:44.988 [info] > git config --get commit.template [6ms]
2025-07-11 02:43:45.010 [info] > git for-each-ref --format=%(refname)%00%(upstream:short)%00%(objectname)%00%(upstream:track)%00%(upstream:remotename)%00%(upstream:remoteref) refs/heads/main refs/remotes/main [22ms]
2025-07-11 02:43:45.075 [info] > git status -z -uall [58ms]
2025-07-11 02:43:50.095 [info] > git config --get commit.template [7ms]
2025-07-11 02:43:50.116 [info] > git for-each-ref --format=%(refname)%00%(upstream:short)%00%(objectname)%00%(upstream:track)%00%(upstream:remotename)%00%(upstream:remoteref) refs/heads/main refs/remotes/main [22ms]
2025-07-11 02:43:50.174 [info] > git status -z -uall [53ms]
2025-07-11 02:43:55.195 [info] > git config --get commit.template [6ms]
2025-07-11 02:43:55.218 [info] > git for-each-ref --format=%(refname)%00%(upstream:short)%00%(objectname)%00%(upstream:track)%00%(upstream:remotename)%00%(upstream:remoteref) refs/heads/main refs/remotes/main [24ms]
2025-07-11 02:43:55.288 [info] > git status -z -uall [64ms]
2025-07-11 02:44:00.308 [info] > git config --get commit.template [6ms]
2025-07-11 02:44:00.329 [info] > git for-each-ref --format=%(refname)%00%(upstream:short)%00%(objectname)%00%(upstream:track)%00%(upstream:remotename)%00%(upstream:remoteref) refs/heads/main refs/remotes/main [21ms]
2025-07-11 02:44:00.390 [info] > git status -z -uall [55ms]
2025-07-11 02:44:05.410 [info] > git config --get commit.template [6ms]
2025-07-11 02:44:05.431 [info] > git for-each-ref --format=%(refname)%00%(upstream:short)%00%(objectname)%00%(upstream:track)%00%(upstream:remotename)%00%(upstream:remoteref) refs/heads/main refs/remotes/main [21ms]
2025-07-11 02:44:05.490 [info] > git status -z -uall [53ms]
2025-07-11 02:44:06.853 [info] > git check-ignore -v -z --stdin [10ms]
2025-07-11 02:44:07.819 [info] > git ls-files --stage -- /home/labsuser/sklearn_crypto_pipeline.py [9ms]
2025-07-11 02:44:07.834 [info] > git cat-file -s 34e4b54837b50cba13f2899c4b9064b41ed7e362 [10ms]
2025-07-11 02:44:07.951 [info] > git show --textconv :sklearn_crypto_pipeline.py [16ms]
2025-07-11 02:44:10.531 [info] > git for-each-ref --format=%(refname)%00%(upstream:short)%00%(objectname)%00%(upstream:track)%00%(upstream:remotename)%00%(upstream:remoteref) refs/heads/main refs/remotes/main [25ms]
2025-07-11 02:44:10.597 [info] > git status -z -uall [59ms]
2025-07-11 02:44:13.351 [info] > git ls-files --stage -- /home/labsuser/sklearn_crypto_pipeline.py [8ms]
2025-07-11 02:44:13.367 [info] > git cat-file -s 34e4b54837b50cba13f2899c4b9064b41ed7e362 [11ms]
2025-07-11 02:44:13.485 [info] > git show --textconv :sklearn_crypto_pipeline.py [17ms]
2025-07-11 02:44:15.660 [info] > git for-each-ref --format=%(refname)%00%(upstream:short)%00%(objectname)%00%(upstream:track)%00%(upstream:remotename)%00%(upstream:remoteref) refs/heads/main refs/remotes/main [47ms]
2025-07-11 02:44:15.736 [info] > git status -z -uall [68ms]
2025-07-11 02:44:20.773 [info] > git for-each-ref --format=%(refname)%00%(upstream:short)%00%(objectname)%00%(upstream:track)%00%(upstream:remotename)%00%(upstream:remoteref) refs/heads/main refs/remotes/main [23ms]
2025-07-11 02:44:20.843 [info] > git status -z -uall [64ms]
2025-07-11 02:44:25.885 [info] > git for-each-ref --format=%(refname)%00%(upstream:short)%00%(objectname)%00%(upstream:track)%00%(upstream:remotename)%00%(upstream:remoteref) refs/heads/main refs/remotes/main [26ms]
2025-07-11 02:44:25.967 [info] > git status -z -uall [77ms]
2025-07-11 02:44:32.703 [info] > git for-each-ref --format=%(refname)%00%(upstream:short)%00%(objectname)%00%(upstream:track)%00%(upstream:remotename)%00%(upstream:remoteref) refs/heads/main refs/remotes/main [23ms]
2025-07-11 02:44:32.762 [info] > git status -z -uall [54ms]
2025-07-11 02:44:37.800 [info] > git for-each-ref --format=%(refname)%00%(upstream:short)%00%(objectname)%00%(upstream:track)%00%(upstream:remotename)%00%(upstream:remoteref) refs/heads/main refs/remotes/main [23ms]
2025-07-11 02:44:37.865 [info] > git status -z -uall [58ms]
2025-07-11 02:44:42.899 [info] > git for-each-ref --format=%(refname)%00%(upstream:short)%00%(objectname)%00%(upstream:track)%00%(upstream:remotename)%00%(upstream:remoteref) refs/heads/main refs/remotes/main [21ms]
2025-07-11 02:44:42.959 [info] > git status -z -uall [54ms]
2025-07-11 02:44:47.996 [info] > git for-each-ref --format=%(refname)%00%(upstream:short)%00%(objectname)%00%(upstream:track)%00%(upstream:remotename)%00%(upstream:remoteref) refs/heads/main refs/remotes/main [22ms]
2025-07-11 02:44:48.058 [info] > git status -z -uall [55ms]
2025-07-11 02:44:49.727 [info] > git ls-files --stage -- /home/labsuser/sklearn_crypto_pipeline.py [8ms]
2025-07-11 02:44:49.742 [info] > git cat-file -s 34e4b54837b50cba13f2899c4b9064b41ed7e362 [10ms]
2025-07-11 02:44:49.858 [info] > git show --textconv :sklearn_crypto_pipeline.py [15ms]
2025-07-11 02:44:53.095 [info] > git for-each-ref --format=%(refname)%00%(upstream:short)%00%(objectname)%00%(upstream:track)%00%(upstream:remotename)%00%(upstream:remoteref) refs/heads/main refs/remotes/main [23ms]
2025-07-11 02:44:53.157 [info] > git status -z -uall [55ms]
2025-07-11 02:44:58.196 [info] > git for-each-ref --format=%(refname)%00%(upstream:short)%00%(objectname)%00%(upstream:track)%00%(upstream:remotename)%00%(upstream:remoteref) refs/heads/main refs/remotes/main [24ms]
2025-07-11 02:44:58.258 [info] > git status -z -uall [55ms]
2025-07-11 02:44:58.976 [info] > git ls-files --stage -- /home/labsuser/sklearn_crypto_pipeline.py [8ms]
2025-07-11 02:44:58.991 [info] > git cat-file -s 34e4b54837b50cba13f2899c4b9064b41ed7e362 [9ms]
2025-07-11 02:44:59.114 [info] > git show --textconv :sklearn_crypto_pipeline.py [16ms]
2025-07-11 02:45:03.295 [info] > git for-each-ref --format=%(refname)%00%(upstream:short)%00%(objectname)%00%(upstream:track)%00%(upstream:remotename)%00%(upstream:remoteref) refs/heads/main refs/remotes/main [22ms]
2025-07-11 02:45:03.356 [info] > git status -z -uall [55ms]
2025-07-11 02:45:08.397 [info] > git for-each-ref --format=%(refname)%00%(upstream:short)%00%(objectname)%00%(upstream:track)%00%(upstream:remotename)%00%(upstream:remoteref) refs/heads/main refs/remotes/main [27ms]
2025-07-11 02:45:08.462 [info] > git status -z -uall [58ms]
2025-07-11 02:45:13.501 [info] > git for-each-ref --format=%(refname)%00%(upstream:short)%00%(objectname)%00%(upstream:track)%00%(upstream:remotename)%00%(upstream:remoteref) refs/heads/main refs/remotes/main [26ms]
2025-07-11 02:45:13.570 [info] > git status -z -uall [63ms]
2025-07-11 02:45:15.463 [info] > git ls-files --stage -- /home/labsuser/sklearn_crypto_pipeline.py [8ms]
2025-07-11 02:45:15.479 [info] > git cat-file -s 34e4b54837b50cba13f2899c4b9064b41ed7e362 [10ms]
2025-07-11 02:45:15.608 [info] > git show --textconv :sklearn_crypto_pipeline.py [15ms]
2025-07-11 02:45:18.604 [info] > git for-each-ref --format=%(refname)%00%(upstream:short)%00%(objectname)%00%(upstream:track)%00%(upstream:remotename)%00%(upstream:remoteref) refs/heads/main refs/remotes/main [20ms]
2025-07-11 02:45:18.664 [info] > git status -z -uall [52ms]
2025-07-11 02:45:23.701 [info] > git for-each-ref --format=%(refname)%00%(upstream:short)%00%(objectname)%00%(upstream:track)%00%(upstream:remotename)%00%(upstream:remoteref) refs/heads/main refs/remotes/main [23ms]
2025-07-11 02:45:23.763 [info] > git status -z -uall [57ms]
2025-07-11 02:45:26.344 [info] > git ls-files --stage -- /home/labsuser/sklearn_crypto_pipeline.py [8ms]
2025-07-11 02:45:26.359 [info] > git cat-file -s 34e4b54837b50cba13f2899c4b9064b41ed7e362 [10ms]
2025-07-11 02:45:26.485 [info] > git show --textconv :sklearn_crypto_pipeline.py [17ms]
2025-07-11 02:45:28.800 [info] > git for-each-ref --format=%(refname)%00%(upstream:short)%00%(objectname)%00%(upstream:track)%00%(upstream:remotename)%00%(upstream:remoteref) refs/heads/main refs/remotes/main [22ms]
2025-07-11 02:45:28.863 [info] > git status -z -uall [56ms]
2025-07-11 02:45:31.722 [info] > git check-ignore -v -z --stdin [9ms]
2025-07-11 02:45:37.706 [info] > git for-each-ref --format=%(refname)%00%(upstream:short)%00%(objectname)%00%(upstream:track)%00%(upstream:remotename)%00%(upstream:remoteref) refs/heads/main refs/remotes/main [21ms]
2025-07-11 02:45:37.765 [info] > git status -z -uall [54ms]
2025-07-11 02:45:46.303 [info] > git for-each-ref --format=%(refname)%00%(upstream:short)%00%(objectname)%00%(upstream:track)%00%(upstream:remotename)%00%(upstream:remoteref) refs/heads/main refs/remotes/main [29ms]
2025-07-11 02:45:46.368 [info] > git status -z -uall [59ms]
2025-07-11 02:45:46.914 [info] > git ls-files --stage -- /home/labsuser/main.py [8ms]
2025-07-11 02:45:46.919 [info] > git show --textconv :main.py [20ms]
2025-07-11 02:45:46.932 [info] > git cat-file -s b23de9da899815136d4a0984aaf67fabd448f116 [13ms]
2025-07-11 02:45:51.405 [info] > git for-each-ref --format=%(refname)%00%(upstream:short)%00%(objectname)%00%(upstream:track)%00%(upstream:remotename)%00%(upstream:remoteref) refs/heads/main refs/remotes/main [22ms]
2025-07-11 02:45:51.465 [info] > git status -z -uall [54ms]
2025-07-11 02:45:56.504 [info] > git for-each-ref --format=%(refname)%00%(upstream:short)%00%(objectname)%00%(upstream:track)%00%(upstream:remotename)%00%(upstream:remoteref) refs/heads/main refs/remotes/main [25ms]
2025-07-11 02:45:56.578 [info] > git status -z -uall [69ms]
2025-07-11 02:46:01.615 [info] > git for-each-ref --format=%(refname)%00%(upstream:short)%00%(objectname)%00%(upstream:track)%00%(upstream:remotename)%00%(upstream:remoteref) refs/heads/main refs/remotes/main [23ms]
2025-07-11 02:46:01.676 [info] > git status -z -uall [55ms]
2025-07-11 02:46:06.713 [info] > git for-each-ref --format=%(refname)%00%(upstream:short)%00%(objectname)%00%(upstream:track)%00%(upstream:remotename)%00%(upstream:remoteref) refs/heads/main refs/remotes/main [22ms]
2025-07-11 02:46:06.773 [info] > git status -z -uall [55ms]
2025-07-11 02:46:11.814 [info] > git for-each-ref --format=%(refname)%00%(upstream:short)%00%(objectname)%00%(upstream:track)%00%(upstream:remotename)%00%(upstream:remoteref) refs/heads/main refs/remotes/main [25ms]
2025-07-11 02:46:11.877 [info] > git status -z -uall [58ms]
2025-07-11 02:46:16.916 [info] > git for-each-ref --format=%(refname)%00%(upstream:short)%00%(objectname)%00%(upstream:track)%00%(upstream:remotename)%00%(upstream:remoteref) refs/heads/main refs/remotes/main [24ms]
2025-07-11 02:46:16.983 [info] > git status -z -uall [61ms]
2025-07-11 02:46:22.021 [info] > git for-each-ref --format=%(refname)%00%(upstream:short)%00%(objectname)%00%(upstream:track)%00%(upstream:remotename)%00%(upstream:remoteref) refs/heads/main refs/remotes/main [22ms]
2025-07-11 02:46:22.082 [info] > git status -z -uall [56ms]
2025-07-11 02:46:27.119 [info] > git for-each-ref --format=%(refname)%00%(upstream:short)%00%(objectname)%00%(upstream:track)%00%(upstream:remotename)%00%(upstream:remoteref) refs/heads/main refs/remotes/main [22ms]
2025-07-11 02:46:27.177 [info] > git status -z -uall [52ms]
2025-07-11 02:46:32.212 [info] > git for-each-ref --format=%(refname)%00%(upstream:short)%00%(objectname)%00%(upstream:track)%00%(upstream:remotename)%00%(upstream:remoteref) refs/heads/main refs/remotes/main [18ms]
2025-07-11 02:46:32.273 [info] > git status -z -uall [54ms]
2025-07-11 02:46:32.914 [info] > git ls-files --stage -- /home/labsuser/loaders.py [7ms]
2025-07-11 02:46:32.919 [info] > git show --textconv :loaders.py [17ms]
2025-07-11 02:46:32.930 [info] > git cat-file -s 54501a50f8058abe7de8bf3ae96a05e5f19890d3 [12ms]
2025-07-11 02:46:37.304 [info] > git for-each-ref --format=%(refname)%00%(upstream:short)%00%(objectname)%00%(upstream:track)%00%(upstream:remotename)%00%(upstream:remoteref) refs/heads/main refs/remotes/main [17ms]
2025-07-11 02:46:37.359 [info] > git status -z -uall [50ms]
2025-07-11 02:46:42.391 [info] > git for-each-ref --format=%(refname)%00%(upstream:short)%00%(objectname)%00%(upstream:track)%00%(upstream:remotename)%00%(upstream:remoteref) refs/heads/main refs/remotes/main [18ms]
2025-07-11 02:46:42.445 [info] > git status -z -uall [48ms]
2025-07-11 02:46:47.479 [info] > git for-each-ref --format=%(refname)%00%(upstream:short)%00%(objectname)%00%(upstream:track)%00%(upstream:remotename)%00%(upstream:remoteref) refs/heads/main refs/remotes/main [19ms]
2025-07-11 02:46:47.537 [info] > git status -z -uall [52ms]
2025-07-11 02:46:52.570 [info] > git for-each-ref --format=%(refname)%00%(upstream:short)%00%(objectname)%00%(upstream:track)%00%(upstream:remotename)%00%(upstream:remoteref) refs/heads/main refs/remotes/main [18ms]
2025-07-11 02:46:52.623 [info] > git status -z -uall [47ms]
2025-07-11 02:46:57.656 [info] > git for-each-ref --format=%(refname)%00%(upstream:short)%00%(objectname)%00%(upstream:track)%00%(upstream:remotename)%00%(upstream:remoteref) refs/heads/main refs/remotes/main [18ms]
2025-07-11 02:46:57.708 [info] > git status -z -uall [45ms]
2025-07-11 02:47:02.741 [info] > git for-each-ref --format=%(refname)%00%(upstream:short)%00%(objectname)%00%(upstream:track)%00%(upstream:remotename)%00%(upstream:remoteref) refs/heads/main refs/remotes/main [17ms]
2025-07-11 02:47:02.792 [info] > git status -z -uall [46ms]
2025-07-11 02:47:07.824 [info] > git for-each-ref --format=%(refname)%00%(upstream:short)%00%(objectname)%00%(upstream:track)%00%(upstream:remotename)%00%(upstream:remoteref) refs/heads/main refs/remotes/main [18ms]
2025-07-11 02:47:07.878 [info] > git status -z -uall [48ms]
2025-07-11 02:47:12.911 [info] > git for-each-ref --format=%(refname)%00%(upstream:short)%00%(objectname)%00%(upstream:track)%00%(upstream:remotename)%00%(upstream:remoteref) refs/heads/main refs/remotes/main [19ms]
2025-07-11 02:47:12.975 [info] > git status -z -uall [58ms]
2025-07-11 02:47:18.007 [info] > git for-each-ref --format=%(refname)%00%(upstream:short)%00%(objectname)%00%(upstream:track)%00%(upstream:remotename)%00%(upstream:remoteref) refs/heads/main refs/remotes/main [18ms]
2025-07-11 02:47:18.063 [info] > git status -z -uall [50ms]
2025-07-11 02:47:23.098 [info] > git for-each-ref --format=%(refname)%00%(upstream:short)%00%(objectname)%00%(upstream:track)%00%(upstream:remotename)%00%(upstream:remoteref) refs/heads/main refs/remotes/main [20ms]
2025-07-11 02:47:23.162 [info] > git status -z -uall [58ms]
2025-07-11 02:47:28.195 [info] > git for-each-ref --format=%(refname)%00%(upstream:short)%00%(objectname)%00%(upstream:track)%00%(upstream:remotename)%00%(upstream:remoteref) refs/heads/main refs/remotes/main [20ms]
2025-07-11 02:47:28.257 [info] > git status -z -uall [55ms]
2025-07-11 02:47:33.291 [info] > git for-each-ref --format=%(refname)%00%(upstream:short)%00%(objectname)%00%(upstream:track)%00%(upstream:remotename)%00%(upstream:remoteref) refs/heads/main refs/remotes/main [18ms]
2025-07-11 02:47:33.346 [info] > git status -z -uall [49ms]
2025-07-11 02:48:02.686 [info] > git for-each-ref --format=%(refname)%00%(upstream:short)%00%(objectname)%00%(upstream:track)%00%(upstream:remotename)%00%(upstream:remoteref) refs/heads/main refs/remotes/main [23ms]
2025-07-11 02:48:02.744 [info] > git status -z -uall [51ms]
2025-07-11 02:48:07.775 [info] > git for-each-ref --format=%(refname)%00%(upstream:short)%00%(objectname)%00%(upstream:track)%00%(upstream:remotename)%00%(upstream:remoteref) refs/heads/main refs/remotes/main [19ms]
2025-07-11 02:48:07.832 [info] > git status -z -uall [51ms]
2025-07-11 02:48:12.783 [info] > git ls-files --stage -- /home/labsuser/sklearn_crypto_pipeline.py [11ms]
2025-07-11 02:48:12.788 [info] > git ls-files --stage -- /home/labsuser/main.py [11ms]
2025-07-11 02:48:12.793 [info] > git ls-files --stage -- /home/labsuser/loaders.py [10ms]
2025-07-11 02:48:12.801 [info] > git cat-file -s c59c164e1b203e339e525319dd7a10167c329ffd [13ms]
2025-07-11 02:48:12.806 [info] > git cat-file -s 3b57927d3a15802c56f31fa0903cee01728d2355 [13ms]
2025-07-11 02:48:12.811 [info] > git cat-file -s 6c89f5d9ea1711f1ef458501815621b6fca31918 [13ms]
2025-07-11 02:48:12.862 [info] > git for-each-ref --format=%(refname)%00%(upstream:short)%00%(objectname)%00%(upstream:track)%00%(upstream:remotename)%00%(upstream:remoteref) refs/heads/main refs/remotes/main [17ms]
2025-07-11 02:48:12.929 [info] > git show --textconv :sklearn_crypto_pipeline.py [29ms]
2025-07-11 02:48:12.936 [info] > git show --textconv :main.py [30ms]
2025-07-11 02:48:12.940 [info] > git show --textconv :loaders.py [29ms]
2025-07-11 02:48:12.941 [info] > git status -z -uall [75ms]
2025-07-11 02:48:14.457 [info] > git ls-files --stage -- /home/labsuser/sklearn_crypto_pipeline.py [11ms]
2025-07-11 02:48:14.462 [info] > git ls-files --stage -- /home/labsuser/main.py [10ms]
2025-07-11 02:48:14.469 [info] > git ls-files --stage -- /home/labsuser/loaders.py [12ms]
2025-07-11 02:48:14.479 [info] > git cat-file -s c59c164e1b203e339e525319dd7a10167c329ffd [17ms]
2025-07-11 02:48:14.485 [info] > git cat-file -s 3b57927d3a15802c56f31fa0903cee01728d2355 [17ms]
2025-07-11 02:48:14.488 [info] > git cat-file -s 6c89f5d9ea1711f1ef458501815621b6fca31918 [14ms]
2025-07-11 02:48:14.603 [info] > git show --textconv :sklearn_crypto_pipeline.py [21ms]
2025-07-11 02:48:14.610 [info] > git show --textconv :main.py [22ms]
2025-07-11 02:48:14.614 [info] > git show --textconv :loaders.py [21ms]
2025-07-11 02:48:17.959 [info] > git config --get commit.template [6ms]
2025-07-11 02:48:17.985 [info] > git for-each-ref --format=%(refname)%00%(upstream:short)%00%(objectname)%00%(upstream:track)%00%(upstream:remotename)%00%(upstream:remoteref) refs/heads/main refs/remotes/main [26ms]
2025-07-11 02:48:18.047 [info] > git status -z -uall [57ms]
2025-07-11 02:48:39.574 [info] > git config --get commit.template [7ms]
2025-07-11 02:48:39.596 [info] > git for-each-ref --format=%(refname)%00%(upstream:short)%00%(objectname)%00%(upstream:track)%00%(upstream:remotename)%00%(upstream:remoteref) refs/heads/main refs/remotes/main [21ms]
2025-07-11 02:48:39.725 [info] > git status -z -uall [123ms]
2025-07-11 02:48:44.740 [info] > git config --get commit.template [6ms]
2025-07-11 02:48:44.760 [info] > git for-each-ref --format=%(refname)%00%(upstream:short)%00%(objectname)%00%(upstream:track)%00%(upstream:remotename)%00%(upstream:remoteref) refs/heads/main refs/remotes/main [20ms]
2025-07-11 02:48:44.819 [info] > git status -z -uall [54ms]
2025-07-11 02:48:49.837 [info] > git config --get commit.template [7ms]
2025-07-11 02:48:49.856 [info] > git for-each-ref --format=%(refname)%00%(upstream:short)%00%(objectname)%00%(upstream:track)%00%(upstream:remotename)%00%(upstream:remoteref) refs/heads/main refs/remotes/main [20ms]
2025-07-11 02:48:49.922 [info] > git status -z -uall [60ms]
2025-07-11 02:48:54.939 [info] > git config --get commit.template [7ms]
2025-07-11 02:48:54.963 [info] > git for-each-ref --format=%(refname)%00%(upstream:short)%00%(objectname)%00%(upstream:track)%00%(upstream:remotename)%00%(upstream:remoteref) refs/heads/main refs/remotes/main [24ms]
2025-07-11 02:48:55.024 [info] > git status -z -uall [56ms]
2025-07-11 02:49:00.042 [info] > git config --get commit.template [7ms]
2025-07-11 02:49:00.063 [info] > git for-each-ref --format=%(refname)%00%(upstream:short)%00%(objectname)%00%(upstream:track)%00%(upstream:remotename)%00%(upstream:remoteref) refs/heads/main refs/remotes/main [21ms]
2025-07-11 02:49:00.143 [info] > git status -z -uall [72ms]
2025-07-11 02:49:05.160 [info] > git config --get commit.template [6ms]
2025-07-11 02:49:05.180 [info] > git for-each-ref --format=%(refname)%00%(upstream:short)%00%(objectname)%00%(upstream:track)%00%(upstream:remotename)%00%(upstream:remoteref) refs/heads/main refs/remotes/main [20ms]
2025-07-11 02:49:05.289 [info] > git status -z -uall [103ms]
2025-07-11 02:49:10.304 [info] > git config --get commit.template [6ms]
2025-07-11 02:49:10.324 [info] > git for-each-ref --format=%(refname)%00%(upstream:short)%00%(objectname)%00%(upstream:track)%00%(upstream:remotename)%00%(upstream:remoteref) refs/heads/main refs/remotes/main [20ms]
2025-07-11 02:49:10.453 [info] > git status -z -uall [124ms]
2025-07-11 02:49:15.469 [info] > git config --get commit.template [6ms]
2025-07-11 02:49:15.497 [info] > git for-each-ref --format=%(refname)%00%(upstream:short)%00%(objectname)%00%(upstream:track)%00%(upstream:remotename)%00%(upstream:remoteref) refs/heads/main refs/remotes/main [28ms]
2025-07-11 02:49:15.563 [info] > git status -z -uall [61ms]
2025-07-11 02:49:17.662 [info] > git ls-files --stage -- /home/labsuser/sklearn_crypto_pipeline.py [11ms]
2025-07-11 02:49:17.666 [info] > git ls-files --stage -- /home/labsuser/main.py [10ms]
2025-07-11 02:49:17.672 [info] > git ls-files --stage -- /home/labsuser/loaders.py [10ms]
2025-07-11 02:49:17.676 [info] > git cat-file -s c59c164e1b203e339e525319dd7a10167c329ffd [10ms]
2025-07-11 02:49:17.681 [info] > git cat-file -s 3b57927d3a15802c56f31fa0903cee01728d2355 [10ms]
2025-07-11 02:49:17.686 [info] > git cat-file -s 6c89f5d9ea1711f1ef458501815621b6fca31918 [10ms]
2025-07-11 02:49:17.799 [info] > git show --textconv :sklearn_crypto_pipeline.py [15ms]
2025-07-11 02:49:17.805 [info] > git show --textconv :main.py [16ms]
2025-07-11 02:49:17.811 [info] > git show --textconv :loaders.py [17ms]
2025-07-11 02:49:20.579 [info] > git config --get commit.template [7ms]
2025-07-11 02:49:20.597 [info] > git for-each-ref --format=%(refname)%00%(upstream:short)%00%(objectname)%00%(upstream:track)%00%(upstream:remotename)%00%(upstream:remoteref) refs/heads/main refs/remotes/main [19ms]
2025-07-11 02:49:20.657 [info] > git status -z -uall [55ms]
2025-07-11 02:49:25.673 [info] > git config --get commit.template [7ms]
2025-07-11 02:49:25.692 [info] > git for-each-ref --format=%(refname)%00%(upstream:short)%00%(objectname)%00%(upstream:track)%00%(upstream:remotename)%00%(upstream:remoteref) refs/heads/main refs/remotes/main [20ms]
2025-07-11 02:49:25.749 [info] > git status -z -uall [53ms]
2025-07-11 02:49:30.766 [info] > git config --get commit.template [6ms]
2025-07-11 02:49:30.786 [info] > git for-each-ref --format=%(refname)%00%(upstream:short)%00%(objectname)%00%(upstream:track)%00%(upstream:remotename)%00%(upstream:remoteref) refs/heads/main refs/remotes/main [21ms]
2025-07-11 02:49:30.856 [info] > git status -z -uall [63ms]
2025-07-11 02:49:35.872 [info] > git config --get commit.template [6ms]
2025-07-11 02:49:35.891 [info] > git for-each-ref --format=%(refname)%00%(upstream:short)%00%(objectname)%00%(upstream:track)%00%(upstream:remotename)%00%(upstream:remoteref) refs/heads/main refs/remotes/main [19ms]
2025-07-11 02:49:35.952 [info] > git status -z -uall [56ms]
2025-07-11 02:49:40.968 [info] > git config --get commit.template [6ms]
2025-07-11 02:49:40.988 [info] > git for-each-ref --format=%(refname)%00%(upstream:short)%00%(objectname)%00%(upstream:track)%00%(upstream:remotename)%00%(upstream:remoteref) refs/heads/main refs/remotes/main [20ms]
2025-07-11 02:49:41.047 [info] > git status -z -uall [53ms]
2025-07-11 02:49:46.062 [info] > git config --get commit.template [6ms]
2025-07-11 02:49:46.081 [info] > git for-each-ref --format=%(refname)%00%(upstream:short)%00%(objectname)%00%(upstream:track)%00%(upstream:remotename)%00%(upstream:remoteref) refs/heads/main refs/remotes/main [19ms]
2025-07-11 02:49:46.135 [info] > git status -z -uall [49ms]
2025-07-11 02:49:51.153 [info] > git config --get commit.template [6ms]
2025-07-11 02:49:51.172 [info] > git for-each-ref --format=%(refname)%00%(upstream:short)%00%(objectname)%00%(upstream:track)%00%(upstream:remotename)%00%(upstream:remoteref) refs/heads/main refs/remotes/main [19ms]
2025-07-11 02:49:51.228 [info] > git status -z -uall [51ms]
2025-07-11 02:49:56.243 [info] > git config --get commit.template [6ms]
2025-07-11 02:49:56.261 [info] > git for-each-ref --format=%(refname)%00%(upstream:short)%00%(objectname)%00%(upstream:track)%00%(upstream:remotename)%00%(upstream:remoteref) refs/heads/main refs/remotes/main [18ms]
2025-07-11 02:49:56.359 [info] > git status -z -uall [93ms]
2025-07-11 02:50:01.375 [info] > git config --get commit.template [6ms]
2025-07-11 02:50:01.395 [info] > git for-each-ref --format=%(refname)%00%(upstream:short)%00%(objectname)%00%(upstream:track)%00%(upstream:remotename)%00%(upstream:remoteref) refs/heads/main refs/remotes/main [20ms]
2025-07-11 02:50:01.479 [info] > git status -z -uall [78ms]
2025-07-11 02:50:06.496 [info] > git config --get commit.template [6ms]
2025-07-11 02:50:06.514 [info] > git for-each-ref --format=%(refname)%00%(upstream:short)%00%(objectname)%00%(upstream:track)%00%(upstream:remotename)%00%(upstream:remoteref) refs/heads/main refs/remotes/main [19ms]
2025-07-11 02:50:06.585 [info] > git status -z -uall [66ms]
2025-07-11 02:50:11.602 [info] > git config --get commit.template [6ms]
2025-07-11 02:50:11.630 [info] > git for-each-ref --format=%(refname)%00%(upstream:short)%00%(objectname)%00%(upstream:track)%00%(upstream:remotename)%00%(upstream:remoteref) refs/heads/main refs/remotes/main [28ms]
2025-07-11 02:50:11.804 [info] > git status -z -uall [169ms]
2025-07-11 02:50:16.828 [info] > git config --get commit.template [15ms]
2025-07-11 02:50:16.868 [info] > git for-each-ref --format=%(refname)%00%(upstream:short)%00%(objectname)%00%(upstream:track)%00%(upstream:remotename)%00%(upstream:remoteref) refs/heads/main refs/remotes/main [47ms]
2025-07-11 02:50:16.977 [info] > git status -z -uall [103ms]
2025-07-11 02:50:19.326 [info] > git ls-files --stage -- /home/labsuser/sklearn_crypto_pipeline.py [11ms]
2025-07-11 02:50:19.330 [info] > git ls-files --stage -- /home/labsuser/main.py [9ms]
2025-07-11 02:50:19.336 [info] > git ls-files --stage -- /home/labsuser/loaders.py [11ms]
2025-07-11 02:50:19.343 [info] > git cat-file -s 34e4b54837b50cba13f2899c4b9064b41ed7e362 [13ms]
2025-07-11 02:50:19.347 [info] > git cat-file -s b23de9da899815136d4a0984aaf67fabd448f116 [13ms]
2025-07-11 02:50:19.352 [info] > git cat-file -s 54501a50f8058abe7de8bf3ae96a05e5f19890d3 [12ms]
2025-07-11 02:50:19.462 [info] > git show --textconv :sklearn_crypto_pipeline.py [20ms]
2025-07-11 02:50:19.472 [info] > git show --textconv :main.py [19ms]
2025-07-11 02:50:19.475 [info] > git show --textconv :loaders.py [17ms]
2025-07-11 02:50:21.992 [info] > git config --get commit.template [6ms]
2025-07-11 02:50:22.025 [info] > git for-each-ref --format=%(refname)%00%(upstream:short)%00%(objectname)%00%(upstream:track)%00%(upstream:remotename)%00%(upstream:remoteref) refs/heads/main refs/remotes/main [33ms]
2025-07-11 02:50:22.098 [info] > git status -z -uall [68ms]
2025-07-11 02:50:27.118 [info] > git config --get commit.template [8ms]
2025-07-11 02:50:27.148 [info] > git for-each-ref --format=%(refname)%00%(upstream:short)%00%(objectname)%00%(upstream:track)%00%(upstream:remotename)%00%(upstream:remoteref) refs/heads/main refs/remotes/main [32ms]
2025-07-11 02:50:27.216 [info] > git status -z -uall [62ms]
2025-07-11 02:53:51.984 [info] > git config --get commit.template [7ms]
2025-07-11 02:53:52.007 [info] > git for-each-ref --format=%(refname)%00%(upstream:short)%00%(objectname)%00%(upstream:track)%00%(upstream:remotename)%00%(upstream:remoteref) refs/heads/main refs/remotes/main [23ms]
2025-07-11 02:53:52.090 [info] > git ls-files --stage -- /home/labsuser/sklearn_crypto_pipeline.py [11ms]
2025-07-11 02:53:52.095 [info] > git ls-files --stage -- /home/labsuser/main.py [10ms]
2025-07-11 02:53:52.100 [info] > git ls-files --stage -- /home/labsuser/loaders.py [10ms]
2025-07-11 02:53:52.107 [info] > git cat-file -s 34e4b54837b50cba13f2899c4b9064b41ed7e362 [12ms]
2025-07-11 02:53:52.112 [info] > git cat-file -s b23de9da899815136d4a0984aaf67fabd448f116 [12ms]
2025-07-11 02:53:52.116 [info] > git cat-file -s 54501a50f8058abe7de8bf3ae96a05e5f19890d3 [12ms]
2025-07-11 02:53:52.226 [info] > git show --textconv :sklearn_crypto_pipeline.py [19ms]
2025-07-11 02:53:52.233 [info] > git show --textconv :main.py [20ms]
2025-07-11 02:53:52.237 [info] > git show --textconv :loaders.py [18ms]
2025-07-11 02:53:52.283 [info] > git status -z -uall [270ms]
2025-07-11 02:53:57.300 [info] > git config --get commit.template [6ms]
2025-07-11 02:53:57.316 [info] > git for-each-ref --format=%(refname)%00%(upstream:short)%00%(objectname)%00%(upstream:track)%00%(upstream:remotename)%00%(upstream:remoteref) refs/heads/main refs/remotes/main [17ms]
2025-07-11 02:53:57.372 [info] > git status -z -uall [51ms]
2025-07-11 02:54:01.630 [info] > git ls-files --stage -- /home/labsuser/.viminfo [10ms]
2025-07-11 02:54:01.636 [info] > git show --textconv :.viminfo [22ms]
2025-07-11 02:54:01.648 [info] > git cat-file -s b66192a167574eca85097e2794c2cb3caf5e0638 [14ms]
2025-07-11 02:54:02.389 [info] > git config --get commit.template [6ms]
2025-07-11 02:54:02.405 [info] > git for-each-ref --format=%(refname)%00%(upstream:short)%00%(objectname)%00%(upstream:track)%00%(upstream:remotename)%00%(upstream:remoteref) refs/heads/main refs/remotes/main [17ms]
2025-07-11 02:54:02.464 [info] > git status -z -uall [54ms]
2025-07-11 02:54:07.481 [info] > git config --get commit.template [7ms]
2025-07-11 02:54:07.502 [info] > git for-each-ref --format=%(refname)%00%(upstream:short)%00%(objectname)%00%(upstream:track)%00%(upstream:remotename)%00%(upstream:remoteref) refs/heads/main refs/remotes/main [22ms]
2025-07-11 02:54:07.579 [info] > git status -z -uall [72ms]
2025-07-11 02:54:12.594 [info] > git config --get commit.template [6ms]
2025-07-11 02:54:12.613 [info] > git for-each-ref --format=%(refname)%00%(upstream:short)%00%(objectname)%00%(upstream:track)%00%(upstream:remotename)%00%(upstream:remoteref) refs/heads/main refs/remotes/main [20ms]
2025-07-11 02:54:12.682 [info] > git status -z -uall [65ms]
2025-07-11 02:54:13.305 [info] > git ls-files --stage -- /home/labsuser/.bash_history [10ms]
2025-07-11 02:54:13.310 [info] > git show --textconv :.bash_history [20ms]
2025-07-11 02:54:13.323 [info] > git cat-file -s c0b5659f10eddaff30d4d9d500968efa5acd8dcb [13ms]
2025-07-11 02:54:17.573 [info] > git check-ignore -v -z --stdin [9ms]
2025-07-11 02:54:17.698 [info] > git config --get commit.template [6ms]
2025-07-11 02:54:17.715 [info] > git for-each-ref --format=%(refname)%00%(upstream:short)%00%(objectname)%00%(upstream:track)%00%(upstream:remotename)%00%(upstream:remoteref) refs/heads/main refs/remotes/main [17ms]
2025-07-11 02:54:17.777 [info] > git status -z -uall [57ms]
2025-07-11 02:54:22.794 [info] > git config --get commit.template [7ms]
2025-07-11 02:54:22.811 [info] > git for-each-ref --format=%(refname)%00%(upstream:short)%00%(objectname)%00%(upstream:track)%00%(upstream:remotename)%00%(upstream:remoteref) refs/heads/main refs/remotes/main [18ms]
2025-07-11 02:54:22.881 [info] > git status -z -uall [65ms]
2025-07-11 02:54:27.898 [info] > git config --get commit.template [6ms]
2025-07-11 02:54:27.915 [info] > git for-each-ref --format=%(refname)%00%(upstream:short)%00%(objectname)%00%(upstream:track)%00%(upstream:remotename)%00%(upstream:remoteref) refs/heads/main refs/remotes/main [17ms]
2025-07-11 02:54:27.978 [info] > git status -z -uall [58ms]
2025-07-11 02:54:31.457 [info] > git check-ignore -v -z --stdin [10ms]
2025-07-11 02:54:32.995 [info] > git config --get commit.template [6ms]
2025-07-11 02:54:33.014 [info] > git for-each-ref --format=%(refname)%00%(upstream:short)%00%(objectname)%00%(upstream:track)%00%(upstream:remotename)%00%(upstream:remoteref) refs/heads/main refs/remotes/main [20ms]
2025-07-11 02:54:33.085 [info] > git status -z -uall [65ms]
2025-07-11 02:54:38.103 [info] > git config --get commit.template [7ms]
2025-07-11 02:54:38.122 [info] > git for-each-ref --format=%(refname)%00%(upstream:short)%00%(objectname)%00%(upstream:track)%00%(upstream:remotename)%00%(upstream:remoteref) refs/heads/main refs/remotes/main [19ms]
2025-07-11 02:54:38.185 [info] > git status -z -uall [59ms]
2025-07-11 02:54:43.201 [info] > git config --get commit.template [6ms]
2025-07-11 02:54:43.220 [info] > git for-each-ref --format=%(refname)%00%(upstream:short)%00%(objectname)%00%(upstream:track)%00%(upstream:remotename)%00%(upstream:remoteref) refs/heads/main refs/remotes/main [19ms]
2025-07-11 02:54:43.289 [info] > git status -z -uall [64ms]
2025-07-11 02:55:07.773 [info] > git config --get commit.template [6ms]
2025-07-11 02:55:07.797 [info] > git for-each-ref --format=%(refname)%00%(upstream:short)%00%(objectname)%00%(upstream:track)%00%(upstream:remotename)%00%(upstream:remoteref) refs/heads/main refs/remotes/main [25ms]
2025-07-11 02:55:08.068 [info] > git status -z -uall [266ms]
2025-07-11 02:55:11.670 [info] > git ls-files --stage -- /home/labsuser/sklearn_crypto_pipeline.py [11ms]
2025-07-11 02:55:11.676 [info] > git ls-files --stage -- /home/labsuser/main.py [11ms]
2025-07-11 02:55:11.681 [info] > git ls-files --stage -- /home/labsuser/loaders.py [11ms]
2025-07-11 02:55:11.691 [info] > git cat-file -s 34e4b54837b50cba13f2899c4b9064b41ed7e362 [15ms]
2025-07-11 02:55:11.695 [info] > git cat-file -s b23de9da899815136d4a0984aaf67fabd448f116 [14ms]
2025-07-11 02:55:11.698 [info] > git cat-file -s 54501a50f8058abe7de8bf3ae96a05e5f19890d3 [12ms]
2025-07-11 02:55:11.809 [info] > git show --textconv :sklearn_crypto_pipeline.py [17ms]
2025-07-11 02:55:11.816 [info] > git show --textconv :main.py [18ms]
2025-07-11 02:55:11.819 [info] > git show --textconv :loaders.py [17ms]
2025-07-11 02:55:13.080 [info] No remotes found in the git config file.
2025-07-11 02:55:13.086 [info] > git config --get commit.template [7ms]
2025-07-11 02:55:13.102 [info] > git for-each-ref --format=%(refname)%00%(upstream:short)%00%(objectname)%00%(upstream:track)%00%(upstream:remotename)%00%(upstream:remoteref) refs/heads/main refs/remotes/main [17ms]
2025-07-11 02:55:13.165 [info] > git status -z -uall [56ms]
2025-07-11 02:55:18.181 [info] No remotes found in the git config file.
2025-07-11 02:55:18.182 [info] > git config --get commit.template [7ms]
2025-07-11 02:55:18.197 [info] > git for-each-ref --format=%(refname)%00%(upstream:short)%00%(objectname)%00%(upstream:track)%00%(upstream:remotename)%00%(upstream:remoteref) refs/heads/main refs/remotes/main [16ms]
2025-07-11 02:55:18.256 [info] > git status -z -uall [54ms]
2025-07-11 02:55:57.557 [info] No remotes found in the git config file.
2025-07-11 02:55:57.563 [info] > git config --get commit.template [6ms]
2025-07-11 02:55:57.579 [info] > git for-each-ref --format=%(refname)%00%(upstream:short)%00%(objectname)%00%(upstream:track)%00%(upstream:remotename)%00%(upstream:remoteref) refs/heads/main refs/remotes/main [17ms]
2025-07-11 02:55:57.640 [info] > git status -z -uall [57ms]
2025-07-11 02:56:01.307 [info] > git ls-files --stage -- /home/labsuser/sklearn_crypto_pipeline.py [11ms]
2025-07-11 02:56:01.312 [info] > git ls-files --stage -- /home/labsuser/main.py [10ms]
2025-07-11 02:56:01.317 [info] > git ls-files --stage -- /home/labsuser/loaders.py [10ms]
2025-07-11 02:56:01.322 [info] > git cat-file -s 34e4b54837b50cba13f2899c4b9064b41ed7e362 [11ms]
2025-07-11 02:56:01.327 [info] > git cat-file -s b23de9da899815136d4a0984aaf67fabd448f116 [11ms]
2025-07-11 02:56:01.331 [info] > git cat-file -s 54501a50f8058abe7de8bf3ae96a05e5f19890d3 [10ms]
2025-07-11 02:56:01.442 [info] > git show --textconv :sklearn_crypto_pipeline.py [19ms]
2025-07-11 02:56:01.448 [info] > git show --textconv :main.py [20ms]
2025-07-11 02:56:01.452 [info] > git show --textconv :loaders.py [18ms]
2025-07-11 02:56:08.161 [info] > git config --get commit.template [6ms]
2025-07-11 02:56:08.176 [info] > git for-each-ref --format=%(refname)%00%(upstream:short)%00%(objectname)%00%(upstream:track)%00%(upstream:remotename)%00%(upstream:remoteref) refs/heads/main refs/remotes/main [16ms]
2025-07-11 02:56:08.404 [info] > git status -z -uall [222ms]
2025-07-11 02:56:11.303 [info] > git ls-files --stage -- /home/labsuser/sklearn_crypto_pipeline.py [11ms]
2025-07-11 02:56:11.308 [info] > git ls-files --stage -- /home/labsuser/main.py [11ms]
2025-07-11 02:56:11.314 [info] > git ls-files --stage -- /home/labsuser/loaders.py [12ms]
2025-07-11 02:56:11.324 [info] > git cat-file -s 34e4b54837b50cba13f2899c4b9064b41ed7e362 [16ms]
2025-07-11 02:56:11.328 [info] > git cat-file -s b23de9da899815136d4a0984aaf67fabd448f116 [15ms]
2025-07-11 02:56:11.332 [info] > git cat-file -s 54501a50f8058abe7de8bf3ae96a05e5f19890d3 [13ms]
2025-07-11 02:56:11.444 [info] > git show --textconv :sklearn_crypto_pipeline.py [23ms]
2025-07-11 02:56:11.451 [info] > git show --textconv :main.py [24ms]
2025-07-11 02:56:11.454 [info] > git show --textconv :loaders.py [22ms]
2025-07-11 02:56:16.590 [info] > git config --get commit.template [6ms]
2025-07-11 02:56:16.608 [info] > git for-each-ref --format=%(refname)%00%(upstream:short)%00%(objectname)%00%(upstream:track)%00%(upstream:remotename)%00%(upstream:remoteref) refs/heads/main refs/remotes/main [19ms]
2025-07-11 02:56:16.669 [info] > git status -z -uall [56ms]
2025-07-11 02:56:21.684 [info] > git config --get commit.template [6ms]
2025-07-11 02:56:21.702 [info] > git for-each-ref --format=%(refname)%00%(upstream:short)%00%(objectname)%00%(upstream:track)%00%(upstream:remotename)%00%(upstream:remoteref) refs/heads/main refs/remotes/main [18ms]
2025-07-11 02:56:21.762 [info] > git status -z -uall [56ms]
2025-07-11 02:56:24.111 [info] > git ls-files --stage -- /home/labsuser/sklearn_crypto_pipeline.py [11ms]
2025-07-11 02:56:24.116 [info] > git ls-files --stage -- /home/labsuser/main.py [10ms]
2025-07-11 02:56:24.120 [info] > git ls-files --stage -- /home/labsuser/loaders.py [11ms]
2025-07-11 02:56:24.127 [info] > git cat-file -s 34e4b54837b50cba13f2899c4b9064b41ed7e362 [12ms]
2025-07-11 02:56:24.132 [info] > git cat-file -s b23de9da899815136d4a0984aaf67fabd448f116 [12ms]
2025-07-11 02:56:24.136 [info] > git cat-file -s 54501a50f8058abe7de8bf3ae96a05e5f19890d3 [11ms]
2025-07-11 02:56:24.332 [info] > git show --textconv :sklearn_crypto_pipeline.py [19ms]
2025-07-11 02:56:24.338 [info] > git show --textconv :main.py [19ms]
2025-07-11 02:56:24.342 [info] > git show --textconv :loaders.py [18ms]
2025-07-11 02:56:26.779 [info] > git config --get commit.template [6ms]
2025-07-11 02:56:26.800 [info] > git for-each-ref --format=%(refname)%00%(upstream:short)%00%(objectname)%00%(upstream:track)%00%(upstream:remotename)%00%(upstream:remoteref) refs/heads/main refs/remotes/main [20ms]
2025-07-11 02:56:26.860 [info] > git status -z -uall [56ms]
2025-07-11 02:56:44.476 [info] > git config --get commit.template [8ms]
2025-07-11 02:56:44.495 [info] > git for-each-ref --format=%(refname)%00%(upstream:short)%00%(objectname)%00%(upstream:track)%00%(upstream:remotename)%00%(upstream:remoteref) refs/heads/main refs/remotes/main [20ms]
2025-07-11 02:56:44.553 [info] > git status -z -uall [52ms]
2025-07-11 02:57:41.112 [info] > git config --get commit.template [8ms]
2025-07-11 02:57:41.137 [info] > git for-each-ref --format=%(refname)%00%(upstream:short)%00%(objectname)%00%(upstream:track)%00%(upstream:remotename)%00%(upstream:remoteref) refs/heads/main refs/remotes/main [27ms]
2025-07-11 02:57:41.390 [info] > git status -z -uall [248ms]
2025-07-11 02:57:46.401 [info] No remotes found in the git config file.
2025-07-11 02:57:46.406 [info] > git config --get commit.template [6ms]
2025-07-11 02:57:46.424 [info] > git for-each-ref --format=%(refname)%00%(upstream:short)%00%(objectname)%00%(upstream:track)%00%(upstream:remotename)%00%(upstream:remoteref) refs/heads/main refs/remotes/main [18ms]
2025-07-11 02:57:46.482 [info] > git status -z -uall [53ms]
2025-07-11 02:57:47.240 [info] > git ls-files --stage -- /home/labsuser/sklearn_crypto_pipeline.py [12ms]
2025-07-11 02:57:47.246 [info] > git ls-files --stage -- /home/labsuser/main.py [13ms]
2025-07-11 02:57:47.250 [info] > git ls-files --stage -- /home/labsuser/loaders.py [11ms]
2025-07-11 02:57:47.259 [info] > git cat-file -s 34e4b54837b50cba13f2899c4b9064b41ed7e362 [13ms]
2025-07-11 02:57:47.262 [info] > git cat-file -s b23de9da899815136d4a0984aaf67fabd448f116 [12ms]
2025-07-11 02:57:47.266 [info] > git cat-file -s 54501a50f8058abe7de8bf3ae96a05e5f19890d3 [11ms]
2025-07-11 02:57:47.381 [info] > git show --textconv :sklearn_crypto_pipeline.py [17ms]
2025-07-11 02:57:47.387 [info] > git show --textconv :main.py [17ms]
2025-07-11 02:57:47.391 [info] > git show --textconv :loaders.py [15ms]
2025-07-11 02:57:50.516 [info] > git ls-files --stage -- /home/labsuser/sklearn_crypto_pipeline.py [11ms]
2025-07-11 02:57:50.521 [info] > git ls-files --stage -- /home/labsuser/main.py [10ms]
2025-07-11 02:57:50.526 [info] > git ls-files --stage -- /home/labsuser/loaders.py [10ms]
2025-07-11 02:57:50.531 [info] > git cat-file -s 34e4b54837b50cba13f2899c4b9064b41ed7e362 [11ms]
2025-07-11 02:57:50.536 [info] > git cat-file -s b23de9da899815136d4a0984aaf67fabd448f116 [11ms]
2025-07-11 02:57:50.539 [info] > git cat-file -s 54501a50f8058abe7de8bf3ae96a05e5f19890d3 [9ms]
2025-07-11 02:57:50.658 [info] > git show --textconv :sklearn_crypto_pipeline.py [17ms]
2025-07-11 02:57:50.664 [info] > git show --textconv :main.py [18ms]
2025-07-11 02:57:50.668 [info] > git show --textconv :loaders.py [15ms]
2025-07-11 02:57:51.498 [info] No remotes found in the git config file.
2025-07-11 02:57:51.499 [info] > git config --get commit.template [7ms]
2025-07-11 02:57:51.515 [info] > git for-each-ref --format=%(refname)%00%(upstream:short)%00%(objectname)%00%(upstream:track)%00%(upstream:remotename)%00%(upstream:remoteref) refs/heads/main refs/remotes/main [17ms]
2025-07-11 02:57:51.571 [info] > git status -z -uall [51ms]
2025-07-11 02:57:56.582 [info] No remotes found in the git config file.
2025-07-11 02:57:56.587 [info] > git config --get commit.template [7ms]
2025-07-11 02:57:56.603 [info] > git for-each-ref --format=%(refname)%00%(upstream:short)%00%(objectname)%00%(upstream:track)%00%(upstream:remotename)%00%(upstream:remoteref) refs/heads/main refs/remotes/main [16ms]
2025-07-11 02:57:56.663 [info] > git status -z -uall [55ms]
2025-07-11 02:58:01.679 [info] No remotes found in the git config file.
2025-07-11 02:58:01.679 [info] > git config --get commit.template [6ms]
2025-07-11 02:58:01.696 [info] > git for-each-ref --format=%(refname)%00%(upstream:short)%00%(objectname)%00%(upstream:track)%00%(upstream:remotename)%00%(upstream:remoteref) refs/heads/main refs/remotes/main [18ms]
2025-07-11 02:58:01.759 [info] > git status -z -uall [58ms]
2025-07-11 02:58:06.769 [info] No remotes found in the git config file.
2025-07-11 02:58:06.774 [info] > git config --get commit.template [6ms]
2025-07-11 02:58:06.790 [info] > git for-each-ref --format=%(refname)%00%(upstream:short)%00%(objectname)%00%(upstream:track)%00%(upstream:remotename)%00%(upstream:remoteref) refs/heads/main refs/remotes/main [16ms]
2025-07-11 02:58:06.849 [info] > git status -z -uall [53ms]
2025-07-11 02:58:11.860 [info] No remotes found in the git config file.
2025-07-11 02:58:11.866 [info] > git config --get commit.template [7ms]
2025-07-11 02:58:11.883 [info] > git for-each-ref --format=%(refname)%00%(upstream:short)%00%(objectname)%00%(upstream:track)%00%(upstream:remotename)%00%(upstream:remoteref) refs/heads/main refs/remotes/main [18ms]
2025-07-11 02:58:11.943 [info] > git status -z -uall [54ms]
2025-07-11 02:58:16.959 [info] No remotes found in the git config file.
2025-07-11 02:58:16.960 [info] > git config --get commit.template [6ms]
2025-07-11 02:58:16.976 [info] > git for-each-ref --format=%(refname)%00%(upstream:short)%00%(objectname)%00%(upstream:track)%00%(upstream:remotename)%00%(upstream:remoteref) refs/heads/main refs/remotes/main [17ms]
2025-07-11 02:58:17.032 [info] > git status -z -uall [52ms]
2025-07-11 02:58:22.048 [info] No remotes found in the git config file.
2025-07-11 02:58:22.049 [info] > git config --get commit.template [6ms]
2025-07-11 02:58:22.064 [info] > git for-each-ref --format=%(refname)%00%(upstream:short)%00%(objectname)%00%(upstream:track)%00%(upstream:remotename)%00%(upstream:remoteref) refs/heads/main refs/remotes/main [16ms]
2025-07-11 02:58:22.123 [info] > git status -z -uall [54ms]
2025-07-11 02:58:24.355 [info] > git ls-files --stage -- /home/labsuser/sklearn_crypto_pipeline.py [13ms]
2025-07-11 02:58:24.359 [info] > git ls-files --stage -- /home/labsuser/main.py [11ms]
2025-07-11 02:58:24.364 [info] > git ls-files --stage -- /home/labsuser/loaders.py [11ms]
2025-07-11 02:58:24.371 [info] > git cat-file -s 34e4b54837b50cba13f2899c4b9064b41ed7e362 [12ms]
2025-07-11 02:58:24.377 [info] > git cat-file -s b23de9da899815136d4a0984aaf67fabd448f116 [13ms]
2025-07-11 02:58:24.381 [info] > git cat-file -s 54501a50f8058abe7de8bf3ae96a05e5f19890d3 [12ms]
2025-07-11 02:58:24.495 [info] > git show --textconv :sklearn_crypto_pipeline.py [21ms]
2025-07-11 02:58:24.502 [info] > git show --textconv :main.py [21ms]
2025-07-11 02:58:24.505 [info] > git show --textconv :loaders.py [20ms]
2025-07-11 02:58:27.139 [info] No remotes found in the git config file.
2025-07-11 02:58:27.139 [info] > git config --get commit.template [6ms]
2025-07-11 02:58:27.157 [info] > git for-each-ref --format=%(refname)%00%(upstream:short)%00%(objectname)%00%(upstream:track)%00%(upstream:remotename)%00%(upstream:remoteref) refs/heads/main refs/remotes/main [18ms]
2025-07-11 02:58:27.224 [info] > git status -z -uall [63ms]
2025-07-11 02:58:32.241 [info] No remotes found in the git config file.
2025-07-11 02:58:32.241 [info] > git config --get commit.template [6ms]
2025-07-11 02:58:32.258 [info] > git for-each-ref --format=%(refname)%00%(upstream:short)%00%(objectname)%00%(upstream:track)%00%(upstream:remotename)%00%(upstream:remoteref) refs/heads/main refs/remotes/main [17ms]
2025-07-11 02:58:32.320 [info] > git status -z -uall [57ms]
2025-07-11 02:59:00.204 [info] No remotes found in the git config file.
2025-07-11 02:59:00.206 [info] > git config --get commit.template [7ms]
2025-07-11 02:59:00.221 [info] > git for-each-ref --format=%(refname)%00%(upstream:short)%00%(objectname)%00%(upstream:track)%00%(upstream:remotename)%00%(upstream:remoteref) refs/heads/main refs/remotes/main [17ms]
2025-07-11 02:59:00.454 [info] > git status -z -uall [228ms]
2025-07-11 02:59:05.474 [info] No remotes found in the git config file.
2025-07-11 02:59:05.474 [info] > git config --get commit.template [9ms]
2025-07-11 02:59:05.490 [info] > git for-each-ref --format=%(refname)%00%(upstream:short)%00%(objectname)%00%(upstream:track)%00%(upstream:remotename)%00%(upstream:remoteref) refs/heads/main refs/remotes/main [16ms]
2025-07-11 02:59:05.551 [info] > git status -z -uall [56ms]
2025-07-11 02:59:10.567 [info] No remotes found in the git config file.
2025-07-11 02:59:10.567 [info] > git config --get commit.template [6ms]
2025-07-11 02:59:10.583 [info] > git for-each-ref --format=%(refname)%00%(upstream:short)%00%(objectname)%00%(upstream:track)%00%(upstream:remotename)%00%(upstream:remoteref) refs/heads/main refs/remotes/main [16ms]
2025-07-11 02:59:10.641 [info] > git status -z -uall [53ms]
2025-07-11 02:59:15.653 [info] No remotes found in the git config file.
2025-07-11 02:59:15.658 [info] > git config --get commit.template [6ms]
2025-07-11 02:59:15.677 [info] > git for-each-ref --format=%(refname)%00%(upstream:short)%00%(objectname)%00%(upstream:track)%00%(upstream:remotename)%00%(upstream:remoteref) refs/heads/main refs/remotes/main [19ms]
2025-07-11 02:59:15.737 [info] > git status -z -uall [56ms]
2025-07-11 02:59:20.748 [warning] ENOENT: no such file or directory, open '/home/labsuser/.git/HEAD'
2025-07-11 02:59:20.754 [info] > git symbolic-ref --short HEAD [6ms]
2025-07-11 02:59:20.754 [info] fatal: not a git repository (or any parent up to mount point /home)
Stopping at filesystem boundary (GIT_DISCOVERY_ACROSS_FILESYSTEM not set).
2025-07-11 02:59:20.760 [info] > git config --get commit.template [6ms]
2025-07-11 02:59:20.760 [info] No remotes found in the git config file.
2025-07-11 02:59:20.763 [info] > git rev-parse HEAD [4ms]
2025-07-11 02:59:20.763 [info] fatal: not a git repository (or any parent up to mount point /home)
Stopping at filesystem boundary (GIT_DISCOVERY_ACROSS_FILESYSTEM not set).
2025-07-11 02:59:20.769 [info] > git status -z -uall [1ms]
2025-07-11 02:59:20.776 [warning] ENOENT: no such file or directory, open '/home/labsuser/.git/HEAD'
2025-07-11 02:59:20.780 [info] > git symbolic-ref --short HEAD [4ms]
2025-07-11 02:59:20.780 [info] fatal: not a git repository (or any parent up to mount point /home)
Stopping at filesystem boundary (GIT_DISCOVERY_ACROSS_FILESYSTEM not set).
2025-07-11 02:59:20.785 [info] > git config --get commit.template [5ms]
2025-07-11 02:59:20.786 [info] No remotes found in the git config file.
2025-07-11 02:59:20.802 [info] > git rev-parse HEAD [17ms]
2025-07-11 02:59:20.802 [info] fatal: not a git repository (or any parent up to mount point /home)
Stopping at filesystem boundary (GIT_DISCOVERY_ACROSS_FILESYSTEM not set).
2025-07-11 02:59:20.808 [info] > git status -z -uall [1ms]
2025-07-11 02:59:22.801 [info] > git rev-parse --show-toplevel [3ms]
2025-07-11 02:59:22.801 [info] fatal: not a git repository (or any parent up to mount point /home)
Stopping at filesystem boundary (GIT_DISCOVERY_ACROSS_FILESYSTEM not set).
2025-07-11 02:59:33.012 [info] > git rev-parse --show-toplevel [7ms]
2025-07-11 02:59:33.023 [info] > git rev-parse --git-dir --git-common-dir [5ms]
2025-07-11 02:59:33.028 [info] Open repository: /home/labsuser
2025-07-11 02:59:33.034 [info] No remotes found in the git config file.
2025-07-11 02:59:33.039 [info] > git config --get commit.template [5ms]
2025-07-11 02:59:33.049 [info] > git for-each-ref --format=%(refname)%00%(upstream:short)%00%(objectname)%00%(upstream:track)%00%(upstream:remotename)%00%(upstream:remoteref) refs/heads/master refs/remotes/master [9ms]
2025-07-11 02:59:33.102 [info] > git status -z -uall [48ms]
2025-07-11 02:59:33.120 [info] No remotes found in the git config file.
2025-07-11 02:59:33.121 [info] > git config --get commit.template [7ms]
2025-07-11 02:59:33.151 [info] > git for-each-ref --format=%(refname)%00%(upstream:short)%00%(objectname)%00%(upstream:track)%00%(upstream:remotename)%00%(upstream:remoteref) refs/heads/master refs/remotes/master [31ms]
2025-07-11 02:59:33.200 [info] > git status -z -uall [42ms]
2025-07-11 02:59:33.677 [info] > git check-ignore -v -z --stdin [10ms]
2025-07-11 02:59:35.803 [info] No remotes found in the git config file.
2025-07-11 02:59:35.803 [info] > git config --get commit.template [7ms]
2025-07-11 02:59:35.811 [info] > git for-each-ref --format=%(refname)%00%(upstream:short)%00%(objectname)%00%(upstream:track)%00%(upstream:remotename)%00%(upstream:remoteref) refs/heads/master refs/remotes/master [9ms]
2025-07-11 02:59:35.867 [info] > git status -z -uall [51ms]
2025-07-11 02:59:40.886 [info] No remotes found in the git config file.
2025-07-11 02:59:40.886 [info] > git config --get commit.template [6ms]
2025-07-11 02:59:40.894 [info] > git for-each-ref --format=%(refname)%00%(upstream:short)%00%(objectname)%00%(upstream:track)%00%(upstream:remotename)%00%(upstream:remoteref) refs/heads/master refs/remotes/master [8ms]
2025-07-11 02:59:40.940 [info] > git status -z -uall [41ms]
2025-07-11 03:00:07.852 [info] No remotes found in the git config file.
2025-07-11 03:00:07.855 [info] > git config --get commit.template [9ms]
2025-07-11 03:00:07.868 [info] > git for-each-ref --format=%(refname)%00%(upstream:short)%00%(objectname)%00%(upstream:track)%00%(upstream:remotename)%00%(upstream:remoteref) refs/heads/master refs/remotes/master [17ms]
2025-07-11 03:00:07.918 [info] > git status -z -uall [45ms]
2025-07-11 03:00:12.934 [info] No remotes found in the git config file.
2025-07-11 03:00:12.940 [info] > git config --get commit.template [7ms]
2025-07-11 03:00:12.947 [info] > git for-each-ref --format=%(refname)%00%(upstream:short)%00%(objectname)%00%(upstream:track)%00%(upstream:remotename)%00%(upstream:remoteref) refs/heads/master refs/remotes/master [8ms]
2025-07-11 03:00:12.997 [info] > git status -z -uall [45ms]
2025-07-11 03:00:28.786 [info] No remotes found in the git config file.
2025-07-11 03:00:28.786 [info] > git config --get commit.template [7ms]
2025-07-11 03:00:28.800 [info] > git for-each-ref --format=%(refname)%00%(upstream:short)%00%(objectname)%00%(upstream:track)%00%(upstream:remotename)%00%(upstream:remoteref) refs/heads/master refs/remotes/master [15ms]
2025-07-11 03:00:28.847 [info] > git status -z -uall [43ms]
2025-07-11 03:00:33.861 [info] No remotes found in the git config file.
2025-07-11 03:00:33.868 [info] > git config --get commit.template [8ms]
2025-07-11 03:00:33.874 [info] > git for-each-ref --format=%(refname)%00%(upstream:short)%00%(objectname)%00%(upstream:track)%00%(upstream:remotename)%00%(upstream:remoteref) refs/heads/master refs/remotes/master [8ms]
2025-07-11 03:00:33.920 [info] > git status -z -uall [42ms]
2025-07-11 03:00:38.854 [info] > git ls-files --stage -- /home/labsuser/sklearn_crypto_pipeline.py [11ms]
2025-07-11 03:00:38.861 [info] > git ls-files --stage -- /home/labsuser/main.py [13ms]
2025-07-11 03:00:38.868 [info] > git ls-files --stage -- /home/labsuser/loaders.py [15ms]
2025-07-11 03:00:38.874 [info] > git cat-file -s 34e4b54837b50cba13f2899c4b9064b41ed7e362 [16ms]
2025-07-11 03:00:38.879 [info] > git cat-file -s b23de9da899815136d4a0984aaf67fabd448f116 [14ms]
2025-07-11 03:00:38.886 [info] > git cat-file -s 54501a50f8058abe7de8bf3ae96a05e5f19890d3 [13ms]
2025-07-11 03:00:38.937 [info] No remotes found in the git config file.
2025-07-11 03:00:38.944 [info] > git config --get commit.template [12ms]
2025-07-11 03:00:38.951 [info] > git for-each-ref --format=%(refname)%00%(upstream:short)%00%(objectname)%00%(upstream:track)%00%(upstream:remotename)%00%(upstream:remoteref) refs/heads/master refs/remotes/master [14ms]
2025-07-11 03:00:39.001 [info] > git show --textconv :sklearn_crypto_pipeline.py [25ms]
2025-07-11 03:00:39.009 [info] > git status -z -uall [54ms]
2025-07-11 03:00:39.015 [info] > git show --textconv :main.py [31ms]
2025-07-11 03:00:39.017 [info] > git show --textconv :loaders.py [25ms]
2025-07-11 03:01:04.276 [info] No remotes found in the git config file.
2025-07-11 03:01:04.277 [info] > git config --get commit.template [6ms]
2025-07-11 03:01:04.288 [info] > git for-each-ref --format=%(refname)%00%(upstream:short)%00%(objectname)%00%(upstream:track)%00%(upstream:remotename)%00%(upstream:remoteref) refs/heads/master refs/remotes/master [12ms]
2025-07-11 03:01:04.347 [info] > git status -z -uall [54ms]
2025-07-11 03:01:09.368 [info] No remotes found in the git config file.
2025-07-11 03:01:09.368 [info] > git config --get commit.template [6ms]
2025-07-11 03:01:09.382 [info] > git for-each-ref --format=%(refname)%00%(upstream:short)%00%(objectname)%00%(upstream:track)%00%(upstream:remotename)%00%(upstream:remoteref) refs/heads/master refs/remotes/master [14ms]
2025-07-11 03:01:09.437 [info] > git status -z -uall [51ms]
2025-07-11 03:01:14.450 [info] No remotes found in the git config file.
2025-07-11 03:01:14.457 [info] > git config --get commit.template [8ms]
2025-07-11 03:01:14.463 [info] > git for-each-ref --format=%(refname)%00%(upstream:short)%00%(objectname)%00%(upstream:track)%00%(upstream:remotename)%00%(upstream:remoteref) refs/heads/master refs/remotes/master [8ms]
2025-07-11 03:01:14.513 [info] > git status -z -uall [45ms]
2025-07-11 03:01:19.532 [info] No remotes found in the git config file.
2025-07-11 03:01:19.539 [info] > git config --get commit.template [13ms]
2025-07-11 03:01:19.547 [info] > git for-each-ref --format=%(refname)%00%(upstream:short)%00%(objectname)%00%(upstream:track)%00%(upstream:remotename)%00%(upstream:remoteref) refs/heads/master refs/remotes/master [16ms]
2025-07-11 03:01:19.612 [info] > git status -z -uall [59ms]
2025-07-11 03:01:24.630 [info] No remotes found in the git config file.
2025-07-11 03:01:24.631 [info] > git config --get commit.template [8ms]
2025-07-11 03:01:24.644 [info] > git for-each-ref --format=%(refname)%00%(upstream:short)%00%(objectname)%00%(upstream:track)%00%(upstream:remotename)%00%(upstream:remoteref) refs/heads/master refs/remotes/master [14ms]
2025-07-11 03:01:24.695 [info] > git status -z -uall [46ms]
2025-07-11 03:01:29.713 [info] No remotes found in the git config file.
2025-07-11 03:01:29.722 [info] > git config --get commit.template [15ms]
2025-07-11 03:01:29.722 [info] > git for-each-ref --format=%(refname)%00%(upstream:short)%00%(objectname)%00%(upstream:track)%00%(upstream:remotename)%00%(upstream:remoteref) refs/heads/master refs/remotes/master [9ms]
2025-07-11 03:01:29.771 [info] > git status -z -uall [44ms]
2025-07-11 03:01:34.797 [info] No remotes found in the git config file.
2025-07-11 03:01:34.798 [info] > git config --get commit.template [11ms]
2025-07-11 03:01:34.810 [info] > git for-each-ref --format=%(refname)%00%(upstream:short)%00%(objectname)%00%(upstream:track)%00%(upstream:remotename)%00%(upstream:remoteref) refs/heads/master refs/remotes/master [14ms]
2025-07-11 03:01:34.936 [info] > git status -z -uall [121ms]
2025-07-11 03:01:39.951 [info] No remotes found in the git config file.
2025-07-11 03:01:39.957 [info] > git config --get commit.template [7ms]
2025-07-11 03:01:39.974 [info] > git for-each-ref --format=%(refname)%00%(upstream:short)%00%(objectname)%00%(upstream:track)%00%(upstream:remotename)%00%(upstream:remoteref) refs/heads/master refs/remotes/master [18ms]
2025-07-11 03:01:40.042 [info] > git status -z -uall [62ms]
2025-07-11 03:01:40.960 [info] > git ls-files --stage -- /home/labsuser/sklearn_crypto_pipeline.py [11ms]
2025-07-11 03:01:40.967 [info] > git ls-files --stage -- /home/labsuser/main.py [12ms]
2025-07-11 03:01:40.974 [info] > git ls-files --stage -- /home/labsuser/loaders.py [15ms]
2025-07-11 03:01:40.979 [info] > git cat-file -s 34e4b54837b50cba13f2899c4b9064b41ed7e362 [14ms]
2025-07-11 03:01:40.982 [info] > git cat-file -s b23de9da899815136d4a0984aaf67fabd448f116 [11ms]
2025-07-11 03:01:40.990 [info] > git cat-file -s 54501a50f8058abe7de8bf3ae96a05e5f19890d3 [11ms]
2025-07-11 03:01:41.101 [info] > git show --textconv :sklearn_crypto_pipeline.py [20ms]
2025-07-11 03:01:41.108 [info] > git show --textconv :main.py [22ms]
2025-07-11 03:01:41.117 [info] > git show --textconv :loaders.py [26ms]
2025-07-11 03:01:45.060 [info] No remotes found in the git config file.
2025-07-11 03:01:45.067 [info] > git config --get commit.template [13ms]
2025-07-11 03:01:45.080 [info] > git for-each-ref --format=%(refname)%00%(upstream:short)%00%(objectname)%00%(upstream:track)%00%(upstream:remotename)%00%(upstream:remoteref) refs/heads/master refs/remotes/master [20ms]
2025-07-11 03:01:45.151 [info] > git status -z -uall [66ms]
2025-07-11 03:01:50.167 [info] No remotes found in the git config file.
2025-07-11 03:01:50.168 [info] > git config --get commit.template [7ms]
2025-07-11 03:01:50.185 [info] > git for-each-ref --format=%(refname)%00%(upstream:short)%00%(objectname)%00%(upstream:track)%00%(upstream:remotename)%00%(upstream:remoteref) refs/heads/master refs/remotes/master [18ms]
2025-07-11 03:01:50.247 [info] > git status -z -uall [57ms]
2025-07-11 03:01:55.259 [info] No remotes found in the git config file.
2025-07-11 03:01:55.266 [info] > git config --get commit.template [7ms]
2025-07-11 03:01:55.280 [info] > git for-each-ref --format=%(refname)%00%(upstream:short)%00%(objectname)%00%(upstream:track)%00%(upstream:remotename)%00%(upstream:remoteref) refs/heads/master refs/remotes/master [16ms]
2025-07-11 03:01:55.338 [info] > git status -z -uall [53ms]
2025-07-11 03:02:00.349 [info] No remotes found in the git config file.
2025-07-11 03:02:00.357 [info] > git config --get commit.template [8ms]
2025-07-11 03:02:00.370 [info] > git for-each-ref --format=%(refname)%00%(upstream:short)%00%(objectname)%00%(upstream:track)%00%(upstream:remotename)%00%(upstream:remoteref) refs/heads/master refs/remotes/master [16ms]
2025-07-11 03:02:00.425 [info] > git status -z -uall [50ms]
2025-07-11 03:02:05.441 [info] No remotes found in the git config file.
2025-07-11 03:02:05.442 [info] > git config --get commit.template [8ms]
2025-07-11 03:02:05.456 [info] > git for-each-ref --format=%(refname)%00%(upstream:short)%00%(objectname)%00%(upstream:track)%00%(upstream:remotename)%00%(upstream:remoteref) refs/heads/master refs/remotes/master [15ms]
2025-07-11 03:02:05.513 [info] > git status -z -uall [53ms]
2025-07-11 03:02:10.530 [info] No remotes found in the git config file.
2025-07-11 03:02:10.530 [info] > git config --get commit.template [7ms]
2025-07-11 03:02:10.548 [info] > git for-each-ref --format=%(refname)%00%(upstream:short)%00%(objectname)%00%(upstream:track)%00%(upstream:remotename)%00%(upstream:remoteref) refs/heads/master refs/remotes/master [19ms]
2025-07-11 03:02:10.615 [info] > git status -z -uall [61ms]
2025-07-11 03:02:15.626 [info] No remotes found in the git config file.
2025-07-11 03:02:15.633 [info] > git config --get commit.template [8ms]
2025-07-11 03:02:15.646 [info] > git for-each-ref --format=%(refname)%00%(upstream:short)%00%(objectname)%00%(upstream:track)%00%(upstream:remotename)%00%(upstream:remoteref) refs/heads/master refs/remotes/master [15ms]
2025-07-11 03:02:15.704 [info] > git status -z -uall [54ms]
2025-07-11 03:02:20.719 [info] No remotes found in the git config file.
2025-07-11 03:02:20.720 [info] > git config --get commit.template [6ms]
2025-07-11 03:02:20.735 [info] > git for-each-ref --format=%(refname)%00%(upstream:short)%00%(objectname)%00%(upstream:track)%00%(upstream:remotename)%00%(upstream:remoteref) refs/heads/master refs/remotes/master [16ms]
2025-07-11 03:02:20.793 [info] > git status -z -uall [53ms]
