2025-07-01 23:34:39.259 [info] Reading sessions from keychain...
2025-07-01 23:34:39.259 [info] Getting sessions for all scopes...
2025-07-01 23:34:39.270 [info] Getting sessions for all scopes...
2025-07-01 23:34:39.350 [info] Getting sessions for read:user,repo,user:email,workflow...
2025-07-01 23:34:39.362 [info] Got 0 sessions for ...
2025-07-01 23:34:39.362 [info] Got 0 sessions for ...
2025-07-01 23:34:39.362 [info] Got 0 sessions for read:user,repo,user:email,workflow...
2025-07-01 23:34:42.246 [info] Logging in for the following scopes: read:user repo user:email workflow
2025-07-01 23:34:42.362 [info] Trying device code flow... (read:user repo user:email workflow)
2025-07-01 23:35:10.663 [info] Getting user info...
2025-07-01 23:35:10.880 [info] Got account info!
2025-07-01 23:35:10.880 [info] Storing 1 sessions...
2025-07-01 23:35:11.006 [info] Reading sessions from keychain...
2025-07-01 23:35:11.006 [info] Stored 1 sessions!
2025-07-01 23:35:11.006 [info] Login success!
2025-07-01 23:35:11.149 [info] Got stored sessions!
2025-07-01 23:35:11.149 [info] Got 1 verified sessions.
2025-07-01 23:39:01.713 [info] Getting sessions for read:user,repo,user:email,workflow...
2025-07-01 23:39:01.714 [info] Got 1 sessions for read:user,repo,user:email,workflow...
2025-07-01 23:56:03.329 [info] Getting sessions for read:user,repo,user:email,workflow...
2025-07-01 23:56:03.329 [info] Got 1 sessions for read:user,repo,user:email,workflow...
2025-07-01 23:58:37.633 [info] Getting sessions for read:user,repo,user:email,workflow...
2025-07-01 23:58:37.636 [info] Got 1 sessions for read:user,repo,user:email,workflow...
2025-07-01 23:59:43.737 [info] Getting sessions for read:user,repo,user:email,workflow...
2025-07-01 23:59:43.738 [info] Got 1 sessions for read:user,repo,user:email,workflow...
2025-07-02 00:02:26.999 [info] Getting sessions for read:user,repo,user:email,workflow...
2025-07-02 00:02:27.000 [info] Got 1 sessions for read:user,repo,user:email,workflow...
