2025-07-01 23:28:37.277 [info] Telemetry level is off
2025-07-01 23:28:37.277 [info] Experiments are disabled, only manually opted experiments are active.
2025-07-01 23:28:37.340 [info] Test server listening.
2025-07-01 23:28:37.361 [info] > conda info --json
2025-07-01 23:28:37.365 [info] Python interpreter path: /bin/python
2025-07-01 23:28:37.382 [info] Found: /bin/python --> /bin/python3.10
2025-07-01 23:28:37.384 [info] Found: /bin/python3 --> /bin/python3.10
2025-07-01 23:28:37.384 [info] Found: /bin/python3.10 --> /bin/python3.10
2025-07-01 23:28:37.385 [info] Found: /bin/python3.8 --> /bin/python3.8
2025-07-01 23:28:37.392 [info] Found: /usr/bin/python --> /usr/bin/python3.10
2025-07-01 23:28:37.393 [info] Found: /usr/bin/python3 --> /usr/bin/python3.10
2025-07-01 23:28:37.393 [info] Found: /usr/bin/python3.10 --> /usr/bin/python3.10
2025-07-01 23:28:37.393 [info] Found: /usr/bin/python3.8 --> /usr/bin/python3.8
2025-07-01 23:28:37.415 [info] > /bin/python -I /usr/local/lib/code-server-4.16.1/lib/vscode/extensions/ms-python.python-2023.12.0/pythonFiles/get_output_via_markers.py /usr/local/lib/code-server-4.16.1/lib/vscode/extensions/ms-python.python-2023.12.0/pythonFiles/interpreterInfo.py
2025-07-01 23:28:37.424 [info] > /bin/python3.8 -I /usr/local/lib/code-server-4.16.1/lib/vscode/extensions/ms-python.python-2023.12.0/pythonFiles/get_output_via_markers.py /usr/local/lib/code-server-4.16.1/lib/vscode/extensions/ms-python.python-2023.12.0/pythonFiles/interpreterInfo.py
2025-07-01 23:28:37.445 [info] > /usr/bin/python -I /usr/local/lib/code-server-4.16.1/lib/vscode/extensions/ms-python.python-2023.12.0/pythonFiles/get_output_via_markers.py /usr/local/lib/code-server-4.16.1/lib/vscode/extensions/ms-python.python-2023.12.0/pythonFiles/interpreterInfo.py
2025-07-01 23:28:37.451 [info] > /usr/bin/python3.8 -I /usr/local/lib/code-server-4.16.1/lib/vscode/extensions/ms-python.python-2023.12.0/pythonFiles/get_output_via_markers.py /usr/local/lib/code-server-4.16.1/lib/vscode/extensions/ms-python.python-2023.12.0/pythonFiles/interpreterInfo.py
2025-07-01 23:28:37.670 [warning] Retry failed, storage update failed for key PYTHON_GLOBAL_STORAGE_KEYS
2025-07-01 23:28:37.670 [warning] Retry failed, storage update failed for key PYTHON_GLOBAL_STORAGE_KEYS
2025-07-01 23:28:37.824 [warning] Retry failed, storage update failed for key PYTHON_GLOBAL_STORAGE_KEYS
2025-07-01 23:28:37.824 [warning] Retry failed, storage update failed for key PYTHON_GLOBAL_STORAGE_KEYS
2025-07-01 23:28:37.824 [warning] Retry failed, storage update failed for key PYTHON_GLOBAL_STORAGE_KEYS
2025-07-01 23:28:37.824 [warning] Retry failed, storage update failed for key PYTHON_GLOBAL_STORAGE_KEYS
2025-07-01 23:28:37.824 [warning] Retry failed, storage update failed for key PYTHON_GLOBAL_STORAGE_KEYS
2025-07-01 23:28:38.429 [info] Starting Jedi language server for labsuser.
2025-07-01 23:28:54.735 [info] Discover tests for workspace name: labsuser - uri: /home/labsuser/main.py
2025-07-01 23:28:55.012 [info] Discover tests for workspace name: labsuser - uri: /home/labsuser/.local/share/code-server/User/History/-42d434f9/Deof.py
2025-07-01 23:28:56.736 [info] Discover tests for workspace name: labsuser - uri: /home/labsuser/main.py
2025-07-01 23:28:57.003 [info] Discover tests for workspace name: labsuser - uri: /home/labsuser/.local/share/code-server/User/History/-42d434f9/Deof.py
2025-07-01 23:28:57.828 [info] Discover tests for workspace name: labsuser - uri: /home/labsuser/main.py
2025-07-01 23:28:59.926 [info] Discover tests for workspace name: labsuser - uri: /home/labsuser/main.py
2025-07-01 23:29:00.221 [info] Discover tests for workspace name: labsuser - uri: /home/labsuser/.local/share/code-server/User/History/-42d434f9/Deof.py
2025-07-01 23:29:57.148 [info] Discover tests for workspace name: labsuser - uri: /home/labsuser/main.py
2025-07-01 23:29:57.537 [info] Discover tests for workspace name: labsuser - uri: /home/labsuser/.local/share/code-server/User/History/-42d434f9/EC4U.py
2025-07-01 23:29:58.816 [info] Discover tests for workspace name: labsuser - uri: /home/labsuser/main.py
2025-07-01 23:29:59.155 [info] Discover tests for workspace name: labsuser - uri: /home/labsuser/.local/share/code-server/User/History/-42d434f9/EC4U.py
2025-07-01 23:30:01.567 [info] Discover tests for workspace name: labsuser - uri: /home/labsuser/.local/share/code-server/User/History/-42d434f9/EC4U.py
2025-07-01 23:30:03.439 [info] Discover tests for workspace name: labsuser - uri: /home/labsuser/main.py
2025-07-01 23:30:03.691 [info] Discover tests for workspace name: labsuser - uri: /home/labsuser/.local/share/code-server/User/History/-42d434f9/EC4U.py
2025-07-01 23:30:06.161 [info] Discover tests for workspace name: labsuser - uri: /home/labsuser/main.py
2025-07-01 23:30:06.455 [info] Discover tests for workspace name: labsuser - uri: /home/labsuser/.local/share/code-server/User/History/-42d434f9/KkVS.py
2025-07-01 23:30:08.651 [info] Discover tests for workspace name: labsuser - uri: /home/labsuser/main.py
2025-07-01 23:30:08.906 [info] Discover tests for workspace name: labsuser - uri: /home/labsuser/.local/share/code-server/User/History/-42d434f9/rIVh.py
2025-07-01 23:30:10.780 [info] Discover tests for workspace name: labsuser - uri: /home/labsuser/main.py
2025-07-01 23:30:11.051 [info] Discover tests for workspace name: labsuser - uri: /home/labsuser/.local/share/code-server/User/History/-42d434f9/rIVh.py
2025-07-01 23:30:12.910 [info] Discover tests for workspace name: labsuser - uri: /home/labsuser/.local/share/code-server/User/History/-42d434f9/rIVh.py
2025-07-01 23:30:34.297 [info] Discover tests for workspace name: labsuser - uri: /home/labsuser/main.py
2025-07-01 23:32:30.653 [info] Discover tests for workspace name: labsuser - uri: /home/labsuser/main.py
2025-07-01 23:32:30.936 [info] Discover tests for workspace name: labsuser - uri: /home/labsuser/.local/share/code-server/User/History/-42d434f9/J1YO.py
2025-07-01 23:32:32.178 [info] Discover tests for workspace name: labsuser - uri: /home/labsuser/main.py
2025-07-01 23:32:32.465 [info] Discover tests for workspace name: labsuser - uri: /home/labsuser/.local/share/code-server/User/History/-42d434f9/J1YO.py
2025-07-01 23:32:33.905 [info] Discover tests for workspace name: labsuser - uri: /home/labsuser/main.py
2025-07-01 23:32:34.174 [info] Discover tests for workspace name: labsuser - uri: /home/labsuser/.local/share/code-server/User/History/-42d434f9/J1YO.py
2025-07-01 23:32:36.560 [info] Discover tests for workspace name: labsuser - uri: /home/labsuser/.local/share/code-server/User/History/-42d434f9/J1YO.py
2025-07-01 23:32:40.503 [info] Discover tests for workspace name: labsuser - uri: /home/labsuser/.local/share/code-server/User/History/-42d434f9/J1YO.py
2025-07-01 23:32:42.704 [info] Discover tests for workspace name: labsuser - uri: /home/labsuser/main.py
2025-07-01 23:32:42.963 [info] Discover tests for workspace name: labsuser - uri: /home/labsuser/.local/share/code-server/User/History/-42d434f9/J1YO.py
2025-07-01 23:32:45.053 [info] Discover tests for workspace name: labsuser - uri: /home/labsuser/main.py
2025-07-01 23:35:53.940 [info] Discover tests for workspace name: labsuser - uri: /home/labsuser/test.py
2025-07-01 23:35:58.884 [info] Discover tests for workspace name: labsuser - uri: /home/labsuser/test.py
2025-07-01 23:35:59.204 [info] Discover tests for workspace name: labsuser - uri: /home/labsuser/.local/share/code-server/User/History/36da718e/Ttau.py
2025-07-01 23:36:00.898 [info] Discover tests for workspace name: labsuser - uri: /home/labsuser/test.py
2025-07-01 23:36:01.159 [info] Discover tests for workspace name: labsuser - uri: /home/labsuser/.local/share/code-server/User/History/36da718e/Ttau.py
2025-07-01 23:38:07.845 [info] Discover tests for workspace name: labsuser - uri: /home/labsuser/main.py
2025-07-01 23:38:08.111 [info] Discover tests for workspace name: labsuser - uri: /home/labsuser/.local/share/code-server/User/History/-42d434f9/I7vZ.py
2025-07-01 23:38:13.771 [info] Discover tests for workspace name: labsuser - uri: /home/labsuser/.local/share/code-server/User/History/36da718e/zeh1.py
2025-07-01 23:38:18.076 [info] Discover tests for workspace name: labsuser - uri: /home/labsuser/test.py
2025-07-01 23:38:18.347 [info] Discover tests for workspace name: labsuser - uri: /home/labsuser/.local/share/code-server/User/History/36da718e/zeh1.py
2025-07-01 23:38:19.097 [info] Discover tests for workspace name: labsuser - uri: /home/labsuser/test.py
2025-07-01 23:48:37.088 [info] Discover tests for workspace name: labsuser - uri: /home/labsuser/test.py
2025-07-01 23:52:08.005 [info] Discover tests for workspace name: labsuser - uri: /home/labsuser/test2.py
2025-07-01 23:52:14.031 [info] Discover tests for workspace name: labsuser - uri: /home/labsuser/.local/share/code-server/User/History/-5b8b66b2/14hw.py
2025-07-01 23:52:15.140 [info] Discover tests for workspace name: labsuser - uri: /home/labsuser/.local/share/code-server/User/History/-5b8b66b2/14hw.py
2025-07-01 23:52:17.782 [info] Discover tests for workspace name: labsuser - uri: /home/labsuser/.local/share/code-server/User/History/-5b8b66b2/14hw.py
2025-07-01 23:52:19.924 [info] Discover tests for workspace name: labsuser - uri: /home/labsuser/.local/share/code-server/User/History/-5b8b66b2/14hw.py
2025-07-01 23:57:13.009 [info] Discover tests for workspace name: labsuser - uri: /home/labsuser/test2.py
2025-07-01 23:57:13.262 [info] Discover tests for workspace name: labsuser - uri: /home/labsuser/.local/share/code-server/User/History/-5b8b66b2/Xp7s.py
2025-07-01 23:57:17.018 [info] Discover tests for workspace name: labsuser - uri: /home/labsuser/test2.py
2025-07-01 23:57:17.289 [info] Discover tests for workspace name: labsuser - uri: /home/labsuser/.local/share/code-server/User/History/-5b8b66b2/Xp7s.py
2025-07-01 23:57:18.182 [info] Discover tests for workspace name: labsuser - uri: /home/labsuser/test2.py
2025-07-01 23:57:19.864 [info] Discover tests for workspace name: labsuser - uri: /home/labsuser/.local/share/code-server/User/History/-5b8b66b2/Xp7s.py
2025-07-01 23:57:34.982 [info] Discover tests for workspace name: labsuser - uri: /home/labsuser/test2.py
2025-07-01 23:57:35.264 [info] Discover tests for workspace name: labsuser - uri: /home/labsuser/.local/share/code-server/User/History/-5b8b66b2/MeOp.py
2025-07-01 23:57:36.200 [info] Discover tests for workspace name: labsuser - uri: /home/labsuser/test2.py
2025-07-01 23:58:48.698 [info] Discover tests for workspace name: labsuser - uri: /home/labsuser/test2.py
2025-07-01 23:58:49.241 [info] Discover tests for workspace name: labsuser - uri: /home/labsuser/test2.py
2025-07-02 00:00:21.191 [info] Discover tests for workspace name: labsuser - uri: /home/labsuser/pipeline1.py
2025-07-02 00:00:29.881 [info] Discover tests for workspace name: labsuser - uri: /home/labsuser/.local/share/code-server/User/History/185fef7f/kniK.py
2025-07-02 00:00:31.342 [info] Discover tests for workspace name: labsuser - uri: /home/labsuser/pipeline1.py
2025-07-02 00:00:31.639 [info] Discover tests for workspace name: labsuser - uri: /home/labsuser/.local/share/code-server/User/History/185fef7f/kniK.py
2025-07-02 00:00:32.326 [info] Discover tests for workspace name: labsuser - uri: /home/labsuser/pipeline1.py
2025-07-02 00:00:36.149 [info] Discover tests for workspace name: labsuser - uri: /home/labsuser/.local/share/code-server/User/History/185fef7f/kniK.py
2025-07-02 00:00:36.942 [info] Discover tests for workspace name: labsuser - uri: /home/labsuser/pipeline1.py
2025-07-02 00:00:38.694 [info] Discover tests for workspace name: labsuser - uri: /home/labsuser/pipeline1.py
2025-07-02 00:00:39.117 [info] Discover tests for workspace name: labsuser - uri: /home/labsuser/pipeline1.py
2025-07-02 00:01:34.006 [info] Discover tests for workspace name: labsuser - uri: /home/labsuser/pipeline1.py
2025-07-02 00:01:34.444 [info] Discover tests for workspace name: labsuser - uri: /home/labsuser/pipeline1.py
2025-07-02 00:01:34.962 [info] Discover tests for workspace name: labsuser - uri: /home/labsuser/pipeline1.py
