2025-07-11 03:02:30.318 [info] Log level: Info
2025-07-11 03:02:30.318 [info] Validating found git in: "git"
2025-07-11 03:02:30.318 [info] Using git "2.25.1" from "git"
2025-07-11 03:02:30.318 [info] > git rev-parse --show-toplevel [29ms]
2025-07-11 03:02:30.318 [info] > git rev-parse --git-dir --git-common-dir [5ms]
2025-07-11 03:02:30.318 [info] Open repository: /home/labsuser
2025-07-11 03:02:30.318 [info] > git rev-parse --show-toplevel [484ms]
2025-07-11 03:02:30.318 [info] > git config --get commit.template [11ms]
2025-07-11 03:02:30.318 [info] No remotes found in the git config file.
2025-07-11 03:02:30.318 [info] > git rev-parse --show-toplevel [9ms]
2025-07-11 03:02:30.318 [info] > git rev-parse --show-toplevel [12ms]
2025-07-11 03:02:30.318 [info] > git for-each-ref --format=%(refname)%00%(upstream:short)%00%(objectname)%00%(upstream:track)%00%(upstream:remotename)%00%(upstream:remoteref) refs/heads/master refs/remotes/master [24ms]
2025-07-11 03:02:30.318 [info] > git rev-parse --show-toplevel [8ms]
2025-07-11 03:02:30.318 [info] > git rev-parse --show-toplevel [8ms]
2025-07-11 03:02:30.376 [info] > git status -z -uall [129ms]
2025-07-11 03:02:30.403 [info] No remotes found in the git config file.
2025-07-11 03:02:30.404 [info] > git config --get commit.template [11ms]
2025-07-11 03:02:30.472 [info] > git for-each-ref --format=%(refname)%00%(upstream:short)%00%(objectname)%00%(upstream:track)%00%(upstream:remotename)%00%(upstream:remoteref) refs/heads/master refs/remotes/master [69ms]
2025-07-11 03:02:30.789 [info] > git status -z -uall [306ms]
2025-07-11 03:02:30.798 [info] > git check-ignore -v -z --stdin [10ms]
2025-07-11 03:02:31.009 [info] > git show --textconv :main.py [18ms]
2025-07-11 03:02:31.013 [info] > git ls-files --stage -- /home/labsuser/main.py [12ms]
2025-07-11 03:02:31.032 [info] > git cat-file -s b23de9da899815136d4a0984aaf67fabd448f116 [10ms]
