2025-07-01 02:31:30.863 [info] Telemetry level is off
2025-07-01 02:31:30.863 [info] Experiments are disabled, only manually opted experiments are active.
2025-07-01 02:31:30.863 [info] Test server listening.
2025-07-01 02:31:30.863 [info] > conda info --json
2025-07-01 02:31:30.863 [info] Found: /bin/python --> /bin/python3.10
2025-07-01 02:31:30.863 [info] Found: /bin/python3 --> /bin/python3.10
2025-07-01 02:31:30.863 [info] Found: /bin/python3.10 --> /bin/python3.10
2025-07-01 02:31:30.863 [info] Found: /bin/python3.8 --> /bin/python3.8
2025-07-01 02:31:30.865 [info] Found: /usr/bin/python --> /usr/bin/python3.10
2025-07-01 02:31:30.868 [info] Found: /usr/bin/python3 --> /usr/bin/python3.10
2025-07-01 02:31:30.868 [info] Found: /usr/bin/python3.10 --> /usr/bin/python3.10
2025-07-01 02:31:30.868 [info] Found: /usr/bin/python3.8 --> /usr/bin/python3.8
2025-07-01 02:31:30.887 [info] > /bin/python -I /usr/local/lib/code-server-4.16.1/lib/vscode/extensions/ms-python.python-2023.12.0/pythonFiles/get_output_via_markers.py /usr/local/lib/code-server-4.16.1/lib/vscode/extensions/ms-python.python-2023.12.0/pythonFiles/interpreterInfo.py
2025-07-01 02:31:30.903 [info] > /bin/python3.8 -I /usr/local/lib/code-server-4.16.1/lib/vscode/extensions/ms-python.python-2023.12.0/pythonFiles/get_output_via_markers.py /usr/local/lib/code-server-4.16.1/lib/vscode/extensions/ms-python.python-2023.12.0/pythonFiles/interpreterInfo.py
2025-07-01 02:31:30.934 [info] > /usr/bin/python -I /usr/local/lib/code-server-4.16.1/lib/vscode/extensions/ms-python.python-2023.12.0/pythonFiles/get_output_via_markers.py /usr/local/lib/code-server-4.16.1/lib/vscode/extensions/ms-python.python-2023.12.0/pythonFiles/interpreterInfo.py
2025-07-01 02:31:30.942 [info] > /usr/bin/python3.8 -I /usr/local/lib/code-server-4.16.1/lib/vscode/extensions/ms-python.python-2023.12.0/pythonFiles/get_output_via_markers.py /usr/local/lib/code-server-4.16.1/lib/vscode/extensions/ms-python.python-2023.12.0/pythonFiles/interpreterInfo.py
2025-07-01 02:31:30.972 [info] Python interpreter path: /bin/python
2025-07-01 02:31:31.067 [warning] Retry failed, storage update failed for key PYTHON_GLOBAL_STORAGE_KEYS
2025-07-01 02:31:31.176 [warning] Retry failed, storage update failed for key PYTHON_GLOBAL_STORAGE_KEYS
2025-07-01 02:31:31.176 [warning] Retry failed, storage update failed for key PYTHON_GLOBAL_STORAGE_KEYS
2025-07-01 02:31:31.176 [warning] Retry failed, storage update failed for key PYTHON_GLOBAL_STORAGE_KEYS
2025-07-01 02:31:31.176 [warning] Retry failed, storage update failed for key PYTHON_GLOBAL_STORAGE_KEYS
2025-07-01 02:31:31.176 [warning] Retry failed, storage update failed for key PYTHON_GLOBAL_STORAGE_KEYS
2025-07-01 02:31:31.176 [warning] Retry failed, storage update failed for key PYTHON_GLOBAL_STORAGE_KEYS
2025-07-01 02:31:31.176 [warning] Retry failed, storage update failed for key PYTHON_WORKSPACE_STORAGE_KEYS
2025-07-01 02:31:31.176 [warning] Retry failed, storage update failed for key PYTHON_WORKSPACE_STORAGE_KEYS
2025-07-01 02:31:31.176 [warning] Retry failed, storage update failed for key PYTHON_WORKSPACE_STORAGE_KEYS
2025-07-01 02:31:31.265 [warning] Retry failed, storage update failed for key PYTHON_GLOBAL_STORAGE_KEYS
2025-07-01 02:31:31.265 [warning] Retry failed, storage update failed for key PYTHON_GLOBAL_STORAGE_KEYS
2025-07-01 02:31:32.154 [info] Starting Jedi language server for labsuser.
