2025-07-11 03:02:53.097 [info] Log level: Info
2025-07-11 03:02:53.097 [info] Validating found git in: "git"
2025-07-11 03:02:53.097 [info] Using git "2.25.1" from "git"
2025-07-11 03:02:53.097 [info] > git rev-parse --show-toplevel [4ms]
2025-07-11 03:02:53.097 [info] fatal: not a git repository (or any parent up to mount point /home)
Stopping at filesystem boundary (GIT_DISCOVERY_ACROSS_FILESYSTEM not set).
2025-07-11 03:02:53.097 [info] > git rev-parse --show-toplevel [5ms]
2025-07-11 03:02:53.097 [info] fatal: not a git repository (or any parent up to mount point /home)
Stopping at filesystem boundary (GIT_DISCOVERY_ACROSS_FILESYSTEM not set).
2025-07-11 03:02:53.097 [info] > git rev-parse --show-toplevel [2ms]
2025-07-11 03:02:53.097 [info] fatal: not a git repository (or any parent up to mount point /home)
Stopping at filesystem boundary (GIT_DISCOVERY_ACROSS_FILESYSTEM not set).
2025-07-11 03:02:53.097 [info] > git rev-parse --show-toplevel [3ms]
2025-07-11 03:02:53.101 [info] fatal: not a git repository (or any parent up to mount point /home)
Stopping at filesystem boundary (GIT_DISCOVERY_ACROSS_FILESYSTEM not set).
2025-07-11 03:02:53.101 [info] > git rev-parse --show-toplevel [2ms]
2025-07-11 03:02:53.101 [info] fatal: not a git repository (or any parent up to mount point /home)
Stopping at filesystem boundary (GIT_DISCOVERY_ACROSS_FILESYSTEM not set).
2025-07-11 03:03:39.847 [info] > git rev-parse --show-toplevel [14ms]
2025-07-11 03:03:39.848 [info] fatal: not a git repository (or any parent up to mount point /home)
Stopping at filesystem boundary (GIT_DISCOVERY_ACROSS_FILESYSTEM not set).
