2025-07-11 03:03:11.629 [info] Telemetry level is off
2025-07-11 03:03:11.629 [info] Experiments are disabled, only manually opted experiments are active.
2025-07-11 03:03:11.629 [info] Test server listening.
2025-07-11 03:03:11.629 [info] > conda info --json
2025-07-11 03:03:11.629 [info] Found: /bin/python --> /bin/python3.10
2025-07-11 03:03:11.630 [info] Found: /bin/python3 --> /bin/python3.10
2025-07-11 03:03:11.633 [info] Found: /bin/python3.10 --> /bin/python3.10
2025-07-11 03:03:11.635 [info] Found: /bin/python3.8 --> /bin/python3.8
2025-07-11 03:03:11.644 [info] Found: /usr/bin/python --> /usr/bin/python3.10
2025-07-11 03:03:11.644 [info] Found: /usr/bin/python3 --> /usr/bin/python3.10
2025-07-11 03:03:11.648 [info] Found: /usr/bin/python3.10 --> /usr/bin/python3.10
2025-07-11 03:03:11.648 [info] Found: /usr/bin/python3.8 --> /usr/bin/python3.8
2025-07-11 03:03:11.677 [info] > /bin/python -I /usr/local/lib/code-server-4.16.1/lib/vscode/extensions/ms-python.python-2023.12.0/pythonFiles/get_output_via_markers.py /usr/local/lib/code-server-4.16.1/lib/vscode/extensions/ms-python.python-2023.12.0/pythonFiles/interpreterInfo.py
2025-07-11 03:03:11.692 [info] > /bin/python3.8 -I /usr/local/lib/code-server-4.16.1/lib/vscode/extensions/ms-python.python-2023.12.0/pythonFiles/get_output_via_markers.py /usr/local/lib/code-server-4.16.1/lib/vscode/extensions/ms-python.python-2023.12.0/pythonFiles/interpreterInfo.py
2025-07-11 03:03:11.719 [info] > /usr/bin/python -I /usr/local/lib/code-server-4.16.1/lib/vscode/extensions/ms-python.python-2023.12.0/pythonFiles/get_output_via_markers.py /usr/local/lib/code-server-4.16.1/lib/vscode/extensions/ms-python.python-2023.12.0/pythonFiles/interpreterInfo.py
2025-07-11 03:03:11.774 [info] > /usr/bin/python3.8 -I /usr/local/lib/code-server-4.16.1/lib/vscode/extensions/ms-python.python-2023.12.0/pythonFiles/get_output_via_markers.py /usr/local/lib/code-server-4.16.1/lib/vscode/extensions/ms-python.python-2023.12.0/pythonFiles/interpreterInfo.py
2025-07-11 03:03:11.831 [info] Python interpreter path: /bin/python
2025-07-11 03:03:11.888 [warning] Retry failed, storage update failed for key PYTHON_GLOBAL_STORAGE_KEYS
2025-07-11 03:03:12.027 [warning] Retry failed, storage update failed for key PYTHON_GLOBAL_STORAGE_KEYS
2025-07-11 03:03:12.027 [warning] Retry failed, storage update failed for key PYTHON_GLOBAL_STORAGE_KEYS
2025-07-11 03:03:12.027 [warning] Retry failed, storage update failed for key PYTHON_GLOBAL_STORAGE_KEYS
2025-07-11 03:03:12.027 [warning] Retry failed, storage update failed for key PYTHON_GLOBAL_STORAGE_KEYS
2025-07-11 03:03:12.027 [warning] Retry failed, storage update failed for key PYTHON_GLOBAL_STORAGE_KEYS
2025-07-11 03:03:12.027 [warning] Retry failed, storage update failed for key PYTHON_GLOBAL_STORAGE_KEYS
2025-07-11 03:03:12.027 [warning] Retry failed, storage update failed for key PYTHON_WORKSPACE_STORAGE_KEYS
2025-07-11 03:03:12.027 [warning] Retry failed, storage update failed for key PYTHON_WORKSPACE_STORAGE_KEYS
2025-07-11 03:03:12.027 [warning] Retry failed, storage update failed for key PYTHON_WORKSPACE_STORAGE_KEYS
2025-07-11 03:03:12.169 [warning] Retry failed, storage update failed for key PYTHON_GLOBAL_STORAGE_KEYS
2025-07-11 03:03:12.169 [warning] Retry failed, storage update failed for key PYTHON_GLOBAL_STORAGE_KEYS
2025-07-11 03:03:12.831 [info] Starting Jedi language server for labsuser.
2025-07-11 03:03:17.160 [info] Discover tests for workspace name: labsuser - uri: /home/labsuser/loaders.py
2025-07-11 03:03:32.830 [info] Discover tests for workspace name: labsuser - uri: /home/labsuser/sklearn_crypto_pipeline.py
2025-07-11 03:04:42.396 [info] Discover tests for workspace name: labsuser - uri: /home/labsuser/sklearn_crypto_pipeline.py
2025-07-11 03:04:44.003 [info] Discover tests for workspace name: labsuser - uri: /home/labsuser/.local/share/code-server/User/History/bcea36a/2mpi.py
2025-07-11 03:04:58.274 [info] > /bin/python /usr/local/lib/code-server-4.16.1/lib/vscode/extensions/ms-python.python-2023.12.0/pythonFiles/normalizeSelection.py
2025-07-11 03:04:58.618 [info] Send text to terminal: /bin/python
2025-07-11 03:04:58.812 [info] Discover tests for workspace name: labsuser - uri: /home/labsuser/.local/share/code-server/User/History/7da7f8d7/fCBL.py
2025-07-11 03:04:59.618 [info] Send text to terminal: return True

2025-07-11 03:05:01.414 [info] Discover tests for workspace name: labsuser - uri: /home/labsuser/loaders.py
2025-07-11 03:05:01.669 [info] Discover tests for workspace name: labsuser - uri: /home/labsuser/.local/share/code-server/User/History/7da7f8d7/XUhV.py
2025-07-11 03:05:03.295 [info] Discover tests for workspace name: labsuser - uri: /home/labsuser/loaders.py
2025-07-11 03:05:11.336 [info] Discover tests for workspace name: labsuser - uri: /home/labsuser/loaders.py
2025-07-11 03:05:33.167 [info] Discover tests for workspace name: labsuser - uri: /home/labsuser/main.py
2025-07-11 03:05:33.452 [info] Discover tests for workspace name: labsuser - uri: /home/labsuser/.local/share/code-server/User/History/1ea5517e/8xER.py
2025-07-11 03:05:35.373 [info] Discover tests for workspace name: labsuser - uri: /home/labsuser/.local/share/code-server/User/History/1ea5517e/KQM4.py
2025-07-11 03:05:39.488 [info] Discover tests for workspace name: labsuser - uri: /home/labsuser/.local/share/code-server/User/History/1ea5517e/ETjc.py
2025-07-11 03:05:40.409 [info] Discover tests for workspace name: labsuser - uri: /home/labsuser/main.py
2025-07-11 03:05:43.941 [info] Discover tests for workspace name: labsuser - uri: /home/labsuser/.local/share/code-server/User/History/1ea5517e/WEeI.py
2025-07-11 03:05:45.775 [info] Discover tests for workspace name: labsuser - uri: /home/labsuser/.local/share/code-server/User/History/1ea5517e/WEeI.py
2025-07-11 03:05:47.187 [info] Discover tests for workspace name: labsuser - uri: /home/labsuser/.local/share/code-server/User/History/1ea5517e/Yb7z.py
2025-07-11 03:05:48.693 [info] Discover tests for workspace name: labsuser - uri: /home/labsuser/main.py
2025-07-11 03:05:48.945 [info] Discover tests for workspace name: labsuser - uri: /home/labsuser/.local/share/code-server/User/History/1ea5517e/ywGN.py
2025-07-11 03:06:44.979 [info] Running installed packages checker:  python /usr/local/lib/code-server-4.16.1/lib/vscode/extensions/ms-python.python-2023.12.0/pythonFiles/installed_check.py /home/labsuser/requirements.txt
2025-07-11 03:07:27.955 [info] Running installed packages checker:  python /usr/local/lib/code-server-4.16.1/lib/vscode/extensions/ms-python.python-2023.12.0/pythonFiles/installed_check.py /home/labsuser/requirements.txt
